[+] Containers:
 |- [+] Container: /Game/Scenes/Bartosz
 |   |- [+] ActorDescs:
 |   |   |- Guid:064E5FAC4ED76359DFD329AE65115B3C BaseClass:/Game/Blueprints/Objects/Grass.Grass_C NativeClass:/Script/Engine.Actor Name:NewBlueprint_C_UAID_8C8CAAAC26B83D4F01_1498292338 Label:NewBlueprint7 SpatiallyLoaded:1 Bounds:IsValid=true, Min=(X=1383.625 Y=1510.869 Z=-59.124), Max=(X=1989.935 Y=2149.690 Z=94.760) RuntimeGrid:None EditorOnly:0 RuntimeOnly:0 HLODRelevant:0
 |   |   |- Guid:09E6317C4AD46A5E74C9FFADEF538EF2 BaseClass: NativeClass:/Script/Engine.PostProcessVolume Name:PostProcessVolume_0 Label:PostProcessVolume SpatiallyLoaded:0 Bounds:IsValid=true, Min=(X=0.000 Y=0.000 Z=400.000), Max=(X=200.000 Y=200.000 Z=600.000) RuntimeGrid:None EditorOnly:0 RuntimeOnly:0 HLODRelevant:0 FolderPath:Lighting FolderGuid:963EC3EB4002CCE9759E2EBA541A873A
 |   |   |- Guid:31DD84594079F49FBCA02E9609D67BFE BaseClass: NativeClass:/Script/Engine.WorldDataLayers Name:WorldDataLayers Label:WorldDataLayers SpatiallyLoaded:0 Bounds:IsValid=true, Min=(X=0.000 Y=0.000 Z=0.000), Max=(X=0.000 Y=0.000 Z=0.000) RuntimeGrid:None EditorOnly:0 RuntimeOnly:0 HLODRelevant:0
 |   |   |- Guid:44ED670D4B1EDED8D42BA1946E400BF5 BaseClass: NativeClass:/Script/Engine.SkyAtmosphere Name:SkyAtmosphere_0 Label:SkyAtmosphere SpatiallyLoaded:0 Bounds:IsValid=true, Min=(X=0.000 Y=0.000 Z=1020.000), Max=(X=0.000 Y=0.000 Z=1020.000) RuntimeGrid:None EditorOnly:0 RuntimeOnly:0 HLODRelevant:0 FolderPath:Lighting FolderGuid:963EC3EB4002CCE9759E2EBA541A873A
 |   |   |- Guid:533C9A0E440E5ADD58343C8A5B4D0921 BaseClass: NativeClass:/Script/Engine.SkyLight Name:SkyLight_1 Label:SkyLight SpatiallyLoaded:0 Bounds:IsValid=true, Min=(X=0.000 Y=0.000 Z=690.000), Max=(X=0.000 Y=0.000 Z=690.000) RuntimeGrid:None EditorOnly:0 RuntimeOnly:0 HLODRelevant:0 FolderPath:Lighting FolderGuid:963EC3EB4002CCE9759E2EBA541A873A
 |   |   |- Guid:65F785F94F31FF2AD32AFAA2F5A12EDF BaseClass:/Game/Blueprints/Objects/NewBlueprint.NewBlueprint_C NativeClass:/Script/Engine.Actor Name:NewBlueprint_C_UAID_8C8CAAAC26B83C4F01_1964459146 Label:NewBlueprint SpatiallyLoaded:1 Bounds:IsValid=true, Min=(X=1923.629 Y=1131.332 Z=-77.500), Max=(X=2336.371 Y=1528.668 Z=-2.500) RuntimeGrid:None EditorOnly:0 RuntimeOnly:0 HLODRelevant:0
 |   |   |- Guid:8B902EB5412193B705B7EFB031C31823 BaseClass:/Game/Blueprints/Objects/Muud.Muud_C NativeClass:/Script/Engine.Actor Name:Muud_C_UAID_8C8CAAAC26B83D4F01_1178665323 Label:Muud SpatiallyLoaded:1 Bounds:IsValid=true, Min=(X=-224.360 Y=-193.222 Z=-120.000), Max=(X=4784.360 Y=3153.222 Z=-20.000) RuntimeGrid:None EditorOnly:0 RuntimeOnly:0 HLODRelevant:0
 |   |   |- Guid:A13021204AE45CC2F0128F8EC996B593 BaseClass:/Game/Blueprints/TriggerWin.TriggerWin_C NativeClass:/Script/Engine.Actor Name:TriggerWin_C_UAID_F875A4315763304F01_2146477033 Label:TriggerWin SpatiallyLoaded:1 Bounds:IsValid=true, Min=(X=2564.000 Y=1544.000 Z=-46.000), Max=(X=2756.000 Y=1736.000 Z=146.000) RuntimeGrid:None EditorOnly:0 RuntimeOnly:0 HLODRelevant:0
 |   |   |- Guid:D50F9CFC43CBA9AC44BA92ACB3761CAD BaseClass: NativeClass:/Script/Engine.ExponentialHeightFog Name:ExponentialHeightFog_0 Label:ExponentialHeightFog SpatiallyLoaded:0 Bounds:IsValid=true, Min=(X=-5600.000 Y=-50.000 Z=-6850.000), Max=(X=-5600.000 Y=-50.000 Z=-6850.000) RuntimeGrid:None EditorOnly:0 RuntimeOnly:0 HLODRelevant:0 FolderPath:Lighting FolderGuid:963EC3EB4002CCE9759E2EBA541A873A
 |   |   |- Guid:F98CBB264490409BB3E76C9E70D210D6 BaseClass: NativeClass:/Script/Engine.VolumetricCloud Name:VolumetricCloud_0 Label:VolumetricCloud SpatiallyLoaded:0 Bounds:IsValid=true, Min=(X=0.000 Y=0.000 Z=820.000), Max=(X=0.000 Y=0.000 Z=820.000) RuntimeGrid:None EditorOnly:0 RuntimeOnly:0 HLODRelevant:0 FolderPath:Lighting FolderGuid:963EC3EB4002CCE9759E2EBA541A873A
 |   |   |- Guid:FDF894CD448165EF9E844D898DF03CD6 BaseClass: NativeClass:/Script/Engine.DirectionalLight Name:DirectionalLight_0 Label:DirectionalLight SpatiallyLoaded:0 Bounds:IsValid=true, Min=(X=-4398046511104.000 Y=-4398046511104.000 Z=-4398046511104.000), Max=(X=4398046511104.000 Y=4398046511104.000 Z=4398046511104.000) RuntimeGrid:None EditorOnly:0 RuntimeOnly:0 HLODRelevant:0 FolderPath:Lighting FolderGuid:963EC3EB4002CCE9759E2EBA541A873A
 |   |   |- Guid:FEEBEEF34C9D3B2B356A4C85724EC0FF BaseClass: NativeClass:/Script/Engine.PlayerStart Name:PlayerStart_0 Label:PlayerStart SpatiallyLoaded:0 Bounds:IsValid=true, Min=(X=860.000 Y=940.000 Z=0.013), Max=(X=940.000 Y=1020.000 Z=184.013) RuntimeGrid:None EditorOnly:0 RuntimeOnly:0 HLODRelevant:0
 |   |- [+] Clusters:
 |   |   |- [+] [  0]
 |   |   |   |- Guid:F98CBB264490409BB3E76C9E70D210D6 BaseClass: NativeClass:/Script/Engine.VolumetricCloud Name:VolumetricCloud_0 Label:VolumetricCloud SpatiallyLoaded:0 Bounds:IsValid=true, Min=(X=0.000 Y=0.000 Z=820.000), Max=(X=0.000 Y=0.000 Z=820.000) RuntimeGrid:None EditorOnly:0 RuntimeOnly:0 HLODRelevant:0 FolderPath:Lighting FolderGuid:963EC3EB4002CCE9759E2EBA541A873A
 |   |   |- [+] [  1]
 |   |   |   |- Guid:09E6317C4AD46A5E74C9FFADEF538EF2 BaseClass: NativeClass:/Script/Engine.PostProcessVolume Name:PostProcessVolume_0 Label:PostProcessVolume SpatiallyLoaded:0 Bounds:IsValid=true, Min=(X=0.000 Y=0.000 Z=400.000), Max=(X=200.000 Y=200.000 Z=600.000) RuntimeGrid:None EditorOnly:0 RuntimeOnly:0 HLODRelevant:0 FolderPath:Lighting FolderGuid:963EC3EB4002CCE9759E2EBA541A873A
 |   |   |- [+] [  2]
 |   |   |   |- Guid:D50F9CFC43CBA9AC44BA92ACB3761CAD BaseClass: NativeClass:/Script/Engine.ExponentialHeightFog Name:ExponentialHeightFog_0 Label:ExponentialHeightFog SpatiallyLoaded:0 Bounds:IsValid=true, Min=(X=-5600.000 Y=-50.000 Z=-6850.000), Max=(X=-5600.000 Y=-50.000 Z=-6850.000) RuntimeGrid:None EditorOnly:0 RuntimeOnly:0 HLODRelevant:0 FolderPath:Lighting FolderGuid:963EC3EB4002CCE9759E2EBA541A873A
 |   |   |- [+] [  3]
 |   |   |   |- Guid:533C9A0E440E5ADD58343C8A5B4D0921 BaseClass: NativeClass:/Script/Engine.SkyLight Name:SkyLight_1 Label:SkyLight SpatiallyLoaded:0 Bounds:IsValid=true, Min=(X=0.000 Y=0.000 Z=690.000), Max=(X=0.000 Y=0.000 Z=690.000) RuntimeGrid:None EditorOnly:0 RuntimeOnly:0 HLODRelevant:0 FolderPath:Lighting FolderGuid:963EC3EB4002CCE9759E2EBA541A873A
 |   |   |- [+] [  4]
 |   |   |   |- Guid:44ED670D4B1EDED8D42BA1946E400BF5 BaseClass: NativeClass:/Script/Engine.SkyAtmosphere Name:SkyAtmosphere_0 Label:SkyAtmosphere SpatiallyLoaded:0 Bounds:IsValid=true, Min=(X=0.000 Y=0.000 Z=1020.000), Max=(X=0.000 Y=0.000 Z=1020.000) RuntimeGrid:None EditorOnly:0 RuntimeOnly:0 HLODRelevant:0 FolderPath:Lighting FolderGuid:963EC3EB4002CCE9759E2EBA541A873A
 |   |   |- [+] [  5]
 |   |   |   |- Guid:31DD84594079F49FBCA02E9609D67BFE BaseClass: NativeClass:/Script/Engine.WorldDataLayers Name:WorldDataLayers Label:WorldDataLayers SpatiallyLoaded:0 Bounds:IsValid=true, Min=(X=0.000 Y=0.000 Z=0.000), Max=(X=0.000 Y=0.000 Z=0.000) RuntimeGrid:None EditorOnly:0 RuntimeOnly:0 HLODRelevant:0
 |   |   |- [+] [  6]
 |   |   |   |- Guid:FEEBEEF34C9D3B2B356A4C85724EC0FF BaseClass: NativeClass:/Script/Engine.PlayerStart Name:PlayerStart_0 Label:PlayerStart SpatiallyLoaded:0 Bounds:IsValid=true, Min=(X=860.000 Y=940.000 Z=0.013), Max=(X=940.000 Y=1020.000 Z=184.013) RuntimeGrid:None EditorOnly:0 RuntimeOnly:0 HLODRelevant:0
 |   |   |- [+] [  7]
 |   |   |   |- Guid:FDF894CD448165EF9E844D898DF03CD6 BaseClass: NativeClass:/Script/Engine.DirectionalLight Name:DirectionalLight_0 Label:DirectionalLight SpatiallyLoaded:0 Bounds:IsValid=true, Min=(X=-4398046511104.000 Y=-4398046511104.000 Z=-4398046511104.000), Max=(X=4398046511104.000 Y=4398046511104.000 Z=4398046511104.000) RuntimeGrid:None EditorOnly:0 RuntimeOnly:0 HLODRelevant:0 FolderPath:Lighting FolderGuid:963EC3EB4002CCE9759E2EBA541A873A
 |   |   |- [+] [  8]
 |   |   |   |- Guid:A13021204AE45CC2F0128F8EC996B593 BaseClass:/Game/Blueprints/TriggerWin.TriggerWin_C NativeClass:/Script/Engine.Actor Name:TriggerWin_C_UAID_F875A4315763304F01_2146477033 Label:TriggerWin SpatiallyLoaded:1 Bounds:IsValid=true, Min=(X=2564.000 Y=1544.000 Z=-46.000), Max=(X=2756.000 Y=1736.000 Z=146.000) RuntimeGrid:None EditorOnly:0 RuntimeOnly:0 HLODRelevant:0
 |   |   |- [+] [  9]
 |   |   |   |- Guid:65F785F94F31FF2AD32AFAA2F5A12EDF BaseClass:/Game/Blueprints/Objects/NewBlueprint.NewBlueprint_C NativeClass:/Script/Engine.Actor Name:NewBlueprint_C_UAID_8C8CAAAC26B83C4F01_1964459146 Label:NewBlueprint SpatiallyLoaded:1 Bounds:IsValid=true, Min=(X=1923.629 Y=1131.332 Z=-77.500), Max=(X=2336.371 Y=1528.668 Z=-2.500) RuntimeGrid:None EditorOnly:0 RuntimeOnly:0 HLODRelevant:0
 |   |   |- [+] [ 10]
 |   |   |   |- Guid:8B902EB5412193B705B7EFB031C31823 BaseClass:/Game/Blueprints/Objects/Muud.Muud_C NativeClass:/Script/Engine.Actor Name:Muud_C_UAID_8C8CAAAC26B83D4F01_1178665323 Label:Muud SpatiallyLoaded:1 Bounds:IsValid=true, Min=(X=-224.360 Y=-193.222 Z=-120.000), Max=(X=4784.360 Y=3153.222 Z=-20.000) RuntimeGrid:None EditorOnly:0 RuntimeOnly:0 HLODRelevant:0
 |   |   |- [+] [ 11]
 |   |   |   |- Guid:064E5FAC4ED76359DFD329AE65115B3C BaseClass:/Game/Blueprints/Objects/Grass.Grass_C NativeClass:/Script/Engine.Actor Name:NewBlueprint_C_UAID_8C8CAAAC26B83D4F01_1498292338 Label:NewBlueprint7 SpatiallyLoaded:1 Bounds:IsValid=true, Min=(X=1383.625 Y=1510.869 Z=-59.124), Max=(X=1989.935 Y=2149.690 Z=94.760) RuntimeGrid:None EditorOnly:0 RuntimeOnly:0 HLODRelevant:0
 |- ContainerInstances:
 |- [+] MainContainer:
 |   |-        ID: 0x0000000000000000
 |   |-    Bounds: IsValid=false, Min=(X=0.000 Y=0.000 Z=0.000), Max=(X=0.000 Y=0.000 Z=0.000)
 |   |- Transform: 0.000000,0.000000,0.000000|0.000000,0.000000,-0.000000|1.000000,1.000000,1.000000
 |   |- Container: /Game/Scenes/Bartosz
----------------------------------------------------------------------------------------------------------------
Bartosz - Persistent Level
----------------------------------------------------------------------------------------------------------------
Always loaded Actor Count: 45 

----------------------------------------------------------------------------------------------------------------
Bartosz - Runtime Spatial Hash - Streaming Grid - MainGrid
----------------------------------------------------------------------------------------------------------------
            Origin: X=0.000 Y=0.000 Z=0.000
         Cell Size: 12800
      World Bounds: IsValid=false, Min=(X=0.000 Y=0.000 Z=0.000), Max=(X=0.000 Y=0.000 Z=0.000)
     Loading Range: 25600.00
Block Slow Loading: No
 ClientOnlyVisible: No

[+] Grid Levels: 1
 |- Level  0: Cell Count    0 | Cell Size   12800 | Actor Count    0 (0.0%)

[+] Content of Grid Level 0

