[+] Containers:
 |- [+] Container: /Game/Scenes/Bartosz
 |   |- [+] ActorDescs:
 |   |   |- Guid:04612EDE41112C1DE1011B8F7EE91559 BaseClass:/Game/Blueprints/Objects/Grass.Grass_C NativeClass:/Script/Engine.Actor Name:NewBlueprint_C_UAID_8C8CAAAC26B8434F01_1340396423 Label:NewBlueprint20 SpatiallyLoaded:1 Bounds:IsValid=true, Min=(X=2981.048 Y=1161.243 Z=-89.124), Max=(X=3733.095 Y=1916.021 Z=64.760) RuntimeGrid:None EditorOnly:0 RuntimeOnly:0 HLODRelevant:0
 |   |   |- Guid:057E07C54B83090C4D460F9AA73CEA8E BaseClass:/Game/Blueprints/Objects/Grass.Grass_C NativeClass:/Script/Engine.Actor Name:NewBlueprint_C_UAID_8C8CAAAC26B8434F01_1373286427 Label:NewBlueprint24 SpatiallyLoaded:1 Bounds:IsValid=true, Min=(X=1746.439 Y=2044.067 Z=-89.124), Max=(X=2345.596 Y=2677.996 Z=64.760) RuntimeGrid:None EditorOnly:0 RuntimeOnly:0 HLODRelevant:0
 |   |   |- Guid:064E5FAC4ED76359DFD329AE65115B3C BaseClass:/Game/Blueprints/Objects/Grass.Grass_C NativeClass:/Script/Engine.Actor Name:NewBlueprint_C_UAID_8C8CAAAC26B83D4F01_1498292338 Label:NewBlueprint7 SpatiallyLoaded:1 Bounds:IsValid=true, Min=(X=1383.625 Y=1510.869 Z=-89.124), Max=(X=1989.935 Y=2149.690 Z=64.760) RuntimeGrid:None EditorOnly:0 RuntimeOnly:0 HLODRelevant:0
 |   |   |- Guid:09E6317C4AD46A5E74C9FFADEF538EF2 BaseClass: NativeClass:/Script/Engine.PostProcessVolume Name:PostProcessVolume_0 Label:PostProcessVolume SpatiallyLoaded:0 Bounds:IsValid=true, Min=(X=0.000 Y=0.000 Z=400.000), Max=(X=200.000 Y=200.000 Z=600.000) RuntimeGrid:None EditorOnly:0 RuntimeOnly:0 HLODRelevant:0 FolderPath:Lighting FolderGuid:963EC3EB4002CCE9759E2EBA541A873A
 |   |   |- Guid:0A2013A440BA416B5F86DCB42C8410C5 BaseClass:/Game/Blueprints/Objects/Grass.Grass_C NativeClass:/Script/Engine.Actor Name:NewBlueprint_C_UAID_8C8CAAAC26B8434F01_1283544413 Label:NewBlueprint10 SpatiallyLoaded:1 Bounds:IsValid=true, Min=(X=2746.119 Y=1107.487 Z=-89.124), Max=(X=3498.166 Y=1862.264 Z=64.760) RuntimeGrid:None EditorOnly:0 RuntimeOnly:0 HLODRelevant:0
 |   |   |- Guid:0E375A40415B3EE0747E71BB461E657B BaseClass:/Game/Blueprints/Objects/Grass.Grass_C NativeClass:/Script/Engine.Actor Name:NewBlueprint_C_UAID_8C8CAAAC26B8434F01_1309147417 Label:NewBlueprint14 SpatiallyLoaded:1 Bounds:IsValid=true, Min=(X=282.840 Y=1055.502 Z=-89.124), Max=(X=1007.839 Y=1793.150 Z=64.760) RuntimeGrid:None EditorOnly:0 RuntimeOnly:0 HLODRelevant:0
 |   |   |- Guid:103FB8A94F3550499A476E9DB3F41E8D BaseClass:/Game/Blueprints/Objects/Grass.Grass_C NativeClass:/Script/Engine.Actor Name:NewBlueprint_C_UAID_8C8CAAAC26B8434F01_1422310430 Label:NewBlueprint27 SpatiallyLoaded:1 Bounds:IsValid=true, Min=(X=277.741 Y=1400.022 Z=-89.124), Max=(X=796.014 Y=1961.647 Z=64.760) RuntimeGrid:None EditorOnly:0 RuntimeOnly:0 HLODRelevant:0
 |   |   |- Guid:1210F75C4BF5D08087774CB7A8C849D0 BaseClass:/Game/Blueprints/Objects/Tree.Tree_C NativeClass:/Script/Engine.Actor Name:Tree_C_UAID_8C8CAAAC26B8464F01_1757367971 Label:Tree4 SpatiallyLoaded:1 Bounds:IsValid=true, Min=(X=1411.005 Y=100.292 Z=-484.835), Max=(X=2217.541 Y=870.877 Z=277.811) RuntimeGrid:None EditorOnly:0 RuntimeOnly:0 HLODRelevant:0
 |   |   |- Guid:1D09CF3941553C0916BD6394829F55B0 BaseClass:/Game/Blueprints/Objects/Tree.Tree_C NativeClass:/Script/Engine.Actor Name:Tree_C_UAID_8C8CAAAC26B8464F01_1757364970 Label:Tree3 SpatiallyLoaded:1 Bounds:IsValid=true, Min=(X=1199.380 Y=-153.730 Z=-24.835), Max=(X=2161.103 Y=802.530 Z=737.811) RuntimeGrid:None EditorOnly:0 RuntimeOnly:0 HLODRelevant:0
 |   |   |- Guid:32D07AE346F75BE1830EFE8355A5B36C BaseClass:/Game/Blueprints/Objects/Tree.Tree_C NativeClass:/Script/Engine.Actor Name:Tree_C_UAID_8C8CAAAC26B8464F01_1888929983 Label:Tree13 SpatiallyLoaded:1 Bounds:IsValid=true, Min=(X=-277.541 Y=429.123 Z=-24.835), Max=(X=528.995 Y=1199.708 Z=737.811) RuntimeGrid:None EditorOnly:0 RuntimeOnly:0 HLODRelevant:0
 |   |   |- Guid:351F643E4C4A3DFCE2B030936B2D48BA BaseClass: NativeClass:/Script/Engine.StaticMeshActor Name:StaticMeshActor_UAID_A4AE111137DC5EFB00_1110535423 Label:SM_SkySphere SpatiallyLoaded:0 Bounds:IsValid=true, Min=(X=-1638400.000 Y=-1638400.000 Z=-1638400.000), Max=(X=1638400.000 Y=1638400.000 Z=1638400.000) RuntimeGrid:None EditorOnly:0 RuntimeOnly:0 HLODRelevant:1 FolderPath:Lighting FolderGuid:963EC3EB4002CCE9759E2EBA541A873A
 |   |   |- Guid:3868CC114A6167FE44C47287F5CB7B12 BaseClass:/Game/Blueprints/Objects/Tree.Tree_C NativeClass:/Script/Engine.Actor Name:Tree_C_UAID_8C8CAAAC26B8464F01_1900536984 Label:Tree14 SpatiallyLoaded:1 Bounds:IsValid=true, Min=(X=2829.731 Y=1449.517 Z=-24.835), Max=(X=3532.590 Y=2108.056 Z=737.811) RuntimeGrid:None EditorOnly:0 RuntimeOnly:0 HLODRelevant:0
 |   |   |- Guid:38A748A0402E46DD731D3AA736700281 BaseClass:/Game/Blueprints/Objects/Grass.Grass_C NativeClass:/Script/Engine.Actor Name:NewBlueprint_C_UAID_8C8CAAAC26B8434F01_1529772435 Label:NewBlueprint32 SpatiallyLoaded:1 Bounds:IsValid=true, Min=(X=143.657 Y=-265.476 Z=-89.124), Max=(X=892.631 Y=490.768 Z=64.760) RuntimeGrid:None EditorOnly:0 RuntimeOnly:0 HLODRelevant:0
 |   |   |- Guid:3B9264C349906C21DE6D829C7BECEF6F BaseClass:/Game/Blueprints/Objects/Tree.Tree_C NativeClass:/Script/Engine.Actor Name:Tree_C_UAID_8C8CAAAC26B8464F01_1878793980 Label:Tree10 SpatiallyLoaded:1 Bounds:IsValid=true, Min=(X=853.231 Y=1118.599 Z=-47.252), Max=(X=2287.621 Y=2561.183 Z=1096.717) RuntimeGrid:None EditorOnly:0 RuntimeOnly:0 HLODRelevant:0
 |   |   |- Guid:3CDB3E6E44B1A64B7AB29CABE18B59FF BaseClass: NativeClass:/Script/Engine.StaticMeshActor Name:StaticMeshActor_1 Label:SM_Cube SpatiallyLoaded:1 Bounds:IsValid=true, Min=(X=0.000 Y=0.000 Z=-50.000), Max=(X=3000.000 Y=3500.000 Z=0.000) RuntimeGrid:None EditorOnly:0 RuntimeOnly:0 HLODRelevant:1 FolderPath:Playground FolderGuid:C73F09FC4215536B1DCE2A9E0A830C70
 |   |   |- Guid:3FB232FF453BE36602264BA594E6EC2E BaseClass:/Game/Blueprints/Objects/Tree.Tree_C NativeClass:/Script/Engine.Actor Name:Tree_C_UAID_8C8CAAAC26B8464F01_1508731968 Label:Tree SpatiallyLoaded:1 Bounds:IsValid=true, Min=(X=248.943 Y=-90.277 Z=-24.835), Max=(X=951.803 Y=568.262 Z=737.811) RuntimeGrid:None EditorOnly:0 RuntimeOnly:0 HLODRelevant:0
 |   |   |- Guid:407D1E474554F9CB314AEEBBE3262B8F BaseClass:/Game/Blueprints/Objects/Tree.Tree_C NativeClass:/Script/Engine.Actor Name:Tree_C_UAID_8C8CAAAC26B8464F01_2053573989 Label:Tree19 SpatiallyLoaded:1 Bounds:IsValid=true, Min=(X=1458.943 Y=1659.723 Z=-484.835), Max=(X=2161.803 Y=2318.262 Z=277.811) RuntimeGrid:None EditorOnly:0 RuntimeOnly:0 HLODRelevant:0
 |   |   |- Guid:41B692124C457C1011E545A2A3721930 BaseClass:/Game/Blueprints/Objects/Tree.Tree_C NativeClass:/Script/Engine.Actor Name:Tree_C_UAID_8C8CAAAC26B8464F01_2065721990 Label:Tree20 SpatiallyLoaded:1 Bounds:IsValid=true, Min=(X=-277.541 Y=-10.877 Z=-494.835), Max=(X=528.995 Y=759.708 Z=267.811) RuntimeGrid:None EditorOnly:0 RuntimeOnly:0 HLODRelevant:0
 |   |   |- Guid:41CEDF6E4C9C8A1348AE7FA49EBC4EA6 BaseClass:/Game/Blueprints/Objects/Grass.Grass_C NativeClass:/Script/Engine.Actor Name:NewBlueprint_C_UAID_8C8CAAAC26B8434F01_1437557433 Label:NewBlueprint30 SpatiallyLoaded:1 Bounds:IsValid=true, Min=(X=1496.289 Y=-24.064 Z=-114.152), Max=(X=2250.961 Y=734.503 Z=88.993) RuntimeGrid:None EditorOnly:0 RuntimeOnly:0 HLODRelevant:0
 |   |   |- Guid:44ED670D4B1EDED8D42BA1946E400BF5 BaseClass: NativeClass:/Script/Engine.SkyAtmosphere Name:SkyAtmosphere_0 Label:SkyAtmosphere SpatiallyLoaded:0 Bounds:IsValid=true, Min=(X=0.000 Y=0.000 Z=1020.000), Max=(X=0.000 Y=0.000 Z=1020.000) RuntimeGrid:None EditorOnly:0 RuntimeOnly:0 HLODRelevant:0 FolderPath:Lighting FolderGuid:963EC3EB4002CCE9759E2EBA541A873A
 |   |   |- Guid:4FC1DBF14C618D334FE7DCB7D2C90A2C BaseClass:/Game/Blueprints/Objects/Grass.Grass_C NativeClass:/Script/Engine.Actor Name:NewBlueprint_C_UAID_8C8CAAAC26B8464F01_1765861972 Label:NewBlueprint37 SpatiallyLoaded:1 Bounds:IsValid=true, Min=(X=2950.012 Y=692.369 Z=-89.124), Max=(X=3646.285 Y=1362.333 Z=64.760) RuntimeGrid:None EditorOnly:0 RuntimeOnly:0 HLODRelevant:0
 |   |   |- Guid:50E766F146B64817802847AA98DCE261 BaseClass:/Game/Blueprints/Objects/Grass.Grass_C NativeClass:/Script/Engine.Actor Name:NewBlueprint_C_UAID_8C8CAAAC26B8434F01_1538055437 Label:NewBlueprint34 SpatiallyLoaded:1 Bounds:IsValid=true, Min=(X=-366.343 Y=414.524 Z=-89.124), Max=(X=382.631 Y=1170.768 Z=64.760) RuntimeGrid:None EditorOnly:0 RuntimeOnly:0 HLODRelevant:0
 |   |   |- Guid:533C9A0E440E5ADD58343C8A5B4D0921 BaseClass: NativeClass:/Script/Engine.SkyLight Name:SkyLight_1 Label:SkyLight SpatiallyLoaded:0 Bounds:IsValid=true, Min=(X=0.000 Y=0.000 Z=690.000), Max=(X=0.000 Y=0.000 Z=690.000) RuntimeGrid:None EditorOnly:0 RuntimeOnly:0 HLODRelevant:0 FolderPath:Lighting FolderGuid:963EC3EB4002CCE9759E2EBA541A873A
 |   |   |- Guid:5665BA0240AB01E2B11F17A0069442E9 BaseClass:/Game/Blueprints/Objects/Tree.Tree_C NativeClass:/Script/Engine.Actor Name:Tree_C_UAID_8C8CAAAC26B8464F01_1878789978 Label:Tree6 SpatiallyLoaded:1 Bounds:IsValid=true, Min=(X=178.537 Y=1122.045 Z=-24.835), Max=(X=985.073 Y=1892.630 Z=737.811) RuntimeGrid:None EditorOnly:0 RuntimeOnly:0 HLODRelevant:0
 |   |   |- Guid:581A39034B8D68BEEE3EFA9A8522F338 BaseClass:/Game/Blueprints/Objects/Tree.Tree_C NativeClass:/Script/Engine.Actor Name:Tree_C_UAID_8C8CAAAC26B8464F01_2075108991 Label:Tree21 SpatiallyLoaded:1 Bounds:IsValid=true, Min=(X=-277.541 Y=-120.877 Z=-104.835), Max=(X=528.995 Y=649.708 Z=657.811) RuntimeGrid:None EditorOnly:0 RuntimeOnly:0 HLODRelevant:0
 |   |   |- Guid:5F8E493F4444B50797CF24B65651ACDD BaseClass:/Game/Blueprints/Objects/Tree.Tree_C NativeClass:/Script/Engine.Actor Name:Tree_C_UAID_8C8CAAAC26B8464F01_1904948985 Label:Tree15 SpatiallyLoaded:1 Bounds:IsValid=true, Min=(X=2329.731 Y=1889.517 Z=-24.835), Max=(X=3032.590 Y=2548.056 Z=737.811) RuntimeGrid:None EditorOnly:0 RuntimeOnly:0 HLODRelevant:0
 |   |   |- Guid:5FE7022B42CEB49B69F9699CE695E42D BaseClass: NativeClass:/Script/Engine.StaticMeshActor Name:StaticMeshActor_11 Label:SM_ChamferCube3 SpatiallyLoaded:1 Bounds:IsValid=true, Min=(X=481.699 Y=2271.699 Z=0.013), Max=(X=618.301 Y=2408.301 Z=100.013) RuntimeGrid:None EditorOnly:0 RuntimeOnly:0 HLODRelevant:0
 |   |   |- Guid:60C84F8042D5ED99ED408D9E33AA6A08 BaseClass:/Game/Blueprints/Objects/Tree.Tree_C NativeClass:/Script/Engine.Actor Name:Tree_C_UAID_8C8CAAAC26B8464F01_1888927982 Label:Tree12 SpatiallyLoaded:1 Bounds:IsValid=true, Min=(X=-310.251 Y=563.866 Z=-47.252), Max=(X=1132.333 Y=1998.257 Z=1096.717) RuntimeGrid:None EditorOnly:0 RuntimeOnly:0 HLODRelevant:0
 |   |   |- Guid:675ED5764819DBA667C9C794161C5064 BaseClass:/Game/Blueprints/Objects/Tree.Tree_C NativeClass:/Script/Engine.Actor Name:Tree_C_UAID_8C8CAAAC26B8464F01_1910299986 Label:Tree16 SpatiallyLoaded:1 Bounds:IsValid=true, Min=(X=1851.778 Y=1761.685 Z=-24.835), Max=(X=2813.501 Y=2717.945 Z=737.811) RuntimeGrid:None EditorOnly:0 RuntimeOnly:0 HLODRelevant:0
 |   |   |- Guid:7398533F42EDAF34FA54C69487DC25D3 BaseClass:/Game/Blueprints/Objects/Grass.Grass_C NativeClass:/Script/Engine.Actor Name:NewBlueprint_C_UAID_8C8CAAAC26B8434F01_1373284426 Label:NewBlueprint23 SpatiallyLoaded:1 Bounds:IsValid=true, Min=(X=2203.026 Y=1887.023 Z=-89.124), Max=(X=2802.183 Y=2520.952 Z=64.760) RuntimeGrid:None EditorOnly:0 RuntimeOnly:0 HLODRelevant:0
 |   |   |- Guid:74DD97584CFEA856800999868AC566A8 BaseClass:/Game/Blueprints/Objects/Tree.Tree_C NativeClass:/Script/Engine.Actor Name:Tree_C_UAID_8C8CAAAC26B8464F01_1831379975 Label:Tree7 SpatiallyLoaded:1 Bounds:IsValid=true, Min=(X=2896.984 Y=605.185 Z=-24.835), Max=(X=3834.948 Y=1526.926 Z=737.811) RuntimeGrid:None EditorOnly:0 RuntimeOnly:0 HLODRelevant:0
 |   |   |- Guid:7795B2BB416FC1ACE07290BB5E00FD81 BaseClass:/Game/Blueprints/Objects/Grass.Grass_C NativeClass:/Script/Engine.Actor Name:NewBlueprint_C_UAID_8C8CAAAC26B8434F01_1403204428 Label:NewBlueprint25 SpatiallyLoaded:1 Bounds:IsValid=true, Min=(X=2458.353 Y=517.741 Z=-89.124), Max=(X=3019.978 Y=1036.014 Z=64.760) RuntimeGrid:None EditorOnly:0 RuntimeOnly:0 HLODRelevant:0
 |   |   |- Guid:796185474C72B770741E939B38EE5778 BaseClass:/Game/Blueprints/Objects/Tree.Tree_C NativeClass:/Script/Engine.Actor Name:Tree_C_UAID_8C8CAAAC26B8464F01_1857094977 Label:Tree9 SpatiallyLoaded:1 Bounds:IsValid=true, Min=(X=2776.984 Y=1035.185 Z=-124.835), Max=(X=3714.948 Y=1956.926 Z=637.811) RuntimeGrid:None EditorOnly:0 RuntimeOnly:0 HLODRelevant:0
 |   |   |- Guid:7C79D4DF40DC19B597E4D6895A7C9A26 BaseClass:/Game/Blueprints/Objects/Grass.Grass_C NativeClass:/Script/Engine.Actor Name:NewBlueprint_C_UAID_8C8CAAAC26B8434F01_1261142411 Label:NewBlueprint8 SpatiallyLoaded:1 Bounds:IsValid=true, Min=(X=1973.625 Y=530.869 Z=-89.124), Max=(X=2579.935 Y=1169.690 Z=64.760) RuntimeGrid:None EditorOnly:0 RuntimeOnly:0 HLODRelevant:0
 |   |   |- Guid:8B6A798E428501FE112617987404DBE7 BaseClass:/Game/Blueprints/Objects/Grass.Grass_C NativeClass:/Script/Engine.Actor Name:NewBlueprint_C_UAID_8C8CAAAC26B8434F01_1309150418 Label:NewBlueprint15 SpatiallyLoaded:1 Bounds:IsValid=true, Min=(X=1133.327 Y=1510.005 Z=-89.124), Max=(X=1858.327 Y=2247.653 Z=64.760) RuntimeGrid:None EditorOnly:0 RuntimeOnly:0 HLODRelevant:0
 |   |   |- Guid:8B902EB5412193B705B7EFB031C31823 BaseClass:/Game/Blueprints/Objects/Muud.Muud_C NativeClass:/Script/Engine.Actor Name:Muud_C_UAID_8C8CAAAC26B83D4F01_1178665323 Label:Muud SpatiallyLoaded:1 Bounds:IsValid=true, Min=(X=-179.591 Y=-156.707 Z=-120.000), Max=(X=3419.591 Y=2676.707 Z=-20.000) RuntimeGrid:None EditorOnly:0 RuntimeOnly:0 HLODRelevant:0
 |   |   |- Guid:90FB425B4D75AA85C9F4B0A6A2929E9C BaseClass:/Game/Blueprints/Objects/Grass.Grass_C NativeClass:/Script/Engine.Actor Name:NewBlueprint_C_UAID_8C8CAAAC26B8434F01_1283547414 Label:NewBlueprint11 SpatiallyLoaded:1 Bounds:IsValid=true, Min=(X=2490.012 Y=822.369 Z=-69.124), Max=(X=3186.285 Y=1492.333 Z=84.760) RuntimeGrid:None EditorOnly:0 RuntimeOnly:0 HLODRelevant:0
 |   |   |- Guid:964EC9C1480D7720DDB5CCB265263628 BaseClass:/Game/Blueprints/Objects/Grass.Grass_C NativeClass:/Script/Engine.Actor Name:NewBlueprint_C_UAID_8C8CAAAC26B8434F01_1319294420 Label:NewBlueprint17 SpatiallyLoaded:1 Bounds:IsValid=true, Min=(X=1253.625 Y=250.869 Z=-89.124), Max=(X=1859.935 Y=889.690 Z=64.760) RuntimeGrid:None EditorOnly:0 RuntimeOnly:0 HLODRelevant:0
 |   |   |- Guid:9858E64B4A6E628BD4BC318A61B623F3 BaseClass:/Game/Blueprints/Objects/Grass.Grass_C NativeClass:/Script/Engine.Actor Name:NewBlueprint_C_UAID_8C8CAAAC26B8434F01_1295263415 Label:NewBlueprint12 SpatiallyLoaded:1 Bounds:IsValid=true, Min=(X=2453.625 Y=1700.869 Z=-89.124), Max=(X=3059.935 Y=2339.690 Z=64.760) RuntimeGrid:None EditorOnly:0 RuntimeOnly:0 HLODRelevant:0
 |   |   |- Guid:9E16CA0041EBF75C3AB0E68ABB91EF08 BaseClass:/Game/Blueprints/Objects/Grass.Grass_C NativeClass:/Script/Engine.Actor Name:NewBlueprint_C_UAID_8C8CAAAC26B8434F01_1544585438 Label:NewBlueprint35 SpatiallyLoaded:1 Bounds:IsValid=true, Min=(X=-87.160 Y=725.502 Z=-89.124), Max=(X=637.839 Y=1463.150 Z=64.760) RuntimeGrid:None EditorOnly:0 RuntimeOnly:0 HLODRelevant:0
 |   |   |- Guid:A13021204AE45CC2F0128F8EC996B593 BaseClass:/Game/Blueprints/TriggerWin.TriggerWin_C NativeClass:/Script/Engine.Actor Name:TriggerWin_C_UAID_F875A4315763304F01_2146477033 Label:TriggerWin SpatiallyLoaded:1 Bounds:IsValid=true, Min=(X=2164.000 Y=1194.000 Z=24.000), Max=(X=2356.000 Y=1386.000 Z=216.000) RuntimeGrid:None EditorOnly:0 RuntimeOnly:0 HLODRelevant:0
 |   |   |- Guid:A39276574F218C45F1FE6883083685AE BaseClass:/Game/Blueprints/TriggerLose.TriggerLose_C NativeClass:/Script/Engine.Actor Name:TriggerLose_C_UAID_F875A4315763324F01_1989040386 Label:TriggerLose SpatiallyLoaded:1 Bounds:IsValid=true, Min=(X=1424.000 Y=804.000 Z=0.000), Max=(X=1616.000 Y=996.000 Z=484.173) RuntimeGrid:None EditorOnly:0 RuntimeOnly:0 HLODRelevant:0
 |   |   |- Guid:A8D2C71842308C2D0C66EDB6C8170D30 BaseClass:/Game/Blueprints/Objects/Grass.Grass_C NativeClass:/Script/Engine.Actor Name:NewBlueprint_C_UAID_8C8CAAAC26B8434F01_1309151419 Label:NewBlueprint16 SpatiallyLoaded:1 Bounds:IsValid=true, Min=(X=887.741 Y=1280.022 Z=-89.124), Max=(X=1406.014 Y=1841.647 Z=64.760) RuntimeGrid:None EditorOnly:0 RuntimeOnly:0 HLODRelevant:0
 |   |   |- Guid:A9B2A2B34F7EB798E9554DAAF33AB146 BaseClass:/Game/Blueprints/Objects/Grass.Grass_C NativeClass:/Script/Engine.Actor Name:NewBlueprint_C_UAID_8C8CAAAC26B8434F01_1319297421 Label:NewBlueprint18 SpatiallyLoaded:1 Bounds:IsValid=true, Min=(X=847.491 Y=114.399 Z=-89.124), Max=(X=1446.648 Y=748.328 Z=64.760) RuntimeGrid:None EditorOnly:0 RuntimeOnly:0 HLODRelevant:0
 |   |   |- Guid:AB57678A4259AC231BF3D4A7305C729B BaseClass:/Game/Blueprints/Objects/Grass.Grass_C NativeClass:/Script/Engine.Actor Name:NewBlueprint_C_UAID_8C8CAAAC26B8434F01_1340394422 Label:NewBlueprint19 SpatiallyLoaded:1 Bounds:IsValid=true, Min=(X=3266.119 Y=1387.487 Z=-89.124), Max=(X=4018.166 Y=2142.264 Z=64.760) RuntimeGrid:None EditorOnly:0 RuntimeOnly:0 HLODRelevant:0
 |   |   |- Guid:B3048ECC42948A9C9EC9C3B6F5E0C3C1 BaseClass:/Game/Blueprints/Objects/Grass.Grass_C NativeClass:/Script/Engine.Actor Name:NewBlueprint_C_UAID_8C8CAAAC26B8434F01_1268364412 Label:NewBlueprint9 SpatiallyLoaded:1 Bounds:IsValid=true, Min=(X=1491.048 Y=331.243 Z=-89.124), Max=(X=2243.095 Y=1086.021 Z=64.760) RuntimeGrid:None EditorOnly:0 RuntimeOnly:0 HLODRelevant:0
 |   |   |- Guid:B337E04941EFF4D6E41B45A56987D1C3 BaseClass:/Game/Blueprints/Objects/Grass.Grass_C NativeClass:/Script/Engine.Actor Name:NewBlueprint_C_UAID_8C8CAAAC26B8434F01_1431123431 Label:NewBlueprint28 SpatiallyLoaded:1 Bounds:IsValid=true, Min=(X=567.491 Y=-205.601 Z=-89.124), Max=(X=1166.648 Y=428.328 Z=64.760) RuntimeGrid:None EditorOnly:0 RuntimeOnly:0 HLODRelevant:0
 |   |   |- Guid:B3926DB849E070F2BF3FE493A5AF5F14 BaseClass:/Game/Blueprints/Objects/Grass.Grass_C NativeClass:/Script/Engine.Actor Name:NewBlueprint_C_UAID_8C8CAAAC26B8434F01_1558353439 Label:NewBlueprint36 SpatiallyLoaded:1 Bounds:IsValid=true, Min=(X=657.741 Y=1500.022 Z=-89.124), Max=(X=1176.014 Y=2061.647 Z=64.760) RuntimeGrid:None EditorOnly:0 RuntimeOnly:0 HLODRelevant:0
 |   |   |- Guid:BC0F63F147B7C9FD1AF13A945344BE45 BaseClass:/Game/Blueprints/Objects/Tree.Tree_C NativeClass:/Script/Engine.Actor Name:Tree_C_UAID_8C8CAAAC26B8464F01_1878791979 Label:Tree8 SpatiallyLoaded:1 Bounds:IsValid=true, Min=(X=560.194 Y=1296.590 Z=-24.835), Max=(X=1521.917 Y=2252.850 Z=737.811) RuntimeGrid:None EditorOnly:0 RuntimeOnly:0 HLODRelevant:0
 |   |   |- Guid:C30C9126454E24938AAB3D95D58907A8 BaseClass:/Game/Blueprints/Objects/Tree.Tree_C NativeClass:/Script/Engine.Actor Name:Tree_C_UAID_8C8CAAAC26B8464F01_1878795981 Label:Tree11 SpatiallyLoaded:1 Bounds:IsValid=true, Min=(X=1458.943 Y=1949.723 Z=-24.835), Max=(X=2161.803 Y=2608.262 Z=737.811) RuntimeGrid:None EditorOnly:0 RuntimeOnly:0 HLODRelevant:0
 |   |   |- Guid:C6075B4A4D3706FC641BF1BD73621E5A BaseClass:/Game/Blueprints/Objects/Tree.Tree_C NativeClass:/Script/Engine.Actor Name:Tree_C_UAID_8C8CAAAC26B8464F01_2041747988 Label:Tree18 SpatiallyLoaded:1 Bounds:IsValid=true, Min=(X=2669.731 Y=1779.517 Z=-534.835), Max=(X=3372.590 Y=2438.056 Z=227.811) RuntimeGrid:None EditorOnly:0 RuntimeOnly:0 HLODRelevant:0
 |   |   |- Guid:CD3B9EEF4A8D5F901495FF984631AAA1 BaseClass:/Game/Blueprints/Objects/Grass.Grass_C NativeClass:/Script/Engine.Actor Name:NewBlueprint_C_UAID_8C8CAAAC26B8434F01_1340400425 Label:NewBlueprint22 SpatiallyLoaded:1 Bounds:IsValid=true, Min=(X=1653.327 Y=1520.005 Z=-89.124), Max=(X=2378.327 Y=2257.653 Z=64.760) RuntimeGrid:None EditorOnly:0 RuntimeOnly:0 HLODRelevant:0
 |   |   |- Guid:CD52523F4E8073C45FCE178B662D9249 BaseClass:/Game/Blueprints/Objects/Tree.Tree_C NativeClass:/Script/Engine.Actor Name:Tree_C_UAID_8C8CAAAC26B8464F01_1770985973 Label:Tree5 SpatiallyLoaded:1 Bounds:IsValid=true, Min=(X=2171.005 Y=610.292 Z=-24.835), Max=(X=2977.541 Y=1380.877 Z=737.811) RuntimeGrid:None EditorOnly:0 RuntimeOnly:0 HLODRelevant:0
 |   |   |- Guid:D50F9CFC43CBA9AC44BA92ACB3761CAD BaseClass: NativeClass:/Script/Engine.ExponentialHeightFog Name:ExponentialHeightFog_0 Label:ExponentialHeightFog SpatiallyLoaded:0 Bounds:IsValid=true, Min=(X=-5600.000 Y=-50.000 Z=-6850.000), Max=(X=-5600.000 Y=-50.000 Z=-6850.000) RuntimeGrid:None EditorOnly:0 RuntimeOnly:0 HLODRelevant:0 FolderPath:Lighting FolderGuid:963EC3EB4002CCE9759E2EBA541A873A
 |   |   |- Guid:D5A7A05747A99394774A94AF04E3195F BaseClass:/Game/Blueprints/Objects/Grass.Grass_C NativeClass:/Script/Engine.Actor Name:NewBlueprint_C_UAID_8C8CAAAC26B8434F01_1422307429 Label:NewBlueprint26 SpatiallyLoaded:1 Bounds:IsValid=true, Min=(X=-197.160 Y=1085.502 Z=-89.124), Max=(X=527.839 Y=1823.150 Z=64.760) RuntimeGrid:None EditorOnly:0 RuntimeOnly:0 HLODRelevant:0
 |   |   |- Guid:D5C58C474265A60E54F9F6A1C01EFEB6 BaseClass:/Game/Blueprints/Objects/Tree.Tree_C NativeClass:/Script/Engine.Actor Name:Tree_C_UAID_8C8CAAAC26B8464F01_2032465987 Label:Tree17 SpatiallyLoaded:1 Bounds:IsValid=true, Min=(X=1841.005 Y=210.292 Z=-134.835), Max=(X=2647.541 Y=980.877 Z=627.811) RuntimeGrid:None EditorOnly:0 RuntimeOnly:0 HLODRelevant:0
 |   |   |- Guid:DD43CE2646D366C180772AA8F8E3AE3C BaseClass:/Game/Blueprints/Objects/Tree.Tree_C NativeClass:/Script/Engine.Actor Name:Tree_C_UAID_8C8CAAAC26B8464F01_1748155969 Label:Tree2 SpatiallyLoaded:1 Bounds:IsValid=true, Min=(X=620.947 Y=-58.297 Z=-24.835), Max=(X=1577.207 Y=903.425 Z=737.811) RuntimeGrid:None EditorOnly:0 RuntimeOnly:0 HLODRelevant:0
 |   |   |- Guid:E002E9C94424D7E4E88FA68185C16D83 BaseClass:/Game/Blueprints/Objects/Grass.Grass_C NativeClass:/Script/Engine.Actor Name:NewBlueprint_C_UAID_8C8CAAAC26B8434F01_1437558434 Label:NewBlueprint31 SpatiallyLoaded:1 Bounds:IsValid=true, Min=(X=1253.625 Y=-109.131 Z=-89.124), Max=(X=1859.935 Y=529.690 Z=64.760) RuntimeGrid:None EditorOnly:0 RuntimeOnly:0 HLODRelevant:0
 |   |   |- Guid:E3A683744FE51302FE58119B5B1FB904 BaseClass:/Game/Blueprints/Objects/Grass.Grass_C NativeClass:/Script/Engine.Actor Name:NewBlueprint_C_UAID_8C8CAAAC26B8434F01_1533854436 Label:NewBlueprint33 SpatiallyLoaded:1 Bounds:IsValid=true, Min=(X=-236.343 Y=-5.476 Z=-89.124), Max=(X=512.631 Y=750.768 Z=64.760) RuntimeGrid:None EditorOnly:0 RuntimeOnly:0 HLODRelevant:0
 |   |   |- Guid:EA32C3F4488BA4F9F68AC89B3861C485 BaseClass:/Game/Blueprints/Objects/Grass.Grass_C NativeClass:/Script/Engine.Actor Name:NewBlueprint_C_UAID_8C8CAAAC26B8434F01_1437554432 Label:NewBlueprint29 SpatiallyLoaded:1 Bounds:IsValid=true, Min=(X=1973.625 Y=170.869 Z=-89.124), Max=(X=2579.935 Y=809.690 Z=64.760) RuntimeGrid:None EditorOnly:0 RuntimeOnly:0 HLODRelevant:0
 |   |   |- Guid:F680F7CD4B9E2CE940B5ED9B3140FAA3 BaseClass:/Game/Blueprints/Objects/Grass.Grass_C NativeClass:/Script/Engine.Actor Name:NewBlueprint_C_UAID_8C8CAAAC26B8434F01_1295265416 Label:NewBlueprint13 SpatiallyLoaded:1 Bounds:IsValid=true, Min=(X=1954.379 Y=1660.337 Z=-89.124), Max=(X=2679.379 Y=2397.985 Z=64.760) RuntimeGrid:None EditorOnly:0 RuntimeOnly:0 HLODRelevant:0
 |   |   |- Guid:F98CBB264490409BB3E76C9E70D210D6 BaseClass: NativeClass:/Script/Engine.VolumetricCloud Name:VolumetricCloud_0 Label:VolumetricCloud SpatiallyLoaded:0 Bounds:IsValid=true, Min=(X=0.000 Y=0.000 Z=820.000), Max=(X=0.000 Y=0.000 Z=820.000) RuntimeGrid:None EditorOnly:0 RuntimeOnly:0 HLODRelevant:0 FolderPath:Lighting FolderGuid:963EC3EB4002CCE9759E2EBA541A873A
 |   |   |- Guid:FCD194624FB9719B31249DA95F536D03 BaseClass:/Game/Blueprints/Objects/Grass.Grass_C NativeClass:/Script/Engine.Actor Name:NewBlueprint_C_UAID_8C8CAAAC26B8434F01_1340398424 Label:NewBlueprint21 SpatiallyLoaded:1 Bounds:IsValid=true, Min=(X=2773.657 Y=1634.524 Z=-89.124), Max=(X=3522.631 Y=2390.768 Z=64.760) RuntimeGrid:None EditorOnly:0 RuntimeOnly:0 HLODRelevant:0
 |   |   |- Guid:FDF894CD448165EF9E844D898DF03CD6 BaseClass: NativeClass:/Script/Engine.DirectionalLight Name:DirectionalLight_0 Label:DirectionalLight SpatiallyLoaded:0 Bounds:IsValid=true, Min=(X=-4398046511104.000 Y=-4398046511104.000 Z=-4398046511104.000), Max=(X=4398046511104.000 Y=4398046511104.000 Z=4398046511104.000) RuntimeGrid:None EditorOnly:0 RuntimeOnly:0 HLODRelevant:0 FolderPath:Lighting FolderGuid:963EC3EB4002CCE9759E2EBA541A873A
 |   |   |- Guid:FEEBEEF34C9D3B2B356A4C85724EC0FF BaseClass: NativeClass:/Script/Engine.PlayerStart Name:PlayerStart_0 Label:PlayerStart SpatiallyLoaded:0 Bounds:IsValid=true, Min=(X=860.000 Y=940.000 Z=0.013), Max=(X=940.000 Y=1020.000 Z=184.013) RuntimeGrid:None EditorOnly:0 RuntimeOnly:0 HLODRelevant:0
 |   |- [+] Clusters:
 |   |   |- [+] [  0]
 |   |   |   |- Guid:C30C9126454E24938AAB3D95D58907A8 BaseClass:/Game/Blueprints/Objects/Tree.Tree_C NativeClass:/Script/Engine.Actor Name:Tree_C_UAID_8C8CAAAC26B8464F01_1878795981 Label:Tree11 SpatiallyLoaded:1 Bounds:IsValid=true, Min=(X=1458.943 Y=1949.723 Z=-24.835), Max=(X=2161.803 Y=2608.262 Z=737.811) RuntimeGrid:None EditorOnly:0 RuntimeOnly:0 HLODRelevant:0
 |   |   |- [+] [  1]
 |   |   |   |- Guid:675ED5764819DBA667C9C794161C5064 BaseClass:/Game/Blueprints/Objects/Tree.Tree_C NativeClass:/Script/Engine.Actor Name:Tree_C_UAID_8C8CAAAC26B8464F01_1910299986 Label:Tree16 SpatiallyLoaded:1 Bounds:IsValid=true, Min=(X=1851.778 Y=1761.685 Z=-24.835), Max=(X=2813.501 Y=2717.945 Z=737.811) RuntimeGrid:None EditorOnly:0 RuntimeOnly:0 HLODRelevant:0
 |   |   |- [+] [  2]
 |   |   |   |- Guid:BC0F63F147B7C9FD1AF13A945344BE45 BaseClass:/Game/Blueprints/Objects/Tree.Tree_C NativeClass:/Script/Engine.Actor Name:Tree_C_UAID_8C8CAAAC26B8464F01_1878791979 Label:Tree8 SpatiallyLoaded:1 Bounds:IsValid=true, Min=(X=560.194 Y=1296.590 Z=-24.835), Max=(X=1521.917 Y=2252.850 Z=737.811) RuntimeGrid:None EditorOnly:0 RuntimeOnly:0 HLODRelevant:0
 |   |   |- [+] [  3]
 |   |   |   |- Guid:7398533F42EDAF34FA54C69487DC25D3 BaseClass:/Game/Blueprints/Objects/Grass.Grass_C NativeClass:/Script/Engine.Actor Name:NewBlueprint_C_UAID_8C8CAAAC26B8434F01_1373284426 Label:NewBlueprint23 SpatiallyLoaded:1 Bounds:IsValid=true, Min=(X=2203.026 Y=1887.023 Z=-89.124), Max=(X=2802.183 Y=2520.952 Z=64.760) RuntimeGrid:None EditorOnly:0 RuntimeOnly:0 HLODRelevant:0
 |   |   |- [+] [  4]
 |   |   |   |- Guid:7795B2BB416FC1ACE07290BB5E00FD81 BaseClass:/Game/Blueprints/Objects/Grass.Grass_C NativeClass:/Script/Engine.Actor Name:NewBlueprint_C_UAID_8C8CAAAC26B8434F01_1403204428 Label:NewBlueprint25 SpatiallyLoaded:1 Bounds:IsValid=true, Min=(X=2458.353 Y=517.741 Z=-89.124), Max=(X=3019.978 Y=1036.014 Z=64.760) RuntimeGrid:None EditorOnly:0 RuntimeOnly:0 HLODRelevant:0
 |   |   |- [+] [  5]
 |   |   |   |- Guid:A8D2C71842308C2D0C66EDB6C8170D30 BaseClass:/Game/Blueprints/Objects/Grass.Grass_C NativeClass:/Script/Engine.Actor Name:NewBlueprint_C_UAID_8C8CAAAC26B8434F01_1309151419 Label:NewBlueprint16 SpatiallyLoaded:1 Bounds:IsValid=true, Min=(X=887.741 Y=1280.022 Z=-89.124), Max=(X=1406.014 Y=1841.647 Z=64.760) RuntimeGrid:None EditorOnly:0 RuntimeOnly:0 HLODRelevant:0
 |   |   |- [+] [  6]
 |   |   |   |- Guid:A9B2A2B34F7EB798E9554DAAF33AB146 BaseClass:/Game/Blueprints/Objects/Grass.Grass_C NativeClass:/Script/Engine.Actor Name:NewBlueprint_C_UAID_8C8CAAAC26B8434F01_1319297421 Label:NewBlueprint18 SpatiallyLoaded:1 Bounds:IsValid=true, Min=(X=847.491 Y=114.399 Z=-89.124), Max=(X=1446.648 Y=748.328 Z=64.760) RuntimeGrid:None EditorOnly:0 RuntimeOnly:0 HLODRelevant:0
 |   |   |- [+] [  7]
 |   |   |   |- Guid:F98CBB264490409BB3E76C9E70D210D6 BaseClass: NativeClass:/Script/Engine.VolumetricCloud Name:VolumetricCloud_0 Label:VolumetricCloud SpatiallyLoaded:0 Bounds:IsValid=true, Min=(X=0.000 Y=0.000 Z=820.000), Max=(X=0.000 Y=0.000 Z=820.000) RuntimeGrid:None EditorOnly:0 RuntimeOnly:0 HLODRelevant:0 FolderPath:Lighting FolderGuid:963EC3EB4002CCE9759E2EBA541A873A
 |   |   |- [+] [  8]
 |   |   |   |- Guid:796185474C72B770741E939B38EE5778 BaseClass:/Game/Blueprints/Objects/Tree.Tree_C NativeClass:/Script/Engine.Actor Name:Tree_C_UAID_8C8CAAAC26B8464F01_1857094977 Label:Tree9 SpatiallyLoaded:1 Bounds:IsValid=true, Min=(X=2776.984 Y=1035.185 Z=-124.835), Max=(X=3714.948 Y=1956.926 Z=637.811) RuntimeGrid:None EditorOnly:0 RuntimeOnly:0 HLODRelevant:0
 |   |   |- [+] [  9]
 |   |   |   |- Guid:C6075B4A4D3706FC641BF1BD73621E5A BaseClass:/Game/Blueprints/Objects/Tree.Tree_C NativeClass:/Script/Engine.Actor Name:Tree_C_UAID_8C8CAAAC26B8464F01_2041747988 Label:Tree18 SpatiallyLoaded:1 Bounds:IsValid=true, Min=(X=2669.731 Y=1779.517 Z=-534.835), Max=(X=3372.590 Y=2438.056 Z=227.811) RuntimeGrid:None EditorOnly:0 RuntimeOnly:0 HLODRelevant:0
 |   |   |- [+] [ 10]
 |   |   |   |- Guid:103FB8A94F3550499A476E9DB3F41E8D BaseClass:/Game/Blueprints/Objects/Grass.Grass_C NativeClass:/Script/Engine.Actor Name:NewBlueprint_C_UAID_8C8CAAAC26B8434F01_1422310430 Label:NewBlueprint27 SpatiallyLoaded:1 Bounds:IsValid=true, Min=(X=277.741 Y=1400.022 Z=-89.124), Max=(X=796.014 Y=1961.647 Z=64.760) RuntimeGrid:None EditorOnly:0 RuntimeOnly:0 HLODRelevant:0
 |   |   |- [+] [ 11]
 |   |   |   |- Guid:351F643E4C4A3DFCE2B030936B2D48BA BaseClass: NativeClass:/Script/Engine.StaticMeshActor Name:StaticMeshActor_UAID_A4AE111137DC5EFB00_1110535423 Label:SM_SkySphere SpatiallyLoaded:0 Bounds:IsValid=true, Min=(X=-1638400.000 Y=-1638400.000 Z=-1638400.000), Max=(X=1638400.000 Y=1638400.000 Z=1638400.000) RuntimeGrid:None EditorOnly:0 RuntimeOnly:0 HLODRelevant:1 FolderPath:Lighting FolderGuid:963EC3EB4002CCE9759E2EBA541A873A
 |   |   |- [+] [ 12]
 |   |   |   |- Guid:60C84F8042D5ED99ED408D9E33AA6A08 BaseClass:/Game/Blueprints/Objects/Tree.Tree_C NativeClass:/Script/Engine.Actor Name:Tree_C_UAID_8C8CAAAC26B8464F01_1888927982 Label:Tree12 SpatiallyLoaded:1 Bounds:IsValid=true, Min=(X=-310.251 Y=563.866 Z=-47.252), Max=(X=1132.333 Y=1998.257 Z=1096.717) RuntimeGrid:None EditorOnly:0 RuntimeOnly:0 HLODRelevant:0
 |   |   |- [+] [ 13]
 |   |   |   |- Guid:407D1E474554F9CB314AEEBBE3262B8F BaseClass:/Game/Blueprints/Objects/Tree.Tree_C NativeClass:/Script/Engine.Actor Name:Tree_C_UAID_8C8CAAAC26B8464F01_2053573989 Label:Tree19 SpatiallyLoaded:1 Bounds:IsValid=true, Min=(X=1458.943 Y=1659.723 Z=-484.835), Max=(X=2161.803 Y=2318.262 Z=277.811) RuntimeGrid:None EditorOnly:0 RuntimeOnly:0 HLODRelevant:0
 |   |   |- [+] [ 14]
 |   |   |   |- Guid:09E6317C4AD46A5E74C9FFADEF538EF2 BaseClass: NativeClass:/Script/Engine.PostProcessVolume Name:PostProcessVolume_0 Label:PostProcessVolume SpatiallyLoaded:0 Bounds:IsValid=true, Min=(X=0.000 Y=0.000 Z=400.000), Max=(X=200.000 Y=200.000 Z=600.000) RuntimeGrid:None EditorOnly:0 RuntimeOnly:0 HLODRelevant:0 FolderPath:Lighting FolderGuid:963EC3EB4002CCE9759E2EBA541A873A
 |   |   |- [+] [ 15]
 |   |   |   |- Guid:D50F9CFC43CBA9AC44BA92ACB3761CAD BaseClass: NativeClass:/Script/Engine.ExponentialHeightFog Name:ExponentialHeightFog_0 Label:ExponentialHeightFog SpatiallyLoaded:0 Bounds:IsValid=true, Min=(X=-5600.000 Y=-50.000 Z=-6850.000), Max=(X=-5600.000 Y=-50.000 Z=-6850.000) RuntimeGrid:None EditorOnly:0 RuntimeOnly:0 HLODRelevant:0 FolderPath:Lighting FolderGuid:963EC3EB4002CCE9759E2EBA541A873A
 |   |   |- [+] [ 16]
 |   |   |   |- Guid:F680F7CD4B9E2CE940B5ED9B3140FAA3 BaseClass:/Game/Blueprints/Objects/Grass.Grass_C NativeClass:/Script/Engine.Actor Name:NewBlueprint_C_UAID_8C8CAAAC26B8434F01_1295265416 Label:NewBlueprint13 SpatiallyLoaded:1 Bounds:IsValid=true, Min=(X=1954.379 Y=1660.337 Z=-89.124), Max=(X=2679.379 Y=2397.985 Z=64.760) RuntimeGrid:None EditorOnly:0 RuntimeOnly:0 HLODRelevant:0
 |   |   |- [+] [ 17]
 |   |   |   |- Guid:90FB425B4D75AA85C9F4B0A6A2929E9C BaseClass:/Game/Blueprints/Objects/Grass.Grass_C NativeClass:/Script/Engine.Actor Name:NewBlueprint_C_UAID_8C8CAAAC26B8434F01_1283547414 Label:NewBlueprint11 SpatiallyLoaded:1 Bounds:IsValid=true, Min=(X=2490.012 Y=822.369 Z=-69.124), Max=(X=3186.285 Y=1492.333 Z=84.760) RuntimeGrid:None EditorOnly:0 RuntimeOnly:0 HLODRelevant:0
 |   |   |- [+] [ 18]
 |   |   |   |- Guid:32D07AE346F75BE1830EFE8355A5B36C BaseClass:/Game/Blueprints/Objects/Tree.Tree_C NativeClass:/Script/Engine.Actor Name:Tree_C_UAID_8C8CAAAC26B8464F01_1888929983 Label:Tree13 SpatiallyLoaded:1 Bounds:IsValid=true, Min=(X=-277.541 Y=429.123 Z=-24.835), Max=(X=528.995 Y=1199.708 Z=737.811) RuntimeGrid:None EditorOnly:0 RuntimeOnly:0 HLODRelevant:0
 |   |   |- [+] [ 19]
 |   |   |   |- Guid:057E07C54B83090C4D460F9AA73CEA8E BaseClass:/Game/Blueprints/Objects/Grass.Grass_C NativeClass:/Script/Engine.Actor Name:NewBlueprint_C_UAID_8C8CAAAC26B8434F01_1373286427 Label:NewBlueprint24 SpatiallyLoaded:1 Bounds:IsValid=true, Min=(X=1746.439 Y=2044.067 Z=-89.124), Max=(X=2345.596 Y=2677.996 Z=64.760) RuntimeGrid:None EditorOnly:0 RuntimeOnly:0 HLODRelevant:0
 |   |   |- [+] [ 20]
 |   |   |   |- Guid:D5A7A05747A99394774A94AF04E3195F BaseClass:/Game/Blueprints/Objects/Grass.Grass_C NativeClass:/Script/Engine.Actor Name:NewBlueprint_C_UAID_8C8CAAAC26B8434F01_1422307429 Label:NewBlueprint26 SpatiallyLoaded:1 Bounds:IsValid=true, Min=(X=-197.160 Y=1085.502 Z=-89.124), Max=(X=527.839 Y=1823.150 Z=64.760) RuntimeGrid:None EditorOnly:0 RuntimeOnly:0 HLODRelevant:0
 |   |   |- [+] [ 21]
 |   |   |   |- Guid:E3A683744FE51302FE58119B5B1FB904 BaseClass:/Game/Blueprints/Objects/Grass.Grass_C NativeClass:/Script/Engine.Actor Name:NewBlueprint_C_UAID_8C8CAAAC26B8434F01_1533854436 Label:NewBlueprint33 SpatiallyLoaded:1 Bounds:IsValid=true, Min=(X=-236.343 Y=-5.476 Z=-89.124), Max=(X=512.631 Y=750.768 Z=64.760) RuntimeGrid:None EditorOnly:0 RuntimeOnly:0 HLODRelevant:0
 |   |   |- [+] [ 22]
 |   |   |   |- Guid:964EC9C1480D7720DDB5CCB265263628 BaseClass:/Game/Blueprints/Objects/Grass.Grass_C NativeClass:/Script/Engine.Actor Name:NewBlueprint_C_UAID_8C8CAAAC26B8434F01_1319294420 Label:NewBlueprint17 SpatiallyLoaded:1 Bounds:IsValid=true, Min=(X=1253.625 Y=250.869 Z=-89.124), Max=(X=1859.935 Y=889.690 Z=64.760) RuntimeGrid:None EditorOnly:0 RuntimeOnly:0 HLODRelevant:0
 |   |   |- [+] [ 23]
 |   |   |   |- Guid:B3926DB849E070F2BF3FE493A5AF5F14 BaseClass:/Game/Blueprints/Objects/Grass.Grass_C NativeClass:/Script/Engine.Actor Name:NewBlueprint_C_UAID_8C8CAAAC26B8434F01_1558353439 Label:NewBlueprint36 SpatiallyLoaded:1 Bounds:IsValid=true, Min=(X=657.741 Y=1500.022 Z=-89.124), Max=(X=1176.014 Y=2061.647 Z=64.760) RuntimeGrid:None EditorOnly:0 RuntimeOnly:0 HLODRelevant:0
 |   |   |- [+] [ 24]
 |   |   |   |- Guid:5F8E493F4444B50797CF24B65651ACDD BaseClass:/Game/Blueprints/Objects/Tree.Tree_C NativeClass:/Script/Engine.Actor Name:Tree_C_UAID_8C8CAAAC26B8464F01_1904948985 Label:Tree15 SpatiallyLoaded:1 Bounds:IsValid=true, Min=(X=2329.731 Y=1889.517 Z=-24.835), Max=(X=3032.590 Y=2548.056 Z=737.811) RuntimeGrid:None EditorOnly:0 RuntimeOnly:0 HLODRelevant:0
 |   |   |- [+] [ 25]
 |   |   |   |- Guid:8B902EB5412193B705B7EFB031C31823 BaseClass:/Game/Blueprints/Objects/Muud.Muud_C NativeClass:/Script/Engine.Actor Name:Muud_C_UAID_8C8CAAAC26B83D4F01_1178665323 Label:Muud SpatiallyLoaded:1 Bounds:IsValid=true, Min=(X=-179.591 Y=-156.707 Z=-120.000), Max=(X=3419.591 Y=2676.707 Z=-20.000) RuntimeGrid:None EditorOnly:0 RuntimeOnly:0 HLODRelevant:0
 |   |   |- [+] [ 26]
 |   |   |   |- Guid:581A39034B8D68BEEE3EFA9A8522F338 BaseClass:/Game/Blueprints/Objects/Tree.Tree_C NativeClass:/Script/Engine.Actor Name:Tree_C_UAID_8C8CAAAC26B8464F01_2075108991 Label:Tree21 SpatiallyLoaded:1 Bounds:IsValid=true, Min=(X=-277.541 Y=-120.877 Z=-104.835), Max=(X=528.995 Y=649.708 Z=657.811) RuntimeGrid:None EditorOnly:0 RuntimeOnly:0 HLODRelevant:0
 |   |   |- [+] [ 27]
 |   |   |   |- Guid:533C9A0E440E5ADD58343C8A5B4D0921 BaseClass: NativeClass:/Script/Engine.SkyLight Name:SkyLight_1 Label:SkyLight SpatiallyLoaded:0 Bounds:IsValid=true, Min=(X=0.000 Y=0.000 Z=690.000), Max=(X=0.000 Y=0.000 Z=690.000) RuntimeGrid:None EditorOnly:0 RuntimeOnly:0 HLODRelevant:0 FolderPath:Lighting FolderGuid:963EC3EB4002CCE9759E2EBA541A873A
 |   |   |- [+] [ 28]
 |   |   |   |- Guid:44ED670D4B1EDED8D42BA1946E400BF5 BaseClass: NativeClass:/Script/Engine.SkyAtmosphere Name:SkyAtmosphere_0 Label:SkyAtmosphere SpatiallyLoaded:0 Bounds:IsValid=true, Min=(X=0.000 Y=0.000 Z=1020.000), Max=(X=0.000 Y=0.000 Z=1020.000) RuntimeGrid:None EditorOnly:0 RuntimeOnly:0 HLODRelevant:0 FolderPath:Lighting FolderGuid:963EC3EB4002CCE9759E2EBA541A873A
 |   |   |- [+] [ 29]
 |   |   |   |- Guid:EA32C3F4488BA4F9F68AC89B3861C485 BaseClass:/Game/Blueprints/Objects/Grass.Grass_C NativeClass:/Script/Engine.Actor Name:NewBlueprint_C_UAID_8C8CAAAC26B8434F01_1437554432 Label:NewBlueprint29 SpatiallyLoaded:1 Bounds:IsValid=true, Min=(X=1973.625 Y=170.869 Z=-89.124), Max=(X=2579.935 Y=809.690 Z=64.760) RuntimeGrid:None EditorOnly:0 RuntimeOnly:0 HLODRelevant:0
 |   |   |- [+] [ 30]
 |   |   |   |- Guid:4FC1DBF14C618D334FE7DCB7D2C90A2C BaseClass:/Game/Blueprints/Objects/Grass.Grass_C NativeClass:/Script/Engine.Actor Name:NewBlueprint_C_UAID_8C8CAAAC26B8464F01_1765861972 Label:NewBlueprint37 SpatiallyLoaded:1 Bounds:IsValid=true, Min=(X=2950.012 Y=692.369 Z=-89.124), Max=(X=3646.285 Y=1362.333 Z=64.760) RuntimeGrid:None EditorOnly:0 RuntimeOnly:0 HLODRelevant:0
 |   |   |- [+] [ 31]
 |   |   |   |- Guid:064E5FAC4ED76359DFD329AE65115B3C BaseClass:/Game/Blueprints/Objects/Grass.Grass_C NativeClass:/Script/Engine.Actor Name:NewBlueprint_C_UAID_8C8CAAAC26B83D4F01_1498292338 Label:NewBlueprint7 SpatiallyLoaded:1 Bounds:IsValid=true, Min=(X=1383.625 Y=1510.869 Z=-89.124), Max=(X=1989.935 Y=2149.690 Z=64.760) RuntimeGrid:None EditorOnly:0 RuntimeOnly:0 HLODRelevant:0
 |   |   |- [+] [ 32]
 |   |   |   |- Guid:5665BA0240AB01E2B11F17A0069442E9 BaseClass:/Game/Blueprints/Objects/Tree.Tree_C NativeClass:/Script/Engine.Actor Name:Tree_C_UAID_8C8CAAAC26B8464F01_1878789978 Label:Tree6 SpatiallyLoaded:1 Bounds:IsValid=true, Min=(X=178.537 Y=1122.045 Z=-24.835), Max=(X=985.073 Y=1892.630 Z=737.811) RuntimeGrid:None EditorOnly:0 RuntimeOnly:0 HLODRelevant:0
 |   |   |- [+] [ 33]
 |   |   |   |- Guid:9E16CA0041EBF75C3AB0E68ABB91EF08 BaseClass:/Game/Blueprints/Objects/Grass.Grass_C NativeClass:/Script/Engine.Actor Name:NewBlueprint_C_UAID_8C8CAAAC26B8434F01_1544585438 Label:NewBlueprint35 SpatiallyLoaded:1 Bounds:IsValid=true, Min=(X=-87.160 Y=725.502 Z=-89.124), Max=(X=637.839 Y=1463.150 Z=64.760) RuntimeGrid:None EditorOnly:0 RuntimeOnly:0 HLODRelevant:0
 |   |   |- [+] [ 34]
 |   |   |   |- Guid:74DD97584CFEA856800999868AC566A8 BaseClass:/Game/Blueprints/Objects/Tree.Tree_C NativeClass:/Script/Engine.Actor Name:Tree_C_UAID_8C8CAAAC26B8464F01_1831379975 Label:Tree7 SpatiallyLoaded:1 Bounds:IsValid=true, Min=(X=2896.984 Y=605.185 Z=-24.835), Max=(X=3834.948 Y=1526.926 Z=737.811) RuntimeGrid:None EditorOnly:0 RuntimeOnly:0 HLODRelevant:0
 |   |   |- [+] [ 35]
 |   |   |   |- Guid:9858E64B4A6E628BD4BC318A61B623F3 BaseClass:/Game/Blueprints/Objects/Grass.Grass_C NativeClass:/Script/Engine.Actor Name:NewBlueprint_C_UAID_8C8CAAAC26B8434F01_1295263415 Label:NewBlueprint12 SpatiallyLoaded:1 Bounds:IsValid=true, Min=(X=2453.625 Y=1700.869 Z=-89.124), Max=(X=3059.935 Y=2339.690 Z=64.760) RuntimeGrid:None EditorOnly:0 RuntimeOnly:0 HLODRelevant:0
 |   |   |- [+] [ 36]
 |   |   |   |- Guid:5FE7022B42CEB49B69F9699CE695E42D BaseClass: NativeClass:/Script/Engine.StaticMeshActor Name:StaticMeshActor_11 Label:SM_ChamferCube3 SpatiallyLoaded:1 Bounds:IsValid=true, Min=(X=481.699 Y=2271.699 Z=0.013), Max=(X=618.301 Y=2408.301 Z=100.013) RuntimeGrid:None EditorOnly:0 RuntimeOnly:0 HLODRelevant:0
 |   |   |- [+] [ 37]
 |   |   |   |- Guid:41B692124C457C1011E545A2A3721930 BaseClass:/Game/Blueprints/Objects/Tree.Tree_C NativeClass:/Script/Engine.Actor Name:Tree_C_UAID_8C8CAAAC26B8464F01_2065721990 Label:Tree20 SpatiallyLoaded:1 Bounds:IsValid=true, Min=(X=-277.541 Y=-10.877 Z=-494.835), Max=(X=528.995 Y=759.708 Z=267.811) RuntimeGrid:None EditorOnly:0 RuntimeOnly:0 HLODRelevant:0
 |   |   |- [+] [ 38]
 |   |   |   |- Guid:AB57678A4259AC231BF3D4A7305C729B BaseClass:/Game/Blueprints/Objects/Grass.Grass_C NativeClass:/Script/Engine.Actor Name:NewBlueprint_C_UAID_8C8CAAAC26B8434F01_1340394422 Label:NewBlueprint19 SpatiallyLoaded:1 Bounds:IsValid=true, Min=(X=3266.119 Y=1387.487 Z=-89.124), Max=(X=4018.166 Y=2142.264 Z=64.760) RuntimeGrid:None EditorOnly:0 RuntimeOnly:0 HLODRelevant:0
 |   |   |- [+] [ 39]
 |   |   |   |- Guid:0E375A40415B3EE0747E71BB461E657B BaseClass:/Game/Blueprints/Objects/Grass.Grass_C NativeClass:/Script/Engine.Actor Name:NewBlueprint_C_UAID_8C8CAAAC26B8434F01_1309147417 Label:NewBlueprint14 SpatiallyLoaded:1 Bounds:IsValid=true, Min=(X=282.840 Y=1055.502 Z=-89.124), Max=(X=1007.839 Y=1793.150 Z=64.760) RuntimeGrid:None EditorOnly:0 RuntimeOnly:0 HLODRelevant:0
 |   |   |- [+] [ 40]
 |   |   |   |- Guid:FEEBEEF34C9D3B2B356A4C85724EC0FF BaseClass: NativeClass:/Script/Engine.PlayerStart Name:PlayerStart_0 Label:PlayerStart SpatiallyLoaded:0 Bounds:IsValid=true, Min=(X=860.000 Y=940.000 Z=0.013), Max=(X=940.000 Y=1020.000 Z=184.013) RuntimeGrid:None EditorOnly:0 RuntimeOnly:0 HLODRelevant:0
 |   |   |- [+] [ 41]
 |   |   |   |- Guid:50E766F146B64817802847AA98DCE261 BaseClass:/Game/Blueprints/Objects/Grass.Grass_C NativeClass:/Script/Engine.Actor Name:NewBlueprint_C_UAID_8C8CAAAC26B8434F01_1538055437 Label:NewBlueprint34 SpatiallyLoaded:1 Bounds:IsValid=true, Min=(X=-366.343 Y=414.524 Z=-89.124), Max=(X=382.631 Y=1170.768 Z=64.760) RuntimeGrid:None EditorOnly:0 RuntimeOnly:0 HLODRelevant:0
 |   |   |- [+] [ 42]
 |   |   |   |- Guid:FDF894CD448165EF9E844D898DF03CD6 BaseClass: NativeClass:/Script/Engine.DirectionalLight Name:DirectionalLight_0 Label:DirectionalLight SpatiallyLoaded:0 Bounds:IsValid=true, Min=(X=-4398046511104.000 Y=-4398046511104.000 Z=-4398046511104.000), Max=(X=4398046511104.000 Y=4398046511104.000 Z=4398046511104.000) RuntimeGrid:None EditorOnly:0 RuntimeOnly:0 HLODRelevant:0 FolderPath:Lighting FolderGuid:963EC3EB4002CCE9759E2EBA541A873A
 |   |   |- [+] [ 43]
 |   |   |   |- Guid:CD52523F4E8073C45FCE178B662D9249 BaseClass:/Game/Blueprints/Objects/Tree.Tree_C NativeClass:/Script/Engine.Actor Name:Tree_C_UAID_8C8CAAAC26B8464F01_1770985973 Label:Tree5 SpatiallyLoaded:1 Bounds:IsValid=true, Min=(X=2171.005 Y=610.292 Z=-24.835), Max=(X=2977.541 Y=1380.877 Z=737.811) RuntimeGrid:None EditorOnly:0 RuntimeOnly:0 HLODRelevant:0
 |   |   |- [+] [ 44]
 |   |   |   |- Guid:A13021204AE45CC2F0128F8EC996B593 BaseClass:/Game/Blueprints/TriggerWin.TriggerWin_C NativeClass:/Script/Engine.Actor Name:TriggerWin_C_UAID_F875A4315763304F01_2146477033 Label:TriggerWin SpatiallyLoaded:1 Bounds:IsValid=true, Min=(X=2164.000 Y=1194.000 Z=24.000), Max=(X=2356.000 Y=1386.000 Z=216.000) RuntimeGrid:None EditorOnly:0 RuntimeOnly:0 HLODRelevant:0
 |   |   |- [+] [ 45]
 |   |   |   |- Guid:41CEDF6E4C9C8A1348AE7FA49EBC4EA6 BaseClass:/Game/Blueprints/Objects/Grass.Grass_C NativeClass:/Script/Engine.Actor Name:NewBlueprint_C_UAID_8C8CAAAC26B8434F01_1437557433 Label:NewBlueprint30 SpatiallyLoaded:1 Bounds:IsValid=true, Min=(X=1496.289 Y=-24.064 Z=-114.152), Max=(X=2250.961 Y=734.503 Z=88.993) RuntimeGrid:None EditorOnly:0 RuntimeOnly:0 HLODRelevant:0
 |   |   |- [+] [ 46]
 |   |   |   |- Guid:E002E9C94424D7E4E88FA68185C16D83 BaseClass:/Game/Blueprints/Objects/Grass.Grass_C NativeClass:/Script/Engine.Actor Name:NewBlueprint_C_UAID_8C8CAAAC26B8434F01_1437558434 Label:NewBlueprint31 SpatiallyLoaded:1 Bounds:IsValid=true, Min=(X=1253.625 Y=-109.131 Z=-89.124), Max=(X=1859.935 Y=529.690 Z=64.760) RuntimeGrid:None EditorOnly:0 RuntimeOnly:0 HLODRelevant:0
 |   |   |- [+] [ 47]
 |   |   |   |- Guid:1210F75C4BF5D08087774CB7A8C849D0 BaseClass:/Game/Blueprints/Objects/Tree.Tree_C NativeClass:/Script/Engine.Actor Name:Tree_C_UAID_8C8CAAAC26B8464F01_1757367971 Label:Tree4 SpatiallyLoaded:1 Bounds:IsValid=true, Min=(X=1411.005 Y=100.292 Z=-484.835), Max=(X=2217.541 Y=870.877 Z=277.811) RuntimeGrid:None EditorOnly:0 RuntimeOnly:0 HLODRelevant:0
 |   |   |- [+] [ 48]
 |   |   |   |- Guid:DD43CE2646D366C180772AA8F8E3AE3C BaseClass:/Game/Blueprints/Objects/Tree.Tree_C NativeClass:/Script/Engine.Actor Name:Tree_C_UAID_8C8CAAAC26B8464F01_1748155969 Label:Tree2 SpatiallyLoaded:1 Bounds:IsValid=true, Min=(X=620.947 Y=-58.297 Z=-24.835), Max=(X=1577.207 Y=903.425 Z=737.811) RuntimeGrid:None EditorOnly:0 RuntimeOnly:0 HLODRelevant:0
 |   |   |- [+] [ 49]
 |   |   |   |- Guid:3B9264C349906C21DE6D829C7BECEF6F BaseClass:/Game/Blueprints/Objects/Tree.Tree_C NativeClass:/Script/Engine.Actor Name:Tree_C_UAID_8C8CAAAC26B8464F01_1878793980 Label:Tree10 SpatiallyLoaded:1 Bounds:IsValid=true, Min=(X=853.231 Y=1118.599 Z=-47.252), Max=(X=2287.621 Y=2561.183 Z=1096.717) RuntimeGrid:None EditorOnly:0 RuntimeOnly:0 HLODRelevant:0
 |   |   |- [+] [ 50]
 |   |   |   |- Guid:3868CC114A6167FE44C47287F5CB7B12 BaseClass:/Game/Blueprints/Objects/Tree.Tree_C NativeClass:/Script/Engine.Actor Name:Tree_C_UAID_8C8CAAAC26B8464F01_1900536984 Label:Tree14 SpatiallyLoaded:1 Bounds:IsValid=true, Min=(X=2829.731 Y=1449.517 Z=-24.835), Max=(X=3532.590 Y=2108.056 Z=737.811) RuntimeGrid:None EditorOnly:0 RuntimeOnly:0 HLODRelevant:0
 |   |   |- [+] [ 51]
 |   |   |   |- Guid:3CDB3E6E44B1A64B7AB29CABE18B59FF BaseClass: NativeClass:/Script/Engine.StaticMeshActor Name:StaticMeshActor_1 Label:SM_Cube SpatiallyLoaded:1 Bounds:IsValid=true, Min=(X=0.000 Y=0.000 Z=-50.000), Max=(X=3000.000 Y=3500.000 Z=0.000) RuntimeGrid:None EditorOnly:0 RuntimeOnly:0 HLODRelevant:1 FolderPath:Playground FolderGuid:C73F09FC4215536B1DCE2A9E0A830C70
 |   |   |- [+] [ 52]
 |   |   |   |- Guid:B337E04941EFF4D6E41B45A56987D1C3 BaseClass:/Game/Blueprints/Objects/Grass.Grass_C NativeClass:/Script/Engine.Actor Name:NewBlueprint_C_UAID_8C8CAAAC26B8434F01_1431123431 Label:NewBlueprint28 SpatiallyLoaded:1 Bounds:IsValid=true, Min=(X=567.491 Y=-205.601 Z=-89.124), Max=(X=1166.648 Y=428.328 Z=64.760) RuntimeGrid:None EditorOnly:0 RuntimeOnly:0 HLODRelevant:0
 |   |   |- [+] [ 53]
 |   |   |   |- Guid:CD3B9EEF4A8D5F901495FF984631AAA1 BaseClass:/Game/Blueprints/Objects/Grass.Grass_C NativeClass:/Script/Engine.Actor Name:NewBlueprint_C_UAID_8C8CAAAC26B8434F01_1340400425 Label:NewBlueprint22 SpatiallyLoaded:1 Bounds:IsValid=true, Min=(X=1653.327 Y=1520.005 Z=-89.124), Max=(X=2378.327 Y=2257.653 Z=64.760) RuntimeGrid:None EditorOnly:0 RuntimeOnly:0 HLODRelevant:0
 |   |   |- [+] [ 54]
 |   |   |   |- Guid:7C79D4DF40DC19B597E4D6895A7C9A26 BaseClass:/Game/Blueprints/Objects/Grass.Grass_C NativeClass:/Script/Engine.Actor Name:NewBlueprint_C_UAID_8C8CAAAC26B8434F01_1261142411 Label:NewBlueprint8 SpatiallyLoaded:1 Bounds:IsValid=true, Min=(X=1973.625 Y=530.869 Z=-89.124), Max=(X=2579.935 Y=1169.690 Z=64.760) RuntimeGrid:None EditorOnly:0 RuntimeOnly:0 HLODRelevant:0
 |   |   |- [+] [ 55]
 |   |   |   |- Guid:A39276574F218C45F1FE6883083685AE BaseClass:/Game/Blueprints/TriggerLose.TriggerLose_C NativeClass:/Script/Engine.Actor Name:TriggerLose_C_UAID_F875A4315763324F01_1989040386 Label:TriggerLose SpatiallyLoaded:1 Bounds:IsValid=true, Min=(X=1424.000 Y=804.000 Z=0.000), Max=(X=1616.000 Y=996.000 Z=484.173) RuntimeGrid:None EditorOnly:0 RuntimeOnly:0 HLODRelevant:0
 |   |   |- [+] [ 56]
 |   |   |   |- Guid:0A2013A440BA416B5F86DCB42C8410C5 BaseClass:/Game/Blueprints/Objects/Grass.Grass_C NativeClass:/Script/Engine.Actor Name:NewBlueprint_C_UAID_8C8CAAAC26B8434F01_1283544413 Label:NewBlueprint10 SpatiallyLoaded:1 Bounds:IsValid=true, Min=(X=2746.119 Y=1107.487 Z=-89.124), Max=(X=3498.166 Y=1862.264 Z=64.760) RuntimeGrid:None EditorOnly:0 RuntimeOnly:0 HLODRelevant:0
 |   |   |- [+] [ 57]
 |   |   |   |- Guid:FCD194624FB9719B31249DA95F536D03 BaseClass:/Game/Blueprints/Objects/Grass.Grass_C NativeClass:/Script/Engine.Actor Name:NewBlueprint_C_UAID_8C8CAAAC26B8434F01_1340398424 Label:NewBlueprint21 SpatiallyLoaded:1 Bounds:IsValid=true, Min=(X=2773.657 Y=1634.524 Z=-89.124), Max=(X=3522.631 Y=2390.768 Z=64.760) RuntimeGrid:None EditorOnly:0 RuntimeOnly:0 HLODRelevant:0
 |   |   |- [+] [ 58]
 |   |   |   |- Guid:04612EDE41112C1DE1011B8F7EE91559 BaseClass:/Game/Blueprints/Objects/Grass.Grass_C NativeClass:/Script/Engine.Actor Name:NewBlueprint_C_UAID_8C8CAAAC26B8434F01_1340396423 Label:NewBlueprint20 SpatiallyLoaded:1 Bounds:IsValid=true, Min=(X=2981.048 Y=1161.243 Z=-89.124), Max=(X=3733.095 Y=1916.021 Z=64.760) RuntimeGrid:None EditorOnly:0 RuntimeOnly:0 HLODRelevant:0
 |   |   |- [+] [ 59]
 |   |   |   |- Guid:8B6A798E428501FE112617987404DBE7 BaseClass:/Game/Blueprints/Objects/Grass.Grass_C NativeClass:/Script/Engine.Actor Name:NewBlueprint_C_UAID_8C8CAAAC26B8434F01_1309150418 Label:NewBlueprint15 SpatiallyLoaded:1 Bounds:IsValid=true, Min=(X=1133.327 Y=1510.005 Z=-89.124), Max=(X=1858.327 Y=2247.653 Z=64.760) RuntimeGrid:None EditorOnly:0 RuntimeOnly:0 HLODRelevant:0
 |   |   |- [+] [ 60]
 |   |   |   |- Guid:3FB232FF453BE36602264BA594E6EC2E BaseClass:/Game/Blueprints/Objects/Tree.Tree_C NativeClass:/Script/Engine.Actor Name:Tree_C_UAID_8C8CAAAC26B8464F01_1508731968 Label:Tree SpatiallyLoaded:1 Bounds:IsValid=true, Min=(X=248.943 Y=-90.277 Z=-24.835), Max=(X=951.803 Y=568.262 Z=737.811) RuntimeGrid:None EditorOnly:0 RuntimeOnly:0 HLODRelevant:0
 |   |   |- [+] [ 61]
 |   |   |   |- Guid:1D09CF3941553C0916BD6394829F55B0 BaseClass:/Game/Blueprints/Objects/Tree.Tree_C NativeClass:/Script/Engine.Actor Name:Tree_C_UAID_8C8CAAAC26B8464F01_1757364970 Label:Tree3 SpatiallyLoaded:1 Bounds:IsValid=true, Min=(X=1199.380 Y=-153.730 Z=-24.835), Max=(X=2161.103 Y=802.530 Z=737.811) RuntimeGrid:None EditorOnly:0 RuntimeOnly:0 HLODRelevant:0
 |   |   |- [+] [ 62]
 |   |   |   |- Guid:38A748A0402E46DD731D3AA736700281 BaseClass:/Game/Blueprints/Objects/Grass.Grass_C NativeClass:/Script/Engine.Actor Name:NewBlueprint_C_UAID_8C8CAAAC26B8434F01_1529772435 Label:NewBlueprint32 SpatiallyLoaded:1 Bounds:IsValid=true, Min=(X=143.657 Y=-265.476 Z=-89.124), Max=(X=892.631 Y=490.768 Z=64.760) RuntimeGrid:None EditorOnly:0 RuntimeOnly:0 HLODRelevant:0
 |   |   |- [+] [ 63]
 |   |   |   |- Guid:B3048ECC42948A9C9EC9C3B6F5E0C3C1 BaseClass:/Game/Blueprints/Objects/Grass.Grass_C NativeClass:/Script/Engine.Actor Name:NewBlueprint_C_UAID_8C8CAAAC26B8434F01_1268364412 Label:NewBlueprint9 SpatiallyLoaded:1 Bounds:IsValid=true, Min=(X=1491.048 Y=331.243 Z=-89.124), Max=(X=2243.095 Y=1086.021 Z=64.760) RuntimeGrid:None EditorOnly:0 RuntimeOnly:0 HLODRelevant:0
 |   |   |- [+] [ 64]
 |   |   |   |- Guid:D5C58C474265A60E54F9F6A1C01EFEB6 BaseClass:/Game/Blueprints/Objects/Tree.Tree_C NativeClass:/Script/Engine.Actor Name:Tree_C_UAID_8C8CAAAC26B8464F01_2032465987 Label:Tree17 SpatiallyLoaded:1 Bounds:IsValid=true, Min=(X=1841.005 Y=210.292 Z=-134.835), Max=(X=2647.541 Y=980.877 Z=627.811) RuntimeGrid:None EditorOnly:0 RuntimeOnly:0 HLODRelevant:0
 |- ContainerInstances:
 |- [+] MainContainer:
 |   |-        ID: 0x0000000000000000
 |   |-    Bounds: IsValid=false, Min=(X=0.000 Y=0.000 Z=0.000), Max=(X=0.000 Y=0.000 Z=0.000)
 |   |- Transform: 0.000000,0.000000,0.000000|0.000000,0.000000,-0.000000|1.000000,1.000000,1.000000
 |   |- Container: /Game/Scenes/Bartosz
----------------------------------------------------------------------------------------------------------------
Bartosz - Persistent Level
----------------------------------------------------------------------------------------------------------------
Always loaded Actor Count: 73 

----------------------------------------------------------------------------------------------------------------
Bartosz - Runtime Spatial Hash - Streaming Grid - MainGrid
----------------------------------------------------------------------------------------------------------------
            Origin: X=0.000 Y=0.000 Z=0.000
         Cell Size: 12800
      World Bounds: IsValid=false, Min=(X=0.000 Y=0.000 Z=0.000), Max=(X=0.000 Y=0.000 Z=0.000)
     Loading Range: 25600.00
Block Slow Loading: No
 ClientOnlyVisible: No

[+] Grid Levels: 1
 |- Level  0: Cell Count    0 | Cell Size   12800 | Actor Count    0 (0.0%)

[+] Content of Grid Level 0

