[+] Containers:
 |- [+] Container: /Game/Scenes/Lvl3
 |   |- [+] ActorDescs:
 |   |   |- Guid:003CDF524D6121C37802EBA6261F78C3 BaseClass: NativeClass:/Script/Engine.SkyAtmosphere Name:SkyAtmosphere_0 Label:SkyAtmosphere SpatiallyLoaded:0 Bounds:IsValid=true, Min=(X=0.000 Y=0.000 Z=1020.000), Max=(X=0.000 Y=0.000 Z=1020.000) RuntimeGrid:None EditorOnly:0 RuntimeOnly:0 HLODRelevant:0 FolderPath:Lighting FolderGuid:963EC3EB4002CCE9759E2EBA541A873A
 |   |   |- Guid:01DF11C9433353989FCE678299C45677 BaseClass:/Game/Blueprints/Objects/Tree.Tree_C NativeClass:/Script/Engine.Actor Name:Tree_C_UAID_8C8CAAAC26B8464F01_1748155969 Label:Tree2 SpatiallyLoaded:1 Bounds:IsValid=true, Min=(X=620.947 Y=-58.297 Z=-24.835), Max=(X=1577.207 Y=903.425 Z=737.811) RuntimeGrid:None EditorOnly:0 RuntimeOnly:0 HLODRelevant:0
 |   |   |- Guid:12AA28D846A01DD37EF51AAFEDE4FB18 BaseClass: NativeClass:/Script/Engine.StaticMeshActor Name:StaticMeshActor_UAID_8C8CAAAC26B8484F01_1204364347 Label:Cube4 SpatiallyLoaded:1 Bounds:IsValid=true, Min=(X=2677.525 Y=826.354 Z=-1777.500), Max=(X=4122.474 Y=4572.342 Z=497.500) RuntimeGrid:None EditorOnly:0 RuntimeOnly:0 HLODRelevant:1
 |   |   |- Guid:1FEA35B84F5EF91D6D433DA7A85C7FA5 BaseClass:/Game/Blueprints/Objects/Tree.Tree_C NativeClass:/Script/Engine.Actor Name:Tree_C_UAID_8C8CAAAC26B8464F01_2032465987 Label:Tree17 SpatiallyLoaded:1 Bounds:IsValid=true, Min=(X=1841.005 Y=210.292 Z=-134.835), Max=(X=2647.541 Y=980.877 Z=627.811) RuntimeGrid:None EditorOnly:0 RuntimeOnly:0 HLODRelevant:0
 |   |   |- Guid:259CF1834E8D113C1F89619EBB70AF98 BaseClass:/Game/Blueprints/Objects/Tree.Tree_C NativeClass:/Script/Engine.Actor Name:Tree_C_UAID_8C8CAAAC26B8464F01_2075108991 Label:Tree21 SpatiallyLoaded:1 Bounds:IsValid=true, Min=(X=-277.541 Y=-120.877 Z=-104.835), Max=(X=528.995 Y=649.708 Z=657.811) RuntimeGrid:None EditorOnly:0 RuntimeOnly:0 HLODRelevant:0
 |   |   |- Guid:26D28417495123117D0C15ACE90ADA71 BaseClass: NativeClass:/Script/Engine.StaticMeshActor Name:StaticMeshActor_UAID_8C8CAAAC26B8474F01_1831395168 Label:Cube SpatiallyLoaded:1 Bounds:IsValid=true, Min=(X=-814.644 Y=3111.413 Z=-1777.500), Max=(X=2931.343 Y=4556.362 Z=497.500) RuntimeGrid:None EditorOnly:0 RuntimeOnly:0 HLODRelevant:1
 |   |   |- Guid:27175F0241B698C78CA71CBF66F60762 BaseClass:/Game/Blueprints/Objects/house.house_C NativeClass:/Script/Engine.Actor Name:house_C_UAID_8C8CAAAC26B84C4F01_1658966963 Label:house SpatiallyLoaded:1 Bounds:IsValid=true, Min=(X=284.739 Y=2124.645 Z=-31.939), Max=(X=760.000 Y=2595.355 Z=396.095) RuntimeGrid:None EditorOnly:0 RuntimeOnly:0 HLODRelevant:0
 |   |   |- Guid:2CB8D1B748CA7FB206E95D8FC9272510 BaseClass:/Game/Blueprints/Objects/mushroom.mushroom_C NativeClass:/Script/Engine.Actor Name:mushroom_C_UAID_8C8CAAAC26B8484F01_1656069349 Label:mushroom2 SpatiallyLoaded:1 Bounds:IsValid=true, Min=(X=2583.721 Y=723.750 Z=29.289), Max=(X=2655.594 Y=798.226 Z=97.864) RuntimeGrid:None EditorOnly:0 RuntimeOnly:0 HLODRelevant:0
 |   |   |- Guid:3239187F4A171264018DC7BEA7B71CA6 BaseClass:/Game/Blueprints/Objects/Grass.Grass_C NativeClass:/Script/Engine.Actor Name:NewBlueprint_C_UAID_8C8CAAAC26B8434F01_1283544413 Label:NewBlueprint10 SpatiallyLoaded:1 Bounds:IsValid=true, Min=(X=2746.119 Y=1107.487 Z=-89.124), Max=(X=3498.166 Y=1862.264 Z=64.760) RuntimeGrid:None EditorOnly:0 RuntimeOnly:0 HLODRelevant:0
 |   |   |- Guid:334021D24CBCF07AE3F80FBBA7FA7B4B BaseClass:/Game/Blueprints/Objects/Grass.Grass_C NativeClass:/Script/Engine.Actor Name:NewBlueprint_C_UAID_8C8CAAAC26B8434F01_1319297421 Label:NewBlueprint18 SpatiallyLoaded:1 Bounds:IsValid=true, Min=(X=847.491 Y=114.399 Z=-89.124), Max=(X=1446.648 Y=748.328 Z=64.760) RuntimeGrid:None EditorOnly:0 RuntimeOnly:0 HLODRelevant:0
 |   |   |- Guid:34ED390B4EEDA356135C259965293611 BaseClass: NativeClass:/Script/Engine.VolumetricCloud Name:VolumetricCloud_0 Label:VolumetricCloud SpatiallyLoaded:0 Bounds:IsValid=true, Min=(X=0.000 Y=0.000 Z=820.000), Max=(X=0.000 Y=0.000 Z=820.000) RuntimeGrid:None EditorOnly:0 RuntimeOnly:0 HLODRelevant:0 FolderPath:Lighting FolderGuid:963EC3EB4002CCE9759E2EBA541A873A
 |   |   |- Guid:398709C0461236D3880C9BA310ADBA93 BaseClass:/Game/Blueprints/Objects/Grass.Grass_C NativeClass:/Script/Engine.Actor Name:NewBlueprint_C_UAID_8C8CAAAC26B8464F01_1765861972 Label:NewBlueprint37 SpatiallyLoaded:1 Bounds:IsValid=true, Min=(X=2950.012 Y=692.369 Z=-89.124), Max=(X=3646.285 Y=1362.333 Z=64.760) RuntimeGrid:None EditorOnly:0 RuntimeOnly:0 HLODRelevant:0
 |   |   |- Guid:3F8A05D9452D8E44260FCEA633CD33C5 BaseClass: NativeClass:/Script/Engine.StaticMeshActor Name:StaticMeshActor_UAID_8C8CAAAC26B8484F01_1182633345 Label:Cube2 SpatiallyLoaded:1 Bounds:IsValid=true, Min=(X=557.006 Y=-382.474 Z=-1777.500), Max=(X=4302.994 Y=1062.474 Z=497.500) RuntimeGrid:None EditorOnly:0 RuntimeOnly:0 HLODRelevant:1
 |   |   |- Guid:45FFCC3A4EF5624993732FB79F228302 BaseClass:/Game/Blueprints/Objects/Tree.Tree_C NativeClass:/Script/Engine.Actor Name:Tree_C_UAID_8C8CAAAC26B8464F01_1757367971 Label:Tree4 SpatiallyLoaded:1 Bounds:IsValid=true, Min=(X=1411.005 Y=100.292 Z=-484.835), Max=(X=2217.541 Y=870.877 Z=277.811) RuntimeGrid:None EditorOnly:0 RuntimeOnly:0 HLODRelevant:0
 |   |   |- Guid:477D9C02430EC676B6BF6EB45B7494A0 BaseClass:/Game/Blueprints/Objects/mushroom.mushroom_C NativeClass:/Script/Engine.Actor Name:mushroom_C_UAID_8C8CAAAC26B8484F01_1728756361 Label:mushroom14 SpatiallyLoaded:1 Bounds:IsValid=true, Min=(X=3193.721 Y=1453.750 Z=39.289), Max=(X=3265.594 Y=1528.226 Z=107.864) RuntimeGrid:None EditorOnly:0 RuntimeOnly:0 HLODRelevant:0
 |   |   |- Guid:4CBE74DE471E4594DBF21CAFDAA93A81 BaseClass:/Game/Blueprints/Objects/Grass.Grass_C NativeClass:/Script/Engine.Actor Name:NewBlueprint_C_UAID_8C8CAAAC26B8434F01_1431123431 Label:NewBlueprint28 SpatiallyLoaded:1 Bounds:IsValid=true, Min=(X=567.491 Y=-205.601 Z=-89.124), Max=(X=1166.648 Y=428.328 Z=64.760) RuntimeGrid:None EditorOnly:0 RuntimeOnly:0 HLODRelevant:0
 |   |   |- Guid:4D8F89934C685047D537C0BDD5EE1600 BaseClass: NativeClass:/Script/Engine.SkyLight Name:SkyLight_1 Label:SkyLight SpatiallyLoaded:0 Bounds:IsValid=true, Min=(X=0.000 Y=0.000 Z=690.000), Max=(X=0.000 Y=0.000 Z=690.000) RuntimeGrid:None EditorOnly:0 RuntimeOnly:0 HLODRelevant:0 FolderPath:Lighting FolderGuid:963EC3EB4002CCE9759E2EBA541A873A
 |   |   |- Guid:572513764C652610575829B11BE171BD BaseClass:/Game/Blueprints/Objects/Grass.Grass_C NativeClass:/Script/Engine.Actor Name:NewBlueprint_C_UAID_8C8CAAAC26B8434F01_1529772435 Label:NewBlueprint32 SpatiallyLoaded:1 Bounds:IsValid=true, Min=(X=143.657 Y=-265.476 Z=-89.124), Max=(X=892.631 Y=490.768 Z=64.760) RuntimeGrid:None EditorOnly:0 RuntimeOnly:0 HLODRelevant:0
 |   |   |- Guid:595FD298432EE9847B8DFDB09B8B945D BaseClass:/Game/Blueprints/Objects/mushroom.mushroom_C NativeClass:/Script/Engine.Actor Name:mushroom_C_UAID_8C8CAAAC26B8484F01_1662644350 Label:mushroom3 SpatiallyLoaded:1 Bounds:IsValid=true, Min=(X=1383.721 Y=543.750 Z=39.289), Max=(X=1455.594 Y=618.226 Z=107.864) RuntimeGrid:None EditorOnly:0 RuntimeOnly:0 HLODRelevant:0
 |   |   |- Guid:6333CE434B4975722DF276B8BC056381 BaseClass: NativeClass:/Script/Engine.StaticMeshActor Name:StaticMeshActor_UAID_8C8CAAAC26B8484F01_1189393346 Label:Cube3 SpatiallyLoaded:1 Bounds:IsValid=true, Min=(X=-716.150 Y=-460.282 Z=-1777.500), Max=(X=728.799 Y=3285.705 Z=497.500) RuntimeGrid:None EditorOnly:0 RuntimeOnly:0 HLODRelevant:1
 |   |   |- Guid:699820514D5837D4F924D5806E431A9C BaseClass:/Game/Blueprints/TriggerLose.TriggerLose_C NativeClass:/Script/Engine.Actor Name:TriggerLose_C_UAID_8C8CAAAC26B84A4F01_1507268607 Label:TriggerLose SpatiallyLoaded:1 Bounds:IsValid=true, Min=(X=1774.000 Y=1684.000 Z=-90.000), Max=(X=1966.000 Y=1876.000 Z=394.173) RuntimeGrid:None EditorOnly:0 RuntimeOnly:0 HLODRelevant:0
 |   |   |- Guid:6B6641C64E5F0419C9C70D913AF03AE8 BaseClass: NativeClass:/Script/Engine.WorldDataLayers Name:WorldDataLayers Label:WorldDataLayers SpatiallyLoaded:0 Bounds:IsValid=true, Min=(X=0.000 Y=0.000 Z=0.000), Max=(X=0.000 Y=0.000 Z=0.000) RuntimeGrid:None EditorOnly:0 RuntimeOnly:0 HLODRelevant:0
 |   |   |- Guid:6C08A2B94F235490FEA96DA80D5BD4AD BaseClass: NativeClass:/Script/Engine.PostProcessVolume Name:PostProcessVolume_0 Label:PostProcessVolume SpatiallyLoaded:0 Bounds:IsValid=true, Min=(X=0.000 Y=0.000 Z=400.000), Max=(X=200.000 Y=200.000 Z=600.000) RuntimeGrid:None EditorOnly:0 RuntimeOnly:0 HLODRelevant:0 FolderPath:Lighting FolderGuid:963EC3EB4002CCE9759E2EBA541A873A
 |   |   |- Guid:709F5F9F4A63400C634B978F62C6A7D3 BaseClass:/Game/Blueprints/Objects/Tree.Tree_C NativeClass:/Script/Engine.Actor Name:Tree_C_UAID_8C8CAAAC26B8464F01_1857094977 Label:Tree9 SpatiallyLoaded:1 Bounds:IsValid=true, Min=(X=2776.984 Y=1035.185 Z=-124.835), Max=(X=3714.948 Y=1956.926 Z=637.811) RuntimeGrid:None EditorOnly:0 RuntimeOnly:0 HLODRelevant:0
 |   |   |- Guid:731A24C245F6DD65AB734AB746CBC3C7 BaseClass:/Game/Blueprints/Objects/Grass.Grass_C NativeClass:/Script/Engine.Actor Name:NewBlueprint_C_UAID_8C8CAAAC26B8434F01_1538055437 Label:NewBlueprint34 SpatiallyLoaded:1 Bounds:IsValid=true, Min=(X=-366.343 Y=414.524 Z=-89.124), Max=(X=382.631 Y=1170.768 Z=64.760) RuntimeGrid:None EditorOnly:0 RuntimeOnly:0 HLODRelevant:0
 |   |   |- Guid:740E76DD46CFD1812B2997816B3B4DAA BaseClass:/Game/Blueprints/Objects/Grass.Grass_C NativeClass:/Script/Engine.Actor Name:NewBlueprint_C_UAID_8C8CAAAC26B8434F01_1544585438 Label:NewBlueprint35 SpatiallyLoaded:1 Bounds:IsValid=true, Min=(X=-87.160 Y=725.502 Z=-89.124), Max=(X=637.839 Y=1463.150 Z=64.760) RuntimeGrid:None EditorOnly:0 RuntimeOnly:0 HLODRelevant:0
 |   |   |- Guid:758CE47945D9DD167AD820874ED49BEE BaseClass:/Game/Blueprints/Objects/Tree.Tree_C NativeClass:/Script/Engine.Actor Name:Tree_C_UAID_8C8CAAAC26B8464F01_1508731968 Label:Tree SpatiallyLoaded:1 Bounds:IsValid=true, Min=(X=248.943 Y=-90.277 Z=-24.835), Max=(X=951.803 Y=568.262 Z=737.811) RuntimeGrid:None EditorOnly:0 RuntimeOnly:0 HLODRelevant:0
 |   |   |- Guid:804EFF9C41DCB61E708D6096F63DBA36 BaseClass:/Game/Blueprints/Objects/Grass.Grass_C NativeClass:/Script/Engine.Actor Name:NewBlueprint_C_UAID_8C8CAAAC26B8434F01_1437558434 Label:NewBlueprint31 SpatiallyLoaded:1 Bounds:IsValid=true, Min=(X=1253.625 Y=-109.131 Z=-89.124), Max=(X=1859.935 Y=529.690 Z=64.760) RuntimeGrid:None EditorOnly:0 RuntimeOnly:0 HLODRelevant:0
 |   |   |- Guid:842B8CD6484B52EB7EF966B69A5B55F6 BaseClass:/Game/Blueprints/Objects/Grass.Grass_C NativeClass:/Script/Engine.Actor Name:NewBlueprint_C_UAID_8C8CAAAC26B8434F01_1340394422 Label:NewBlueprint19 SpatiallyLoaded:1 Bounds:IsValid=true, Min=(X=3266.119 Y=1387.487 Z=-89.124), Max=(X=4018.166 Y=2142.264 Z=64.760) RuntimeGrid:None EditorOnly:0 RuntimeOnly:0 HLODRelevant:0
 |   |   |- Guid:8436BC5F43390121703B50A975ED008A BaseClass:/Game/Blueprints/Objects/mushroom.mushroom_C NativeClass:/Script/Engine.Actor Name:mushroom_C_UAID_8C8CAAAC26B8484F01_1668490352 Label:mushroom5 SpatiallyLoaded:1 Bounds:IsValid=true, Min=(X=543.721 Y=223.750 Z=19.289), Max=(X=615.594 Y=298.226 Z=87.864) RuntimeGrid:None EditorOnly:0 RuntimeOnly:0 HLODRelevant:0
 |   |   |- Guid:924A3F004AFDABF3FC665BA67B032DFF BaseClass:/Game/Blueprints/Objects/Grass.Grass_C NativeClass:/Script/Engine.Actor Name:NewBlueprint_C_UAID_8C8CAAAC26B8434F01_1340398424 Label:NewBlueprint21 SpatiallyLoaded:1 Bounds:IsValid=true, Min=(X=2773.657 Y=1634.524 Z=-89.124), Max=(X=3522.631 Y=2390.768 Z=64.760) RuntimeGrid:None EditorOnly:0 RuntimeOnly:0 HLODRelevant:0
 |   |   |- Guid:9682016E4F4FFF9E257FA68782BFFEC5 BaseClass:/Game/Blueprints/Objects/Grass.Grass_C NativeClass:/Script/Engine.Actor Name:NewBlueprint_C_UAID_8C8CAAAC26B8434F01_1319294420 Label:NewBlueprint17 SpatiallyLoaded:1 Bounds:IsValid=true, Min=(X=1253.625 Y=250.869 Z=-89.124), Max=(X=1859.935 Y=889.690 Z=64.760) RuntimeGrid:None EditorOnly:0 RuntimeOnly:0 HLODRelevant:0
 |   |   |- Guid:9D9A63004BC4F9D6BD86FE8ED7F02844 BaseClass:/Game/Blueprints/Objects/Grass.Grass_C NativeClass:/Script/Engine.Actor Name:NewBlueprint_C_UAID_8C8CAAAC26B8434F01_1261142411 Label:NewBlueprint8 SpatiallyLoaded:1 Bounds:IsValid=true, Min=(X=1973.625 Y=530.869 Z=-89.124), Max=(X=2579.935 Y=1169.690 Z=64.760) RuntimeGrid:None EditorOnly:0 RuntimeOnly:0 HLODRelevant:0
 |   |   |- Guid:9D9FF336455280A673D75EB71A6945AE BaseClass:/Game/Blueprints/Objects/mushroom.mushroom_C NativeClass:/Script/Engine.Actor Name:mushroom_C_UAID_8C8CAAAC26B8484F01_1667265351 Label:mushroom4 SpatiallyLoaded:1 Bounds:IsValid=true, Min=(X=673.721 Y=243.750 Z=29.289), Max=(X=745.594 Y=318.226 Z=97.864) RuntimeGrid:None EditorOnly:0 RuntimeOnly:0 HLODRelevant:0
 |   |   |- Guid:9DF1CD3C44C7C8EDFB4730BAE286B14D BaseClass:/Game/Blueprints/Objects/Muud.Muud_C NativeClass:/Script/Engine.Actor Name:Muud_C_UAID_8C8CAAAC26B83D4F01_1178665323 Label:Muud SpatiallyLoaded:1 Bounds:IsValid=true, Min=(X=-232.453 Y=-339.789 Z=-120.000), Max=(X=4212.453 Y=2801.443 Z=-20.000) RuntimeGrid:None EditorOnly:0 RuntimeOnly:0 HLODRelevant:0
 |   |   |- Guid:9E99848843981AD00B206AA188C2AD14 BaseClass:/Game/Blueprints/Objects/Grass.Grass_C NativeClass:/Script/Engine.Actor Name:NewBlueprint_C_UAID_8C8CAAAC26B8434F01_1533854436 Label:NewBlueprint33 SpatiallyLoaded:1 Bounds:IsValid=true, Min=(X=-236.343 Y=-5.476 Z=-89.124), Max=(X=512.631 Y=750.768 Z=64.760) RuntimeGrid:None EditorOnly:0 RuntimeOnly:0 HLODRelevant:0
 |   |   |- Guid:9EE14D474E6615EBD0B857973E63FF6A BaseClass:/Game/Blueprints/Objects/Grass.Grass_C NativeClass:/Script/Engine.Actor Name:NewBlueprint_C_UAID_8C8CAAAC26B8434F01_1340396423 Label:NewBlueprint20 SpatiallyLoaded:1 Bounds:IsValid=true, Min=(X=2981.048 Y=1161.243 Z=-89.124), Max=(X=3733.095 Y=1916.021 Z=64.760) RuntimeGrid:None EditorOnly:0 RuntimeOnly:0 HLODRelevant:0
 |   |   |- Guid:9FD0BDCA46C02741CFBA4BBD320FCA57 BaseClass:/Game/Blueprints/Objects/mushroom.mushroom_C NativeClass:/Script/Engine.Actor Name:mushroom_C_UAID_8C8CAAAC26B8484F01_1609643348 Label:mushroom SpatiallyLoaded:1 Bounds:IsValid=true, Min=(X=2243.721 Y=723.750 Z=29.289), Max=(X=2315.594 Y=798.226 Z=97.864) RuntimeGrid:None EditorOnly:0 RuntimeOnly:0 HLODRelevant:0
 |   |   |- Guid:A57402A8411C8DB5E72356B999F66BF7 BaseClass:/Game/Blueprints/Objects/Grass.Grass_C NativeClass:/Script/Engine.Actor Name:NewBlueprint_C_UAID_8C8CAAAC26B8434F01_1437557433 Label:NewBlueprint30 SpatiallyLoaded:1 Bounds:IsValid=true, Min=(X=1496.289 Y=-24.064 Z=-114.152), Max=(X=2250.961 Y=734.503 Z=88.993) RuntimeGrid:None EditorOnly:0 RuntimeOnly:0 HLODRelevant:0
 |   |   |- Guid:AE0EDE7548B3B29A2940FDA955409031 BaseClass:/Game/Blueprints/Objects/Grass.Grass_C NativeClass:/Script/Engine.Actor Name:NewBlueprint_C_UAID_8C8CAAAC26B8434F01_1437554432 Label:NewBlueprint29 SpatiallyLoaded:1 Bounds:IsValid=true, Min=(X=1973.625 Y=170.869 Z=-89.124), Max=(X=2579.935 Y=809.690 Z=64.760) RuntimeGrid:None EditorOnly:0 RuntimeOnly:0 HLODRelevant:0
 |   |   |- Guid:B9E41D07413DAED9E11CCEA7AF941EAB BaseClass:/Game/Blueprints/Objects/mushroom.mushroom_C NativeClass:/Script/Engine.Actor Name:mushroom_C_UAID_8C8CAAAC26B8484F01_1677787353 Label:mushroom6 SpatiallyLoaded:1 Bounds:IsValid=true, Min=(X=143.721 Y=713.750 Z=49.289), Max=(X=215.594 Y=788.226 Z=117.864) RuntimeGrid:None EditorOnly:0 RuntimeOnly:0 HLODRelevant:0
 |   |   |- Guid:BD16331249EDE66959C9C98F8E3D41FD BaseClass:/Game/Blueprints/Objects/Grass.Grass_C NativeClass:/Script/Engine.Actor Name:NewBlueprint_C_UAID_8C8CAAAC26B8434F01_1283547414 Label:NewBlueprint11 SpatiallyLoaded:1 Bounds:IsValid=true, Min=(X=2490.012 Y=822.369 Z=-69.124), Max=(X=3186.285 Y=1492.333 Z=84.760) RuntimeGrid:None EditorOnly:0 RuntimeOnly:0 HLODRelevant:0
 |   |   |- Guid:BE8648AC437589D4C566B99D0E974E47 BaseClass:/Game/Blueprints/Objects/Tree.Tree_C NativeClass:/Script/Engine.Actor Name:Tree_C_UAID_8C8CAAAC26B8464F01_1900536984 Label:Tree14 SpatiallyLoaded:1 Bounds:IsValid=true, Min=(X=2829.731 Y=1449.517 Z=-24.835), Max=(X=3532.590 Y=2108.056 Z=737.811) RuntimeGrid:None EditorOnly:0 RuntimeOnly:0 HLODRelevant:0
 |   |   |- Guid:C0D637E645A4324B6023108665274C1D BaseClass:/Game/Blueprints/Objects/Tree.Tree_C NativeClass:/Script/Engine.Actor Name:Tree_C_UAID_8C8CAAAC26B8464F01_1770985973 Label:Tree5 SpatiallyLoaded:1 Bounds:IsValid=true, Min=(X=2171.005 Y=610.292 Z=-24.835), Max=(X=2977.541 Y=1380.877 Z=737.811) RuntimeGrid:None EditorOnly:0 RuntimeOnly:0 HLODRelevant:0
 |   |   |- Guid:C24F9C2D477D6DFCCF4614BE7CAE53E1 BaseClass: NativeClass:/Script/Engine.ExponentialHeightFog Name:ExponentialHeightFog_0 Label:ExponentialHeightFog SpatiallyLoaded:0 Bounds:IsValid=true, Min=(X=-5600.000 Y=-50.000 Z=-6850.000), Max=(X=-5600.000 Y=-50.000 Z=-6850.000) RuntimeGrid:None EditorOnly:0 RuntimeOnly:0 HLODRelevant:0 FolderPath:Lighting FolderGuid:963EC3EB4002CCE9759E2EBA541A873A
 |   |   |- Guid:C4DB14D441A7BEDF5F5DCF9AF0C02A6B BaseClass:/Game/Blueprints/Objects/Tree.Tree_C NativeClass:/Script/Engine.Actor Name:Tree_C_UAID_8C8CAAAC26B8464F01_1757364970 Label:Tree3 SpatiallyLoaded:1 Bounds:IsValid=true, Min=(X=1199.380 Y=-153.730 Z=-24.835), Max=(X=2161.103 Y=802.530 Z=737.811) RuntimeGrid:None EditorOnly:0 RuntimeOnly:0 HLODRelevant:0
 |   |   |- Guid:C68CAAFA4C987048F5B3A8917C646E12 BaseClass:/Game/Blueprints/Objects/mushroom.mushroom_C NativeClass:/Script/Engine.Actor Name:mushroom_C_UAID_8C8CAAAC26B8484F01_1679128354 Label:mushroom7 SpatiallyLoaded:1 Bounds:IsValid=true, Min=(X=243.721 Y=1163.750 Z=29.289), Max=(X=315.594 Y=1238.226 Z=97.864) RuntimeGrid:None EditorOnly:0 RuntimeOnly:0 HLODRelevant:0
 |   |   |- Guid:CF1A5D414BBE9EEBCEE2E9A86F625AE7 BaseClass:/Game/Blueprints/Objects/Tree.Tree_C NativeClass:/Script/Engine.Actor Name:Tree_C_UAID_8C8CAAAC26B8464F01_2065721990 Label:Tree20 SpatiallyLoaded:1 Bounds:IsValid=true, Min=(X=-277.541 Y=-10.877 Z=-494.835), Max=(X=528.995 Y=759.708 Z=267.811) RuntimeGrid:None EditorOnly:0 RuntimeOnly:0 HLODRelevant:0
 |   |   |- Guid:CF79AC90402D43424DE5ECAA6200B914 BaseClass: NativeClass:/Script/Engine.PlayerStart Name:PlayerStart_0 Label:PlayerStart SpatiallyLoaded:0 Bounds:IsValid=true, Min=(X=1938.271 Y=1130.000 Z=60.013), Max=(X=2018.271 Y=1210.000 Z=244.013) RuntimeGrid:None EditorOnly:0 RuntimeOnly:0 HLODRelevant:0
 |   |   |- Guid:D5D457CE4B76B17E26093DADDF27E0D2 BaseClass:/Game/Blueprints/Objects/Muud.Muud_C NativeClass:/Script/Engine.Actor Name:Muud_C_UAID_8C8CAAAC26B84C4F01_1542870962 Label:Muud2 SpatiallyLoaded:1 Bounds:IsValid=true, Min=(X=-1012.453 Y=1360.211 Z=-120.000), Max=(X=3432.453 Y=4501.443 Z=-20.000) RuntimeGrid:None EditorOnly:0 RuntimeOnly:0 HLODRelevant:0
 |   |   |- Guid:D82E13F74844C24A8DC5BCAC0FA1CA99 BaseClass: NativeClass:/Script/Engine.DirectionalLight Name:DirectionalLight_0 Label:DirectionalLight SpatiallyLoaded:0 Bounds:IsValid=true, Min=(X=-4398046511104.000 Y=-4398046511104.000 Z=-4398046511104.000), Max=(X=4398046511104.000 Y=4398046511104.000 Z=4398046511104.000) RuntimeGrid:None EditorOnly:0 RuntimeOnly:0 HLODRelevant:0 FolderPath:Lighting FolderGuid:963EC3EB4002CCE9759E2EBA541A873A
 |   |   |- Guid:DADF1336414610F91FC5AF9619916215 BaseClass:/Game/Blueprints/TriggerWin.TriggerWin_C NativeClass:/Script/Engine.Actor Name:TriggerWin_C_UAID_F875A4315763304F01_2146477033 Label:TriggerWin SpatiallyLoaded:1 Bounds:IsValid=true, Min=(X=2564.000 Y=4114.000 Z=24.000), Max=(X=2756.000 Y=4306.000 Z=216.000) RuntimeGrid:None EditorOnly:0 RuntimeOnly:0 HLODRelevant:0
 |   |   |- Guid:E1DEE1DA4371B9CE6A7FBFA88543C0A6 BaseClass:/Game/Blueprints/Objects/Grass.Grass_C NativeClass:/Script/Engine.Actor Name:NewBlueprint_C_UAID_8C8CAAAC26B8434F01_1422307429 Label:NewBlueprint26 SpatiallyLoaded:1 Bounds:IsValid=true, Min=(X=-197.160 Y=1085.502 Z=-89.124), Max=(X=527.839 Y=1823.150 Z=64.760) RuntimeGrid:None EditorOnly:0 RuntimeOnly:0 HLODRelevant:0
 |   |   |- Guid:EA31D4B6447F537B86A3D68FCA7AF401 BaseClass:/Game/Blueprints/Objects/Grass.Grass_C NativeClass:/Script/Engine.Actor Name:NewBlueprint_C_UAID_8C8CAAAC26B8434F01_1403204428 Label:NewBlueprint25 SpatiallyLoaded:1 Bounds:IsValid=true, Min=(X=2458.353 Y=517.741 Z=-89.124), Max=(X=3019.978 Y=1036.014 Z=64.760) RuntimeGrid:None EditorOnly:0 RuntimeOnly:0 HLODRelevant:0
 |   |   |- Guid:F70F25834ADE77AC3CEF1B9D9187B06A BaseClass:/Game/Blueprints/Objects/Tree.Tree_C NativeClass:/Script/Engine.Actor Name:Tree_C_UAID_8C8CAAAC26B8464F01_1831379975 Label:Tree7 SpatiallyLoaded:1 Bounds:IsValid=true, Min=(X=2896.984 Y=605.185 Z=-24.835), Max=(X=3834.948 Y=1526.926 Z=737.811) RuntimeGrid:None EditorOnly:0 RuntimeOnly:0 HLODRelevant:0
 |   |   |- Guid:FEB2FE484FC2FDC19079DEACFE72ADCA BaseClass:/Game/Blueprints/Objects/Grass.Grass_C NativeClass:/Script/Engine.Actor Name:NewBlueprint_C_UAID_8C8CAAAC26B8434F01_1268364412 Label:NewBlueprint9 SpatiallyLoaded:1 Bounds:IsValid=true, Min=(X=1491.048 Y=331.243 Z=-89.124), Max=(X=2243.095 Y=1086.021 Z=64.760) RuntimeGrid:None EditorOnly:0 RuntimeOnly:0 HLODRelevant:0
 |   |- [+] Clusters:
 |   |   |- [+] [  0]
 |   |   |   |- Guid:259CF1834E8D113C1F89619EBB70AF98 BaseClass:/Game/Blueprints/Objects/Tree.Tree_C NativeClass:/Script/Engine.Actor Name:Tree_C_UAID_8C8CAAAC26B8464F01_2075108991 Label:Tree21 SpatiallyLoaded:1 Bounds:IsValid=true, Min=(X=-277.541 Y=-120.877 Z=-104.835), Max=(X=528.995 Y=649.708 Z=657.811) RuntimeGrid:None EditorOnly:0 RuntimeOnly:0 HLODRelevant:0
 |   |   |- [+] [  1]
 |   |   |   |- Guid:758CE47945D9DD167AD820874ED49BEE BaseClass:/Game/Blueprints/Objects/Tree.Tree_C NativeClass:/Script/Engine.Actor Name:Tree_C_UAID_8C8CAAAC26B8464F01_1508731968 Label:Tree SpatiallyLoaded:1 Bounds:IsValid=true, Min=(X=248.943 Y=-90.277 Z=-24.835), Max=(X=951.803 Y=568.262 Z=737.811) RuntimeGrid:None EditorOnly:0 RuntimeOnly:0 HLODRelevant:0
 |   |   |- [+] [  2]
 |   |   |   |- Guid:804EFF9C41DCB61E708D6096F63DBA36 BaseClass:/Game/Blueprints/Objects/Grass.Grass_C NativeClass:/Script/Engine.Actor Name:NewBlueprint_C_UAID_8C8CAAAC26B8434F01_1437558434 Label:NewBlueprint31 SpatiallyLoaded:1 Bounds:IsValid=true, Min=(X=1253.625 Y=-109.131 Z=-89.124), Max=(X=1859.935 Y=529.690 Z=64.760) RuntimeGrid:None EditorOnly:0 RuntimeOnly:0 HLODRelevant:0
 |   |   |- [+] [  3]
 |   |   |   |- Guid:477D9C02430EC676B6BF6EB45B7494A0 BaseClass:/Game/Blueprints/Objects/mushroom.mushroom_C NativeClass:/Script/Engine.Actor Name:mushroom_C_UAID_8C8CAAAC26B8484F01_1728756361 Label:mushroom14 SpatiallyLoaded:1 Bounds:IsValid=true, Min=(X=3193.721 Y=1453.750 Z=39.289), Max=(X=3265.594 Y=1528.226 Z=107.864) RuntimeGrid:None EditorOnly:0 RuntimeOnly:0 HLODRelevant:0
 |   |   |- [+] [  4]
 |   |   |   |- Guid:924A3F004AFDABF3FC665BA67B032DFF BaseClass:/Game/Blueprints/Objects/Grass.Grass_C NativeClass:/Script/Engine.Actor Name:NewBlueprint_C_UAID_8C8CAAAC26B8434F01_1340398424 Label:NewBlueprint21 SpatiallyLoaded:1 Bounds:IsValid=true, Min=(X=2773.657 Y=1634.524 Z=-89.124), Max=(X=3522.631 Y=2390.768 Z=64.760) RuntimeGrid:None EditorOnly:0 RuntimeOnly:0 HLODRelevant:0
 |   |   |- [+] [  5]
 |   |   |   |- Guid:C0D637E645A4324B6023108665274C1D BaseClass:/Game/Blueprints/Objects/Tree.Tree_C NativeClass:/Script/Engine.Actor Name:Tree_C_UAID_8C8CAAAC26B8464F01_1770985973 Label:Tree5 SpatiallyLoaded:1 Bounds:IsValid=true, Min=(X=2171.005 Y=610.292 Z=-24.835), Max=(X=2977.541 Y=1380.877 Z=737.811) RuntimeGrid:None EditorOnly:0 RuntimeOnly:0 HLODRelevant:0
 |   |   |- [+] [  6]
 |   |   |   |- Guid:F70F25834ADE77AC3CEF1B9D9187B06A BaseClass:/Game/Blueprints/Objects/Tree.Tree_C NativeClass:/Script/Engine.Actor Name:Tree_C_UAID_8C8CAAAC26B8464F01_1831379975 Label:Tree7 SpatiallyLoaded:1 Bounds:IsValid=true, Min=(X=2896.984 Y=605.185 Z=-24.835), Max=(X=3834.948 Y=1526.926 Z=737.811) RuntimeGrid:None EditorOnly:0 RuntimeOnly:0 HLODRelevant:0
 |   |   |- [+] [  7]
 |   |   |   |- Guid:A57402A8411C8DB5E72356B999F66BF7 BaseClass:/Game/Blueprints/Objects/Grass.Grass_C NativeClass:/Script/Engine.Actor Name:NewBlueprint_C_UAID_8C8CAAAC26B8434F01_1437557433 Label:NewBlueprint30 SpatiallyLoaded:1 Bounds:IsValid=true, Min=(X=1496.289 Y=-24.064 Z=-114.152), Max=(X=2250.961 Y=734.503 Z=88.993) RuntimeGrid:None EditorOnly:0 RuntimeOnly:0 HLODRelevant:0
 |   |   |- [+] [  8]
 |   |   |   |- Guid:26D28417495123117D0C15ACE90ADA71 BaseClass: NativeClass:/Script/Engine.StaticMeshActor Name:StaticMeshActor_UAID_8C8CAAAC26B8474F01_1831395168 Label:Cube SpatiallyLoaded:1 Bounds:IsValid=true, Min=(X=-814.644 Y=3111.413 Z=-1777.500), Max=(X=2931.343 Y=4556.362 Z=497.500) RuntimeGrid:None EditorOnly:0 RuntimeOnly:0 HLODRelevant:1
 |   |   |- [+] [  9]
 |   |   |   |- Guid:6B6641C64E5F0419C9C70D913AF03AE8 BaseClass: NativeClass:/Script/Engine.WorldDataLayers Name:WorldDataLayers Label:WorldDataLayers SpatiallyLoaded:0 Bounds:IsValid=true, Min=(X=0.000 Y=0.000 Z=0.000), Max=(X=0.000 Y=0.000 Z=0.000) RuntimeGrid:None EditorOnly:0 RuntimeOnly:0 HLODRelevant:0
 |   |   |- [+] [ 10]
 |   |   |   |- Guid:FEB2FE484FC2FDC19079DEACFE72ADCA BaseClass:/Game/Blueprints/Objects/Grass.Grass_C NativeClass:/Script/Engine.Actor Name:NewBlueprint_C_UAID_8C8CAAAC26B8434F01_1268364412 Label:NewBlueprint9 SpatiallyLoaded:1 Bounds:IsValid=true, Min=(X=1491.048 Y=331.243 Z=-89.124), Max=(X=2243.095 Y=1086.021 Z=64.760) RuntimeGrid:None EditorOnly:0 RuntimeOnly:0 HLODRelevant:0
 |   |   |- [+] [ 11]
 |   |   |   |- Guid:9DF1CD3C44C7C8EDFB4730BAE286B14D BaseClass:/Game/Blueprints/Objects/Muud.Muud_C NativeClass:/Script/Engine.Actor Name:Muud_C_UAID_8C8CAAAC26B83D4F01_1178665323 Label:Muud SpatiallyLoaded:1 Bounds:IsValid=true, Min=(X=-232.453 Y=-339.789 Z=-120.000), Max=(X=4212.453 Y=2801.443 Z=-20.000) RuntimeGrid:None EditorOnly:0 RuntimeOnly:0 HLODRelevant:0
 |   |   |- [+] [ 12]
 |   |   |   |- Guid:9E99848843981AD00B206AA188C2AD14 BaseClass:/Game/Blueprints/Objects/Grass.Grass_C NativeClass:/Script/Engine.Actor Name:NewBlueprint_C_UAID_8C8CAAAC26B8434F01_1533854436 Label:NewBlueprint33 SpatiallyLoaded:1 Bounds:IsValid=true, Min=(X=-236.343 Y=-5.476 Z=-89.124), Max=(X=512.631 Y=750.768 Z=64.760) RuntimeGrid:None EditorOnly:0 RuntimeOnly:0 HLODRelevant:0
 |   |   |- [+] [ 13]
 |   |   |   |- Guid:9D9A63004BC4F9D6BD86FE8ED7F02844 BaseClass:/Game/Blueprints/Objects/Grass.Grass_C NativeClass:/Script/Engine.Actor Name:NewBlueprint_C_UAID_8C8CAAAC26B8434F01_1261142411 Label:NewBlueprint8 SpatiallyLoaded:1 Bounds:IsValid=true, Min=(X=1973.625 Y=530.869 Z=-89.124), Max=(X=2579.935 Y=1169.690 Z=64.760) RuntimeGrid:None EditorOnly:0 RuntimeOnly:0 HLODRelevant:0
 |   |   |- [+] [ 14]
 |   |   |   |- Guid:9D9FF336455280A673D75EB71A6945AE BaseClass:/Game/Blueprints/Objects/mushroom.mushroom_C NativeClass:/Script/Engine.Actor Name:mushroom_C_UAID_8C8CAAAC26B8484F01_1667265351 Label:mushroom4 SpatiallyLoaded:1 Bounds:IsValid=true, Min=(X=673.721 Y=243.750 Z=29.289), Max=(X=745.594 Y=318.226 Z=97.864) RuntimeGrid:None EditorOnly:0 RuntimeOnly:0 HLODRelevant:0
 |   |   |- [+] [ 15]
 |   |   |   |- Guid:AE0EDE7548B3B29A2940FDA955409031 BaseClass:/Game/Blueprints/Objects/Grass.Grass_C NativeClass:/Script/Engine.Actor Name:NewBlueprint_C_UAID_8C8CAAAC26B8434F01_1437554432 Label:NewBlueprint29 SpatiallyLoaded:1 Bounds:IsValid=true, Min=(X=1973.625 Y=170.869 Z=-89.124), Max=(X=2579.935 Y=809.690 Z=64.760) RuntimeGrid:None EditorOnly:0 RuntimeOnly:0 HLODRelevant:0
 |   |   |- [+] [ 16]
 |   |   |   |- Guid:9FD0BDCA46C02741CFBA4BBD320FCA57 BaseClass:/Game/Blueprints/Objects/mushroom.mushroom_C NativeClass:/Script/Engine.Actor Name:mushroom_C_UAID_8C8CAAAC26B8484F01_1609643348 Label:mushroom SpatiallyLoaded:1 Bounds:IsValid=true, Min=(X=2243.721 Y=723.750 Z=29.289), Max=(X=2315.594 Y=798.226 Z=97.864) RuntimeGrid:None EditorOnly:0 RuntimeOnly:0 HLODRelevant:0
 |   |   |- [+] [ 17]
 |   |   |   |- Guid:731A24C245F6DD65AB734AB746CBC3C7 BaseClass:/Game/Blueprints/Objects/Grass.Grass_C NativeClass:/Script/Engine.Actor Name:NewBlueprint_C_UAID_8C8CAAAC26B8434F01_1538055437 Label:NewBlueprint34 SpatiallyLoaded:1 Bounds:IsValid=true, Min=(X=-366.343 Y=414.524 Z=-89.124), Max=(X=382.631 Y=1170.768 Z=64.760) RuntimeGrid:None EditorOnly:0 RuntimeOnly:0 HLODRelevant:0
 |   |   |- [+] [ 18]
 |   |   |   |- Guid:2CB8D1B748CA7FB206E95D8FC9272510 BaseClass:/Game/Blueprints/Objects/mushroom.mushroom_C NativeClass:/Script/Engine.Actor Name:mushroom_C_UAID_8C8CAAAC26B8484F01_1656069349 Label:mushroom2 SpatiallyLoaded:1 Bounds:IsValid=true, Min=(X=2583.721 Y=723.750 Z=29.289), Max=(X=2655.594 Y=798.226 Z=97.864) RuntimeGrid:None EditorOnly:0 RuntimeOnly:0 HLODRelevant:0
 |   |   |- [+] [ 19]
 |   |   |   |- Guid:45FFCC3A4EF5624993732FB79F228302 BaseClass:/Game/Blueprints/Objects/Tree.Tree_C NativeClass:/Script/Engine.Actor Name:Tree_C_UAID_8C8CAAAC26B8464F01_1757367971 Label:Tree4 SpatiallyLoaded:1 Bounds:IsValid=true, Min=(X=1411.005 Y=100.292 Z=-484.835), Max=(X=2217.541 Y=870.877 Z=277.811) RuntimeGrid:None EditorOnly:0 RuntimeOnly:0 HLODRelevant:0
 |   |   |- [+] [ 20]
 |   |   |   |- Guid:E1DEE1DA4371B9CE6A7FBFA88543C0A6 BaseClass:/Game/Blueprints/Objects/Grass.Grass_C NativeClass:/Script/Engine.Actor Name:NewBlueprint_C_UAID_8C8CAAAC26B8434F01_1422307429 Label:NewBlueprint26 SpatiallyLoaded:1 Bounds:IsValid=true, Min=(X=-197.160 Y=1085.502 Z=-89.124), Max=(X=527.839 Y=1823.150 Z=64.760) RuntimeGrid:None EditorOnly:0 RuntimeOnly:0 HLODRelevant:0
 |   |   |- [+] [ 21]
 |   |   |   |- Guid:01DF11C9433353989FCE678299C45677 BaseClass:/Game/Blueprints/Objects/Tree.Tree_C NativeClass:/Script/Engine.Actor Name:Tree_C_UAID_8C8CAAAC26B8464F01_1748155969 Label:Tree2 SpatiallyLoaded:1 Bounds:IsValid=true, Min=(X=620.947 Y=-58.297 Z=-24.835), Max=(X=1577.207 Y=903.425 Z=737.811) RuntimeGrid:None EditorOnly:0 RuntimeOnly:0 HLODRelevant:0
 |   |   |- [+] [ 22]
 |   |   |   |- Guid:C24F9C2D477D6DFCCF4614BE7CAE53E1 BaseClass: NativeClass:/Script/Engine.ExponentialHeightFog Name:ExponentialHeightFog_0 Label:ExponentialHeightFog SpatiallyLoaded:0 Bounds:IsValid=true, Min=(X=-5600.000 Y=-50.000 Z=-6850.000), Max=(X=-5600.000 Y=-50.000 Z=-6850.000) RuntimeGrid:None EditorOnly:0 RuntimeOnly:0 HLODRelevant:0 FolderPath:Lighting FolderGuid:963EC3EB4002CCE9759E2EBA541A873A
 |   |   |- [+] [ 23]
 |   |   |   |- Guid:699820514D5837D4F924D5806E431A9C BaseClass:/Game/Blueprints/TriggerLose.TriggerLose_C NativeClass:/Script/Engine.Actor Name:TriggerLose_C_UAID_8C8CAAAC26B84A4F01_1507268607 Label:TriggerLose SpatiallyLoaded:1 Bounds:IsValid=true, Min=(X=1774.000 Y=1684.000 Z=-90.000), Max=(X=1966.000 Y=1876.000 Z=394.173) RuntimeGrid:None EditorOnly:0 RuntimeOnly:0 HLODRelevant:0
 |   |   |- [+] [ 24]
 |   |   |   |- Guid:3239187F4A171264018DC7BEA7B71CA6 BaseClass:/Game/Blueprints/Objects/Grass.Grass_C NativeClass:/Script/Engine.Actor Name:NewBlueprint_C_UAID_8C8CAAAC26B8434F01_1283544413 Label:NewBlueprint10 SpatiallyLoaded:1 Bounds:IsValid=true, Min=(X=2746.119 Y=1107.487 Z=-89.124), Max=(X=3498.166 Y=1862.264 Z=64.760) RuntimeGrid:None EditorOnly:0 RuntimeOnly:0 HLODRelevant:0
 |   |   |- [+] [ 25]
 |   |   |   |- Guid:1FEA35B84F5EF91D6D433DA7A85C7FA5 BaseClass:/Game/Blueprints/Objects/Tree.Tree_C NativeClass:/Script/Engine.Actor Name:Tree_C_UAID_8C8CAAAC26B8464F01_2032465987 Label:Tree17 SpatiallyLoaded:1 Bounds:IsValid=true, Min=(X=1841.005 Y=210.292 Z=-134.835), Max=(X=2647.541 Y=980.877 Z=627.811) RuntimeGrid:None EditorOnly:0 RuntimeOnly:0 HLODRelevant:0
 |   |   |- [+] [ 26]
 |   |   |   |- Guid:003CDF524D6121C37802EBA6261F78C3 BaseClass: NativeClass:/Script/Engine.SkyAtmosphere Name:SkyAtmosphere_0 Label:SkyAtmosphere SpatiallyLoaded:0 Bounds:IsValid=true, Min=(X=0.000 Y=0.000 Z=1020.000), Max=(X=0.000 Y=0.000 Z=1020.000) RuntimeGrid:None EditorOnly:0 RuntimeOnly:0 HLODRelevant:0 FolderPath:Lighting FolderGuid:963EC3EB4002CCE9759E2EBA541A873A
 |   |   |- [+] [ 27]
 |   |   |   |- Guid:740E76DD46CFD1812B2997816B3B4DAA BaseClass:/Game/Blueprints/Objects/Grass.Grass_C NativeClass:/Script/Engine.Actor Name:NewBlueprint_C_UAID_8C8CAAAC26B8434F01_1544585438 Label:NewBlueprint35 SpatiallyLoaded:1 Bounds:IsValid=true, Min=(X=-87.160 Y=725.502 Z=-89.124), Max=(X=637.839 Y=1463.150 Z=64.760) RuntimeGrid:None EditorOnly:0 RuntimeOnly:0 HLODRelevant:0
 |   |   |- [+] [ 28]
 |   |   |   |- Guid:595FD298432EE9847B8DFDB09B8B945D BaseClass:/Game/Blueprints/Objects/mushroom.mushroom_C NativeClass:/Script/Engine.Actor Name:mushroom_C_UAID_8C8CAAAC26B8484F01_1662644350 Label:mushroom3 SpatiallyLoaded:1 Bounds:IsValid=true, Min=(X=1383.721 Y=543.750 Z=39.289), Max=(X=1455.594 Y=618.226 Z=107.864) RuntimeGrid:None EditorOnly:0 RuntimeOnly:0 HLODRelevant:0
 |   |   |- [+] [ 29]
 |   |   |   |- Guid:6333CE434B4975722DF276B8BC056381 BaseClass: NativeClass:/Script/Engine.StaticMeshActor Name:StaticMeshActor_UAID_8C8CAAAC26B8484F01_1189393346 Label:Cube3 SpatiallyLoaded:1 Bounds:IsValid=true, Min=(X=-716.150 Y=-460.282 Z=-1777.500), Max=(X=728.799 Y=3285.705 Z=497.500) RuntimeGrid:None EditorOnly:0 RuntimeOnly:0 HLODRelevant:1
 |   |   |- [+] [ 30]
 |   |   |   |- Guid:572513764C652610575829B11BE171BD BaseClass:/Game/Blueprints/Objects/Grass.Grass_C NativeClass:/Script/Engine.Actor Name:NewBlueprint_C_UAID_8C8CAAAC26B8434F01_1529772435 Label:NewBlueprint32 SpatiallyLoaded:1 Bounds:IsValid=true, Min=(X=143.657 Y=-265.476 Z=-89.124), Max=(X=892.631 Y=490.768 Z=64.760) RuntimeGrid:None EditorOnly:0 RuntimeOnly:0 HLODRelevant:0
 |   |   |- [+] [ 31]
 |   |   |   |- Guid:398709C0461236D3880C9BA310ADBA93 BaseClass:/Game/Blueprints/Objects/Grass.Grass_C NativeClass:/Script/Engine.Actor Name:NewBlueprint_C_UAID_8C8CAAAC26B8464F01_1765861972 Label:NewBlueprint37 SpatiallyLoaded:1 Bounds:IsValid=true, Min=(X=2950.012 Y=692.369 Z=-89.124), Max=(X=3646.285 Y=1362.333 Z=64.760) RuntimeGrid:None EditorOnly:0 RuntimeOnly:0 HLODRelevant:0
 |   |   |- [+] [ 32]
 |   |   |   |- Guid:BD16331249EDE66959C9C98F8E3D41FD BaseClass:/Game/Blueprints/Objects/Grass.Grass_C NativeClass:/Script/Engine.Actor Name:NewBlueprint_C_UAID_8C8CAAAC26B8434F01_1283547414 Label:NewBlueprint11 SpatiallyLoaded:1 Bounds:IsValid=true, Min=(X=2490.012 Y=822.369 Z=-69.124), Max=(X=3186.285 Y=1492.333 Z=84.760) RuntimeGrid:None EditorOnly:0 RuntimeOnly:0 HLODRelevant:0
 |   |   |- [+] [ 33]
 |   |   |   |- Guid:C68CAAFA4C987048F5B3A8917C646E12 BaseClass:/Game/Blueprints/Objects/mushroom.mushroom_C NativeClass:/Script/Engine.Actor Name:mushroom_C_UAID_8C8CAAAC26B8484F01_1679128354 Label:mushroom7 SpatiallyLoaded:1 Bounds:IsValid=true, Min=(X=243.721 Y=1163.750 Z=29.289), Max=(X=315.594 Y=1238.226 Z=97.864) RuntimeGrid:None EditorOnly:0 RuntimeOnly:0 HLODRelevant:0
 |   |   |- [+] [ 34]
 |   |   |   |- Guid:4CBE74DE471E4594DBF21CAFDAA93A81 BaseClass:/Game/Blueprints/Objects/Grass.Grass_C NativeClass:/Script/Engine.Actor Name:NewBlueprint_C_UAID_8C8CAAAC26B8434F01_1431123431 Label:NewBlueprint28 SpatiallyLoaded:1 Bounds:IsValid=true, Min=(X=567.491 Y=-205.601 Z=-89.124), Max=(X=1166.648 Y=428.328 Z=64.760) RuntimeGrid:None EditorOnly:0 RuntimeOnly:0 HLODRelevant:0
 |   |   |- [+] [ 35]
 |   |   |   |- Guid:34ED390B4EEDA356135C259965293611 BaseClass: NativeClass:/Script/Engine.VolumetricCloud Name:VolumetricCloud_0 Label:VolumetricCloud SpatiallyLoaded:0 Bounds:IsValid=true, Min=(X=0.000 Y=0.000 Z=820.000), Max=(X=0.000 Y=0.000 Z=820.000) RuntimeGrid:None EditorOnly:0 RuntimeOnly:0 HLODRelevant:0 FolderPath:Lighting FolderGuid:963EC3EB4002CCE9759E2EBA541A873A
 |   |   |- [+] [ 36]
 |   |   |   |- Guid:842B8CD6484B52EB7EF966B69A5B55F6 BaseClass:/Game/Blueprints/Objects/Grass.Grass_C NativeClass:/Script/Engine.Actor Name:NewBlueprint_C_UAID_8C8CAAAC26B8434F01_1340394422 Label:NewBlueprint19 SpatiallyLoaded:1 Bounds:IsValid=true, Min=(X=3266.119 Y=1387.487 Z=-89.124), Max=(X=4018.166 Y=2142.264 Z=64.760) RuntimeGrid:None EditorOnly:0 RuntimeOnly:0 HLODRelevant:0
 |   |   |- [+] [ 37]
 |   |   |   |- Guid:CF1A5D414BBE9EEBCEE2E9A86F625AE7 BaseClass:/Game/Blueprints/Objects/Tree.Tree_C NativeClass:/Script/Engine.Actor Name:Tree_C_UAID_8C8CAAAC26B8464F01_2065721990 Label:Tree20 SpatiallyLoaded:1 Bounds:IsValid=true, Min=(X=-277.541 Y=-10.877 Z=-494.835), Max=(X=528.995 Y=759.708 Z=267.811) RuntimeGrid:None EditorOnly:0 RuntimeOnly:0 HLODRelevant:0
 |   |   |- [+] [ 38]
 |   |   |   |- Guid:B9E41D07413DAED9E11CCEA7AF941EAB BaseClass:/Game/Blueprints/Objects/mushroom.mushroom_C NativeClass:/Script/Engine.Actor Name:mushroom_C_UAID_8C8CAAAC26B8484F01_1677787353 Label:mushroom6 SpatiallyLoaded:1 Bounds:IsValid=true, Min=(X=143.721 Y=713.750 Z=49.289), Max=(X=215.594 Y=788.226 Z=117.864) RuntimeGrid:None EditorOnly:0 RuntimeOnly:0 HLODRelevant:0
 |   |   |- [+] [ 39]
 |   |   |   |- Guid:709F5F9F4A63400C634B978F62C6A7D3 BaseClass:/Game/Blueprints/Objects/Tree.Tree_C NativeClass:/Script/Engine.Actor Name:Tree_C_UAID_8C8CAAAC26B8464F01_1857094977 Label:Tree9 SpatiallyLoaded:1 Bounds:IsValid=true, Min=(X=2776.984 Y=1035.185 Z=-124.835), Max=(X=3714.948 Y=1956.926 Z=637.811) RuntimeGrid:None EditorOnly:0 RuntimeOnly:0 HLODRelevant:0
 |   |   |- [+] [ 40]
 |   |   |   |- Guid:3F8A05D9452D8E44260FCEA633CD33C5 BaseClass: NativeClass:/Script/Engine.StaticMeshActor Name:StaticMeshActor_UAID_8C8CAAAC26B8484F01_1182633345 Label:Cube2 SpatiallyLoaded:1 Bounds:IsValid=true, Min=(X=557.006 Y=-382.474 Z=-1777.500), Max=(X=4302.994 Y=1062.474 Z=497.500) RuntimeGrid:None EditorOnly:0 RuntimeOnly:0 HLODRelevant:1
 |   |   |- [+] [ 41]
 |   |   |   |- Guid:9EE14D474E6615EBD0B857973E63FF6A BaseClass:/Game/Blueprints/Objects/Grass.Grass_C NativeClass:/Script/Engine.Actor Name:NewBlueprint_C_UAID_8C8CAAAC26B8434F01_1340396423 Label:NewBlueprint20 SpatiallyLoaded:1 Bounds:IsValid=true, Min=(X=2981.048 Y=1161.243 Z=-89.124), Max=(X=3733.095 Y=1916.021 Z=64.760) RuntimeGrid:None EditorOnly:0 RuntimeOnly:0 HLODRelevant:0
 |   |   |- [+] [ 42]
 |   |   |   |- Guid:9682016E4F4FFF9E257FA68782BFFEC5 BaseClass:/Game/Blueprints/Objects/Grass.Grass_C NativeClass:/Script/Engine.Actor Name:NewBlueprint_C_UAID_8C8CAAAC26B8434F01_1319294420 Label:NewBlueprint17 SpatiallyLoaded:1 Bounds:IsValid=true, Min=(X=1253.625 Y=250.869 Z=-89.124), Max=(X=1859.935 Y=889.690 Z=64.760) RuntimeGrid:None EditorOnly:0 RuntimeOnly:0 HLODRelevant:0
 |   |   |- [+] [ 43]
 |   |   |   |- Guid:334021D24CBCF07AE3F80FBBA7FA7B4B BaseClass:/Game/Blueprints/Objects/Grass.Grass_C NativeClass:/Script/Engine.Actor Name:NewBlueprint_C_UAID_8C8CAAAC26B8434F01_1319297421 Label:NewBlueprint18 SpatiallyLoaded:1 Bounds:IsValid=true, Min=(X=847.491 Y=114.399 Z=-89.124), Max=(X=1446.648 Y=748.328 Z=64.760) RuntimeGrid:None EditorOnly:0 RuntimeOnly:0 HLODRelevant:0
 |   |   |- [+] [ 44]
 |   |   |   |- Guid:BE8648AC437589D4C566B99D0E974E47 BaseClass:/Game/Blueprints/Objects/Tree.Tree_C NativeClass:/Script/Engine.Actor Name:Tree_C_UAID_8C8CAAAC26B8464F01_1900536984 Label:Tree14 SpatiallyLoaded:1 Bounds:IsValid=true, Min=(X=2829.731 Y=1449.517 Z=-24.835), Max=(X=3532.590 Y=2108.056 Z=737.811) RuntimeGrid:None EditorOnly:0 RuntimeOnly:0 HLODRelevant:0
 |   |   |- [+] [ 45]
 |   |   |   |- Guid:8436BC5F43390121703B50A975ED008A BaseClass:/Game/Blueprints/Objects/mushroom.mushroom_C NativeClass:/Script/Engine.Actor Name:mushroom_C_UAID_8C8CAAAC26B8484F01_1668490352 Label:mushroom5 SpatiallyLoaded:1 Bounds:IsValid=true, Min=(X=543.721 Y=223.750 Z=19.289), Max=(X=615.594 Y=298.226 Z=87.864) RuntimeGrid:None EditorOnly:0 RuntimeOnly:0 HLODRelevant:0
 |   |   |- [+] [ 46]
 |   |   |   |- Guid:D82E13F74844C24A8DC5BCAC0FA1CA99 BaseClass: NativeClass:/Script/Engine.DirectionalLight Name:DirectionalLight_0 Label:DirectionalLight SpatiallyLoaded:0 Bounds:IsValid=true, Min=(X=-4398046511104.000 Y=-4398046511104.000 Z=-4398046511104.000), Max=(X=4398046511104.000 Y=4398046511104.000 Z=4398046511104.000) RuntimeGrid:None EditorOnly:0 RuntimeOnly:0 HLODRelevant:0 FolderPath:Lighting FolderGuid:963EC3EB4002CCE9759E2EBA541A873A
 |   |   |- [+] [ 47]
 |   |   |   |- Guid:C4DB14D441A7BEDF5F5DCF9AF0C02A6B BaseClass:/Game/Blueprints/Objects/Tree.Tree_C NativeClass:/Script/Engine.Actor Name:Tree_C_UAID_8C8CAAAC26B8464F01_1757364970 Label:Tree3 SpatiallyLoaded:1 Bounds:IsValid=true, Min=(X=1199.380 Y=-153.730 Z=-24.835), Max=(X=2161.103 Y=802.530 Z=737.811) RuntimeGrid:None EditorOnly:0 RuntimeOnly:0 HLODRelevant:0
 |   |   |- [+] [ 48]
 |   |   |   |- Guid:CF79AC90402D43424DE5ECAA6200B914 BaseClass: NativeClass:/Script/Engine.PlayerStart Name:PlayerStart_0 Label:PlayerStart SpatiallyLoaded:0 Bounds:IsValid=true, Min=(X=1938.271 Y=1130.000 Z=60.013), Max=(X=2018.271 Y=1210.000 Z=244.013) RuntimeGrid:None EditorOnly:0 RuntimeOnly:0 HLODRelevant:0
 |   |   |- [+] [ 49]
 |   |   |   |- Guid:12AA28D846A01DD37EF51AAFEDE4FB18 BaseClass: NativeClass:/Script/Engine.StaticMeshActor Name:StaticMeshActor_UAID_8C8CAAAC26B8484F01_1204364347 Label:Cube4 SpatiallyLoaded:1 Bounds:IsValid=true, Min=(X=2677.525 Y=826.354 Z=-1777.500), Max=(X=4122.474 Y=4572.342 Z=497.500) RuntimeGrid:None EditorOnly:0 RuntimeOnly:0 HLODRelevant:1
 |   |   |- [+] [ 50]
 |   |   |   |- Guid:6C08A2B94F235490FEA96DA80D5BD4AD BaseClass: NativeClass:/Script/Engine.PostProcessVolume Name:PostProcessVolume_0 Label:PostProcessVolume SpatiallyLoaded:0 Bounds:IsValid=true, Min=(X=0.000 Y=0.000 Z=400.000), Max=(X=200.000 Y=200.000 Z=600.000) RuntimeGrid:None EditorOnly:0 RuntimeOnly:0 HLODRelevant:0 FolderPath:Lighting FolderGuid:963EC3EB4002CCE9759E2EBA541A873A
 |   |   |- [+] [ 51]
 |   |   |   |- Guid:4D8F89934C685047D537C0BDD5EE1600 BaseClass: NativeClass:/Script/Engine.SkyLight Name:SkyLight_1 Label:SkyLight SpatiallyLoaded:0 Bounds:IsValid=true, Min=(X=0.000 Y=0.000 Z=690.000), Max=(X=0.000 Y=0.000 Z=690.000) RuntimeGrid:None EditorOnly:0 RuntimeOnly:0 HLODRelevant:0 FolderPath:Lighting FolderGuid:963EC3EB4002CCE9759E2EBA541A873A
 |   |   |- [+] [ 52]
 |   |   |   |- Guid:DADF1336414610F91FC5AF9619916215 BaseClass:/Game/Blueprints/TriggerWin.TriggerWin_C NativeClass:/Script/Engine.Actor Name:TriggerWin_C_UAID_F875A4315763304F01_2146477033 Label:TriggerWin SpatiallyLoaded:1 Bounds:IsValid=true, Min=(X=2564.000 Y=4114.000 Z=24.000), Max=(X=2756.000 Y=4306.000 Z=216.000) RuntimeGrid:None EditorOnly:0 RuntimeOnly:0 HLODRelevant:0
 |   |   |- [+] [ 53]
 |   |   |   |- Guid:EA31D4B6447F537B86A3D68FCA7AF401 BaseClass:/Game/Blueprints/Objects/Grass.Grass_C NativeClass:/Script/Engine.Actor Name:NewBlueprint_C_UAID_8C8CAAAC26B8434F01_1403204428 Label:NewBlueprint25 SpatiallyLoaded:1 Bounds:IsValid=true, Min=(X=2458.353 Y=517.741 Z=-89.124), Max=(X=3019.978 Y=1036.014 Z=64.760) RuntimeGrid:None EditorOnly:0 RuntimeOnly:0 HLODRelevant:0
 |   |   |- [+] [ 54]
 |   |   |   |- Guid:D5D457CE4B76B17E26093DADDF27E0D2 BaseClass:/Game/Blueprints/Objects/Muud.Muud_C NativeClass:/Script/Engine.Actor Name:Muud_C_UAID_8C8CAAAC26B84C4F01_1542870962 Label:Muud2 SpatiallyLoaded:1 Bounds:IsValid=true, Min=(X=-1012.453 Y=1360.211 Z=-120.000), Max=(X=3432.453 Y=4501.443 Z=-20.000) RuntimeGrid:None EditorOnly:0 RuntimeOnly:0 HLODRelevant:0
 |   |   |- [+] [ 55]
 |   |   |   |- Guid:27175F0241B698C78CA71CBF66F60762 BaseClass:/Game/Blueprints/Objects/house.house_C NativeClass:/Script/Engine.Actor Name:house_C_UAID_8C8CAAAC26B84C4F01_1658966963 Label:house SpatiallyLoaded:1 Bounds:IsValid=true, Min=(X=284.739 Y=2124.645 Z=-31.939), Max=(X=760.000 Y=2595.355 Z=396.095) RuntimeGrid:None EditorOnly:0 RuntimeOnly:0 HLODRelevant:0
 |- ContainerInstances:
 |- [+] MainContainer:
 |   |-        ID: 0x0000000000000000
 |   |-    Bounds: IsValid=false, Min=(X=0.000 Y=0.000 Z=0.000), Max=(X=0.000 Y=0.000 Z=0.000)
 |   |- Transform: 0.000000,0.000000,0.000000|0.000000,0.000000,-0.000000|1.000000,1.000000,1.000000
 |   |- Container: /Game/Scenes/Lvl3
----------------------------------------------------------------------------------------------------------------
Lvl3 - Persistent Level
----------------------------------------------------------------------------------------------------------------
Always loaded Actor Count: 92 

----------------------------------------------------------------------------------------------------------------
Lvl3 - Runtime Spatial Hash - Streaming Grid - MainGrid
----------------------------------------------------------------------------------------------------------------
            Origin: X=0.000 Y=0.000 Z=0.000
         Cell Size: 12800
      World Bounds: IsValid=false, Min=(X=0.000 Y=0.000 Z=0.000), Max=(X=0.000 Y=0.000 Z=0.000)
     Loading Range: 25600.00
Block Slow Loading: No
 ClientOnlyVisible: No

[+] Grid Levels: 1
 |- Level  0: Cell Count    0 | Cell Size   12800 | Actor Count    0 (0.0%)

[+] Content of Grid Level 0

