[+] Containers:
 |- [+] Container: /Game/Scenes/Lvl1
 |   |- [+] ActorDescs:
 |   |   |- Guid:04705B314B1762CDC5C00B8245EBBE91 BaseClass:/Game/Blueprints/Objects/Tree.Tree_C NativeClass:/Script/Engine.Actor Name:Tree_C_UAID_8C8CAAAC26B8464F01_1878791979 Label:Tree8 SpatiallyLoaded:1 Bounds:IsValid=true, Min=(X=560.194 Y=1296.590 Z=-24.835), Max=(X=1521.917 Y=2252.850 Z=737.811) RuntimeGrid:None EditorOnly:0 RuntimeOnly:0 HLODRelevant:0
 |   |   |- Guid:0713C7C34609505973796AABE83C52ED BaseClass:/Game/Blueprints/Objects/Grass.Grass_C NativeClass:/Script/Engine.Actor Name:NewBlueprint_C_UAID_8C8CAAAC26B8434F01_1437557433 Label:NewBlueprint30 SpatiallyLoaded:1 Bounds:IsValid=true, Min=(X=1496.289 Y=-24.064 Z=-114.152), Max=(X=2250.961 Y=734.503 Z=88.993) RuntimeGrid:None EditorOnly:0 RuntimeOnly:0 HLODRelevant:0
 |   |   |- Guid:0744E18D4EBE4F1C554F92BCC29C5291 BaseClass:/Game/Blueprints/Objects/Grass.Grass_C NativeClass:/Script/Engine.Actor Name:NewBlueprint_C_UAID_8C8CAAAC26B8434F01_1268364412 Label:NewBlueprint9 SpatiallyLoaded:1 Bounds:IsValid=true, Min=(X=1491.048 Y=331.243 Z=-89.124), Max=(X=2243.095 Y=1086.021 Z=64.760) RuntimeGrid:None EditorOnly:0 RuntimeOnly:0 HLODRelevant:0
 |   |   |- Guid:0D6888CA42C6933D1D7E9993951DBDD3 BaseClass:/Game/Blueprints/Objects/Tree.Tree_C NativeClass:/Script/Engine.Actor Name:Tree_C_UAID_8C8CAAAC26B8464F01_1878793980 Label:Tree10 SpatiallyLoaded:1 Bounds:IsValid=true, Min=(X=853.231 Y=1118.599 Z=-47.252), Max=(X=2287.621 Y=2561.183 Z=1096.717) RuntimeGrid:None EditorOnly:0 RuntimeOnly:0 HLODRelevant:0
 |   |   |- Guid:0D8E232A42F97A7855E3728F2BDE0E0D BaseClass:/Game/Blueprints/Objects/Grass.Grass_C NativeClass:/Script/Engine.Actor Name:NewBlueprint_C_UAID_8C8CAAAC26B8434F01_1340396423 Label:NewBlueprint20 SpatiallyLoaded:1 Bounds:IsValid=true, Min=(X=2981.048 Y=1161.243 Z=-89.124), Max=(X=3733.095 Y=1916.021 Z=64.760) RuntimeGrid:None EditorOnly:0 RuntimeOnly:0 HLODRelevant:0
 |   |   |- Guid:1075DBF741AFC66F2EB9BABD63C19145 BaseClass:/Game/Blueprints/Objects/Tree.Tree_C NativeClass:/Script/Engine.Actor Name:Tree_C_UAID_8C8CAAAC26B8464F01_1857094977 Label:Tree9 SpatiallyLoaded:1 Bounds:IsValid=true, Min=(X=2776.984 Y=1035.185 Z=-124.835), Max=(X=3714.948 Y=1956.926 Z=637.811) RuntimeGrid:None EditorOnly:0 RuntimeOnly:0 HLODRelevant:0
 |   |   |- Guid:12948C824C3B0CDB5D02889D23741628 BaseClass:/Game/Blueprints/Objects/Grass.Grass_C NativeClass:/Script/Engine.Actor Name:NewBlueprint_C_UAID_8C8CAAAC26B8434F01_1437558434 Label:NewBlueprint31 SpatiallyLoaded:1 Bounds:IsValid=true, Min=(X=1253.625 Y=-109.131 Z=-89.124), Max=(X=1859.935 Y=529.690 Z=64.760) RuntimeGrid:None EditorOnly:0 RuntimeOnly:0 HLODRelevant:0
 |   |   |- Guid:14C6C82E49427412F58079B86229D2E2 BaseClass:/Game/Blueprints/Objects/Grass.Grass_C NativeClass:/Script/Engine.Actor Name:NewBlueprint_C_UAID_8C8CAAAC26B8434F01_1431123431 Label:NewBlueprint28 SpatiallyLoaded:1 Bounds:IsValid=true, Min=(X=567.491 Y=-205.601 Z=-89.124), Max=(X=1166.648 Y=428.328 Z=64.760) RuntimeGrid:None EditorOnly:0 RuntimeOnly:0 HLODRelevant:0
 |   |   |- Guid:1A7AE7B047159A3D499829A86ACB03A8 BaseClass:/Game/Blueprints/Objects/Tree.Tree_C NativeClass:/Script/Engine.Actor Name:Tree_C_UAID_8C8CAAAC26B8464F01_1878795981 Label:Tree11 SpatiallyLoaded:1 Bounds:IsValid=true, Min=(X=1458.943 Y=1949.723 Z=-24.835), Max=(X=2161.803 Y=2608.262 Z=737.811) RuntimeGrid:None EditorOnly:0 RuntimeOnly:0 HLODRelevant:0
 |   |   |- Guid:29C4E7D64E52E0498743D4806803F778 BaseClass:/Game/Blueprints/Objects/Tree.Tree_C NativeClass:/Script/Engine.Actor Name:Tree_C_UAID_8C8CAAAC26B8464F01_1900536984 Label:Tree14 SpatiallyLoaded:1 Bounds:IsValid=true, Min=(X=2829.731 Y=1449.517 Z=-24.835), Max=(X=3532.590 Y=2108.056 Z=737.811) RuntimeGrid:None EditorOnly:0 RuntimeOnly:0 HLODRelevant:0
 |   |   |- Guid:2C57DF1348EF65C77BFDBD9135839A09 BaseClass:/Game/Blueprints/Objects/Grass.Grass_C NativeClass:/Script/Engine.Actor Name:NewBlueprint_C_UAID_8C8CAAAC26B8434F01_1319294420 Label:NewBlueprint17 SpatiallyLoaded:1 Bounds:IsValid=true, Min=(X=1253.625 Y=250.869 Z=-89.124), Max=(X=1859.935 Y=889.690 Z=64.760) RuntimeGrid:None EditorOnly:0 RuntimeOnly:0 HLODRelevant:0
 |   |   |- Guid:2CF7D02240F8505DEBFD9CB36820B048 BaseClass:/Game/Blueprints/Objects/Grass.Grass_C NativeClass:/Script/Engine.Actor Name:NewBlueprint_C_UAID_8C8CAAAC26B8434F01_1422310430 Label:NewBlueprint27 SpatiallyLoaded:1 Bounds:IsValid=true, Min=(X=277.741 Y=1400.022 Z=-89.124), Max=(X=796.014 Y=1961.647 Z=64.760) RuntimeGrid:None EditorOnly:0 RuntimeOnly:0 HLODRelevant:0
 |   |   |- Guid:2E5E0EA748050C3015E2B7B2B4BDED50 BaseClass: NativeClass:/Script/Engine.StaticMeshActor Name:StaticMeshActor_UAID_8C8CAAAC26B8484F01_1204364347 Label:Cube4 SpatiallyLoaded:1 Bounds:IsValid=true, Min=(X=2677.526 Y=-322.994 Z=-1777.500), Max=(X=4122.474 Y=3422.994 Z=497.500) RuntimeGrid:None EditorOnly:0 RuntimeOnly:0 HLODRelevant:1
 |   |   |- Guid:2EC1CB0E46B4CA0D4CAC48A621B811AC BaseClass:/Game/Blueprints/Objects/Tree.Tree_C NativeClass:/Script/Engine.Actor Name:Tree_C_UAID_8C8CAAAC26B8464F01_2041747988 Label:Tree18 SpatiallyLoaded:1 Bounds:IsValid=true, Min=(X=2669.731 Y=1779.517 Z=-534.835), Max=(X=3372.590 Y=2438.056 Z=227.811) RuntimeGrid:None EditorOnly:0 RuntimeOnly:0 HLODRelevant:0
 |   |   |- Guid:2F89BFBC442F58AA0A3DED8CFAC4EB36 BaseClass:/Game/Blueprints/Objects/Tree.Tree_C NativeClass:/Script/Engine.Actor Name:Tree_C_UAID_8C8CAAAC26B8464F01_1910299986 Label:Tree16 SpatiallyLoaded:1 Bounds:IsValid=true, Min=(X=1851.778 Y=1761.685 Z=-24.835), Max=(X=2813.501 Y=2717.945 Z=737.811) RuntimeGrid:None EditorOnly:0 RuntimeOnly:0 HLODRelevant:0
 |   |   |- Guid:326E9B3E433144FA6CB68C85CA19C20D BaseClass: NativeClass:/Script/Engine.StaticMeshActor Name:StaticMeshActor_UAID_8C8CAAAC26B8484F01_1189393346 Label:Cube3 SpatiallyLoaded:1 Bounds:IsValid=true, Min=(X=-602.474 Y=-1272.994 Z=-1777.500), Max=(X=842.474 Y=2472.994 Z=497.500) RuntimeGrid:None EditorOnly:0 RuntimeOnly:0 HLODRelevant:1
 |   |   |- Guid:38C10DA645BF17000A33399FCDC085ED BaseClass:/Game/Blueprints/Objects/Tree.Tree_C NativeClass:/Script/Engine.Actor Name:Tree_C_UAID_8C8CAAAC26B8464F01_2032465987 Label:Tree17 SpatiallyLoaded:1 Bounds:IsValid=true, Min=(X=1841.005 Y=210.292 Z=-134.835), Max=(X=2647.541 Y=980.877 Z=627.811) RuntimeGrid:None EditorOnly:0 RuntimeOnly:0 HLODRelevant:0
 |   |   |- Guid:42CDAA7F42B9840C1A14EB8AC442648C BaseClass:/Game/Blueprints/Objects/Grass.Grass_C NativeClass:/Script/Engine.Actor Name:NewBlueprint_C_UAID_8C8CAAAC26B8434F01_1319297421 Label:NewBlueprint18 SpatiallyLoaded:1 Bounds:IsValid=true, Min=(X=847.491 Y=114.399 Z=-89.124), Max=(X=1446.648 Y=748.328 Z=64.760) RuntimeGrid:None EditorOnly:0 RuntimeOnly:0 HLODRelevant:0
 |   |   |- Guid:4345FE274464F6D95B62089B1FEC0353 BaseClass:/Game/Blueprints/Objects/Grass.Grass_C NativeClass:/Script/Engine.Actor Name:NewBlueprint_C_UAID_8C8CAAAC26B8434F01_1295263415 Label:NewBlueprint12 SpatiallyLoaded:1 Bounds:IsValid=true, Min=(X=2453.625 Y=1700.869 Z=-89.124), Max=(X=3059.935 Y=2339.690 Z=64.760) RuntimeGrid:None EditorOnly:0 RuntimeOnly:0 HLODRelevant:0
 |   |   |- Guid:481F04044D6831A2E0F0F7A326DDA51F BaseClass:/Game/Blueprints/Objects/Tree.Tree_C NativeClass:/Script/Engine.Actor Name:Tree_C_UAID_8C8CAAAC26B8464F01_1888927982 Label:Tree12 SpatiallyLoaded:1 Bounds:IsValid=true, Min=(X=-310.251 Y=563.866 Z=-47.252), Max=(X=1132.333 Y=1998.257 Z=1096.717) RuntimeGrid:None EditorOnly:0 RuntimeOnly:0 HLODRelevant:0
 |   |   |- Guid:4AD75F0349F4945E2427B3A8726D8542 BaseClass:/Game/Blueprints/Objects/Grass.Grass_C NativeClass:/Script/Engine.Actor Name:NewBlueprint_C_UAID_8C8CAAAC26B8434F01_1544585438 Label:NewBlueprint35 SpatiallyLoaded:1 Bounds:IsValid=true, Min=(X=-87.160 Y=725.502 Z=-89.124), Max=(X=637.839 Y=1463.150 Z=64.760) RuntimeGrid:None EditorOnly:0 RuntimeOnly:0 HLODRelevant:0
 |   |   |- Guid:4B5E113C4A456E42FC763E899B418588 BaseClass: NativeClass:/Script/Engine.PlayerStart Name:PlayerStart_0 Label:PlayerStart SpatiallyLoaded:0 Bounds:IsValid=true, Min=(X=860.000 Y=940.000 Z=0.013), Max=(X=940.000 Y=1020.000 Z=184.013) RuntimeGrid:None EditorOnly:0 RuntimeOnly:0 HLODRelevant:0
 |   |   |- Guid:4E5EB3B9430A41E002419A8D7D7ADF71 BaseClass:/Game/Blueprints/Objects/Tree.Tree_C NativeClass:/Script/Engine.Actor Name:Tree_C_UAID_8C8CAAAC26B8464F01_1770985973 Label:Tree5 SpatiallyLoaded:1 Bounds:IsValid=true, Min=(X=2171.005 Y=610.292 Z=-24.835), Max=(X=2977.541 Y=1380.877 Z=737.811) RuntimeGrid:None EditorOnly:0 RuntimeOnly:0 HLODRelevant:0
 |   |   |- Guid:50A25A0E494215ECFD16619A3A2E35EC BaseClass:/Game/Blueprints/Objects/Grass.Grass_C NativeClass:/Script/Engine.Actor Name:NewBlueprint_C_UAID_8C8CAAAC26B8434F01_1261142411 Label:NewBlueprint8 SpatiallyLoaded:1 Bounds:IsValid=true, Min=(X=1973.625 Y=530.869 Z=-89.124), Max=(X=2579.935 Y=1169.690 Z=64.760) RuntimeGrid:None EditorOnly:0 RuntimeOnly:0 HLODRelevant:0
 |   |   |- Guid:5397459F40AF8E446087D099DB81CF71 BaseClass: NativeClass:/Script/Engine.DirectionalLight Name:DirectionalLight_0 Label:DirectionalLight SpatiallyLoaded:0 Bounds:IsValid=true, Min=(X=-4398046511104.000 Y=-4398046511104.000 Z=-4398046511104.000), Max=(X=4398046511104.000 Y=4398046511104.000 Z=4398046511104.000) RuntimeGrid:None EditorOnly:0 RuntimeOnly:0 HLODRelevant:0 FolderPath:Lighting FolderGuid:963EC3EB4002CCE9759E2EBA541A873A
 |   |   |- Guid:550CA9AA4526FEE3DEA1A1B73CBC4379 BaseClass:/Game/Blueprints/Objects/Tree.Tree_C NativeClass:/Script/Engine.Actor Name:Tree_C_UAID_8C8CAAAC26B8464F01_1904948985 Label:Tree15 SpatiallyLoaded:1 Bounds:IsValid=true, Min=(X=2329.731 Y=1889.517 Z=-24.835), Max=(X=3032.590 Y=2548.056 Z=737.811) RuntimeGrid:None EditorOnly:0 RuntimeOnly:0 HLODRelevant:0
 |   |   |- Guid:552E385D4F9D04F1A518A8B6FCAD0ABE BaseClass:/Game/Blueprints/Objects/Tree.Tree_C NativeClass:/Script/Engine.Actor Name:Tree_C_UAID_8C8CAAAC26B8464F01_2075108991 Label:Tree21 SpatiallyLoaded:1 Bounds:IsValid=true, Min=(X=-277.541 Y=-120.877 Z=-104.835), Max=(X=528.995 Y=649.708 Z=657.811) RuntimeGrid:None EditorOnly:0 RuntimeOnly:0 HLODRelevant:0
 |   |   |- Guid:6A1EA94944E1DB6E3398129FDF7D14A1 BaseClass:/Game/Blueprints/Objects/Tree.Tree_C NativeClass:/Script/Engine.Actor Name:Tree_C_UAID_8C8CAAAC26B8464F01_1757364970 Label:Tree3 SpatiallyLoaded:1 Bounds:IsValid=true, Min=(X=1199.380 Y=-153.730 Z=-24.835), Max=(X=2161.103 Y=802.530 Z=737.811) RuntimeGrid:None EditorOnly:0 RuntimeOnly:0 HLODRelevant:0
 |   |   |- Guid:6B7D95DE47BEC323F5970186189B9A6A BaseClass:/Game/Blueprints/Objects/Grass.Grass_C NativeClass:/Script/Engine.Actor Name:NewBlueprint_C_UAID_8C8CAAAC26B8434F01_1340394422 Label:NewBlueprint19 SpatiallyLoaded:1 Bounds:IsValid=true, Min=(X=3266.119 Y=1387.487 Z=-89.124), Max=(X=4018.166 Y=2142.264 Z=64.760) RuntimeGrid:None EditorOnly:0 RuntimeOnly:0 HLODRelevant:0
 |   |   |- Guid:73269685486DF78B06B22282B615DF71 BaseClass: NativeClass:/Script/Engine.PostProcessVolume Name:PostProcessVolume_0 Label:PostProcessVolume SpatiallyLoaded:0 Bounds:IsValid=true, Min=(X=0.000 Y=0.000 Z=400.000), Max=(X=200.000 Y=200.000 Z=600.000) RuntimeGrid:None EditorOnly:0 RuntimeOnly:0 HLODRelevant:0 FolderPath:Lighting FolderGuid:963EC3EB4002CCE9759E2EBA541A873A
 |   |   |- Guid:76CC89D84EA43A9EBAE7DB9B3162B01D BaseClass: NativeClass:/Script/Engine.SkyLight Name:SkyLight_1 Label:SkyLight SpatiallyLoaded:0 Bounds:IsValid=true, Min=(X=0.000 Y=0.000 Z=690.000), Max=(X=0.000 Y=0.000 Z=690.000) RuntimeGrid:None EditorOnly:0 RuntimeOnly:0 HLODRelevant:0 FolderPath:Lighting FolderGuid:963EC3EB4002CCE9759E2EBA541A873A
 |   |   |- Guid:7E9EB5D4490848667F415B8F583BDC12 BaseClass:/Game/Blueprints/Objects/Grass.Grass_C NativeClass:/Script/Engine.Actor Name:NewBlueprint_C_UAID_8C8CAAAC26B8434F01_1529772435 Label:NewBlueprint32 SpatiallyLoaded:1 Bounds:IsValid=true, Min=(X=143.657 Y=-265.476 Z=-89.124), Max=(X=892.631 Y=490.768 Z=64.760) RuntimeGrid:None EditorOnly:0 RuntimeOnly:0 HLODRelevant:0
 |   |   |- Guid:8117A5A547369D0591ED4C8B63C4270E BaseClass: NativeClass:/Script/Engine.WorldDataLayers Name:WorldDataLayers Label:WorldDataLayers SpatiallyLoaded:0 Bounds:IsValid=true, Min=(X=0.000 Y=0.000 Z=0.000), Max=(X=0.000 Y=0.000 Z=0.000) RuntimeGrid:None EditorOnly:0 RuntimeOnly:0 HLODRelevant:0
 |   |   |- Guid:85E440FD4FCA8902354A63BB5BEBC4CF BaseClass:/Game/Blueprints/Objects/Tree.Tree_C NativeClass:/Script/Engine.Actor Name:Tree_C_UAID_8C8CAAAC26B8464F01_2065721990 Label:Tree20 SpatiallyLoaded:1 Bounds:IsValid=true, Min=(X=-277.541 Y=-10.877 Z=-494.835), Max=(X=528.995 Y=759.708 Z=267.811) RuntimeGrid:None EditorOnly:0 RuntimeOnly:0 HLODRelevant:0
 |   |   |- Guid:85F315544DC5F45CF28EF197A9C8D1AA BaseClass:/Game/Blueprints/Objects/Tree.Tree_C NativeClass:/Script/Engine.Actor Name:Tree_C_UAID_8C8CAAAC26B8464F01_1757367971 Label:Tree4 SpatiallyLoaded:1 Bounds:IsValid=true, Min=(X=1411.005 Y=100.292 Z=-484.835), Max=(X=2217.541 Y=870.877 Z=277.811) RuntimeGrid:None EditorOnly:0 RuntimeOnly:0 HLODRelevant:0
 |   |   |- Guid:8758AD064970DDBADAD39EA98DDF7525 BaseClass: NativeClass:/Script/Engine.StaticMeshActor Name:StaticMeshActor_UAID_8C8CAAAC26B8474F01_1831395168 Label:Cube SpatiallyLoaded:1 Bounds:IsValid=true, Min=(X=-422.994 Y=1467.526 Z=-1777.500), Max=(X=3322.994 Y=2912.474 Z=497.500) RuntimeGrid:None EditorOnly:0 RuntimeOnly:0 HLODRelevant:1
 |   |   |- Guid:88F8BE3842134E63E298BF9736AE21B7 BaseClass:/Game/Blueprints/Objects/Grass.Grass_C NativeClass:/Script/Engine.Actor Name:NewBlueprint_C_UAID_8C8CAAAC26B8434F01_1309147417 Label:NewBlueprint14 SpatiallyLoaded:1 Bounds:IsValid=true, Min=(X=282.840 Y=1055.502 Z=-89.124), Max=(X=1007.839 Y=1793.150 Z=64.760) RuntimeGrid:None EditorOnly:0 RuntimeOnly:0 HLODRelevant:0
 |   |   |- Guid:8951B368443693DC23FE30A5A02740CE BaseClass:/Game/Blueprints/Objects/Grass.Grass_C NativeClass:/Script/Engine.Actor Name:NewBlueprint_C_UAID_8C8CAAAC26B8434F01_1309150418 Label:NewBlueprint15 SpatiallyLoaded:1 Bounds:IsValid=true, Min=(X=1133.327 Y=1510.005 Z=-89.124), Max=(X=1858.327 Y=2247.653 Z=64.760) RuntimeGrid:None EditorOnly:0 RuntimeOnly:0 HLODRelevant:0
 |   |   |- Guid:89B6FE68487E0016F0945DB2A43BABDF BaseClass:/Game/Blueprints/TriggerWin.TriggerWin_C NativeClass:/Script/Engine.Actor Name:TriggerWin_C_UAID_F875A4315763304F01_2146477033 Label:TriggerWin SpatiallyLoaded:1 Bounds:IsValid=true, Min=(X=2564.000 Y=1544.000 Z=-46.000), Max=(X=2756.000 Y=1736.000 Z=146.000) RuntimeGrid:None EditorOnly:0 RuntimeOnly:0 HLODRelevant:0
 |   |   |- Guid:8EB280AC4021B2FB43AEF286AAD19D74 BaseClass:/Game/Blueprints/Objects/Grass.Grass_C NativeClass:/Script/Engine.Actor Name:NewBlueprint_C_UAID_8C8CAAAC26B8434F01_1533854436 Label:NewBlueprint33 SpatiallyLoaded:1 Bounds:IsValid=true, Min=(X=-236.343 Y=-5.476 Z=-89.124), Max=(X=512.631 Y=750.768 Z=64.760) RuntimeGrid:None EditorOnly:0 RuntimeOnly:0 HLODRelevant:0
 |   |   |- Guid:90DA9DBC4F42BAEC92150D98E8CBC32A BaseClass: NativeClass:/Script/Engine.StaticMeshActor Name:StaticMeshActor_UAID_8C8CAAAC26B8484F01_1182633345 Label:Cube2 SpatiallyLoaded:1 Bounds:IsValid=true, Min=(X=167.006 Y=-122.474 Z=-1777.500), Max=(X=3912.994 Y=1322.474 Z=497.500) RuntimeGrid:None EditorOnly:0 RuntimeOnly:0 HLODRelevant:1
 |   |   |- Guid:9368F1AB452089E4BA9247A85F303A26 BaseClass:/Game/Blueprints/Objects/Tree.Tree_C NativeClass:/Script/Engine.Actor Name:Tree_C_UAID_8C8CAAAC26B8464F01_2053573989 Label:Tree19 SpatiallyLoaded:1 Bounds:IsValid=true, Min=(X=1458.943 Y=1659.723 Z=-484.835), Max=(X=2161.803 Y=2318.262 Z=277.811) RuntimeGrid:None EditorOnly:0 RuntimeOnly:0 HLODRelevant:0
 |   |   |- Guid:99DF04F9443CD75029668AA062920BAF BaseClass:/Game/Blueprints/Objects/Grass.Grass_C NativeClass:/Script/Engine.Actor Name:NewBlueprint_C_UAID_8C8CAAAC26B8434F01_1558353439 Label:NewBlueprint36 SpatiallyLoaded:1 Bounds:IsValid=true, Min=(X=657.741 Y=1500.022 Z=-89.124), Max=(X=1176.014 Y=2061.647 Z=64.760) RuntimeGrid:None EditorOnly:0 RuntimeOnly:0 HLODRelevant:0
 |   |   |- Guid:A0352ECF4D78408AF7AE9FAFDB70E8AE BaseClass:/Game/Blueprints/Objects/Grass.Grass_C NativeClass:/Script/Engine.Actor Name:NewBlueprint_C_UAID_8C8CAAAC26B8434F01_1309151419 Label:NewBlueprint16 SpatiallyLoaded:1 Bounds:IsValid=true, Min=(X=887.741 Y=1280.022 Z=-89.124), Max=(X=1406.014 Y=1841.647 Z=64.760) RuntimeGrid:None EditorOnly:0 RuntimeOnly:0 HLODRelevant:0
 |   |   |- Guid:A2ED37B64A7D9AF47EB58BAEC3D4EC49 BaseClass: NativeClass:/Script/Engine.VolumetricCloud Name:VolumetricCloud_0 Label:VolumetricCloud SpatiallyLoaded:0 Bounds:IsValid=true, Min=(X=0.000 Y=0.000 Z=820.000), Max=(X=0.000 Y=0.000 Z=820.000) RuntimeGrid:None EditorOnly:0 RuntimeOnly:0 HLODRelevant:0 FolderPath:Lighting FolderGuid:963EC3EB4002CCE9759E2EBA541A873A
 |   |   |- Guid:A3E4197646CC4C771066F88647AF06F3 BaseClass:/Game/Blueprints/Objects/Tree.Tree_C NativeClass:/Script/Engine.Actor Name:Tree_C_UAID_8C8CAAAC26B8464F01_1831379975 Label:Tree7 SpatiallyLoaded:1 Bounds:IsValid=true, Min=(X=2896.984 Y=605.185 Z=-24.835), Max=(X=3834.948 Y=1526.926 Z=737.811) RuntimeGrid:None EditorOnly:0 RuntimeOnly:0 HLODRelevant:0
 |   |   |- Guid:A703BAEA41357EA0102AB88DEADF2EDB BaseClass:/Game/Blueprints/Objects/Grass.Grass_C NativeClass:/Script/Engine.Actor Name:NewBlueprint_C_UAID_8C8CAAAC26B8464F01_1765861972 Label:NewBlueprint37 SpatiallyLoaded:1 Bounds:IsValid=true, Min=(X=2950.012 Y=692.369 Z=-89.124), Max=(X=3646.285 Y=1362.333 Z=64.760) RuntimeGrid:None EditorOnly:0 RuntimeOnly:0 HLODRelevant:0
 |   |   |- Guid:AC7A32914F38931FED7CD3AE0FC6F1F6 BaseClass:/Game/Blueprints/Objects/Grass.Grass_C NativeClass:/Script/Engine.Actor Name:NewBlueprint_C_UAID_8C8CAAAC26B8434F01_1283547414 Label:NewBlueprint11 SpatiallyLoaded:1 Bounds:IsValid=true, Min=(X=2490.012 Y=822.369 Z=-69.124), Max=(X=3186.285 Y=1492.333 Z=84.760) RuntimeGrid:None EditorOnly:0 RuntimeOnly:0 HLODRelevant:0
 |   |   |- Guid:B28897884F9CE75856FEB6840C00CB5B BaseClass:/Game/Blueprints/Objects/Grass.Grass_C NativeClass:/Script/Engine.Actor Name:NewBlueprint_C_UAID_8C8CAAAC26B8434F01_1422307429 Label:NewBlueprint26 SpatiallyLoaded:1 Bounds:IsValid=true, Min=(X=-197.160 Y=1085.502 Z=-89.124), Max=(X=527.839 Y=1823.150 Z=64.760) RuntimeGrid:None EditorOnly:0 RuntimeOnly:0 HLODRelevant:0
 |   |   |- Guid:B6A83AB042C9FDDEACD6F9B33B7AE0B7 BaseClass: NativeClass:/Script/Engine.ExponentialHeightFog Name:ExponentialHeightFog_0 Label:ExponentialHeightFog SpatiallyLoaded:0 Bounds:IsValid=true, Min=(X=-5600.000 Y=-50.000 Z=-6850.000), Max=(X=-5600.000 Y=-50.000 Z=-6850.000) RuntimeGrid:None EditorOnly:0 RuntimeOnly:0 HLODRelevant:0 FolderPath:Lighting FolderGuid:963EC3EB4002CCE9759E2EBA541A873A
 |   |   |- Guid:BB7C83DE44974740320F4985F9EF8C68 BaseClass:/Game/Blueprints/Objects/Grass.Grass_C NativeClass:/Script/Engine.Actor Name:NewBlueprint_C_UAID_8C8CAAAC26B83D4F01_1498292338 Label:NewBlueprint7 SpatiallyLoaded:1 Bounds:IsValid=true, Min=(X=1383.625 Y=1510.869 Z=-89.124), Max=(X=1989.935 Y=2149.690 Z=64.760) RuntimeGrid:None EditorOnly:0 RuntimeOnly:0 HLODRelevant:0
 |   |   |- Guid:C45D96404F7E68BBD81C548B2C03736D BaseClass:/Game/Blueprints/Objects/Tree.Tree_C NativeClass:/Script/Engine.Actor Name:Tree_C_UAID_8C8CAAAC26B8464F01_1748155969 Label:Tree2 SpatiallyLoaded:1 Bounds:IsValid=true, Min=(X=620.947 Y=-58.297 Z=-24.835), Max=(X=1577.207 Y=903.425 Z=737.811) RuntimeGrid:None EditorOnly:0 RuntimeOnly:0 HLODRelevant:0
 |   |   |- Guid:CB0C3B6E4CADE1129BCE63895C126DF2 BaseClass:/Game/Blueprints/Objects/Grass.Grass_C NativeClass:/Script/Engine.Actor Name:NewBlueprint_C_UAID_8C8CAAAC26B8434F01_1340400425 Label:NewBlueprint22 SpatiallyLoaded:1 Bounds:IsValid=true, Min=(X=1653.327 Y=1520.005 Z=-89.124), Max=(X=2378.327 Y=2257.653 Z=64.760) RuntimeGrid:None EditorOnly:0 RuntimeOnly:0 HLODRelevant:0
 |   |   |- Guid:CC5AEB4D45DA7EC3E6EAA38DEC53F56B BaseClass:/Game/Blueprints/Objects/Grass.Grass_C NativeClass:/Script/Engine.Actor Name:NewBlueprint_C_UAID_8C8CAAAC26B8434F01_1373286427 Label:NewBlueprint24 SpatiallyLoaded:1 Bounds:IsValid=true, Min=(X=1746.439 Y=2044.067 Z=-89.124), Max=(X=2345.596 Y=2677.996 Z=64.760) RuntimeGrid:None EditorOnly:0 RuntimeOnly:0 HLODRelevant:0
 |   |   |- Guid:D5F89A8E48134F3D55907EAF7425FA7E BaseClass:/Game/Blueprints/Objects/Tree.Tree_C NativeClass:/Script/Engine.Actor Name:Tree_C_UAID_8C8CAAAC26B8464F01_1888929983 Label:Tree13 SpatiallyLoaded:1 Bounds:IsValid=true, Min=(X=-277.541 Y=429.123 Z=-24.835), Max=(X=528.995 Y=1199.708 Z=737.811) RuntimeGrid:None EditorOnly:0 RuntimeOnly:0 HLODRelevant:0
 |   |   |- Guid:DEC7CCA9453AD799AC67C893A5A78339 BaseClass: NativeClass:/Script/Engine.SkyAtmosphere Name:SkyAtmosphere_0 Label:SkyAtmosphere SpatiallyLoaded:0 Bounds:IsValid=true, Min=(X=0.000 Y=0.000 Z=1020.000), Max=(X=0.000 Y=0.000 Z=1020.000) RuntimeGrid:None EditorOnly:0 RuntimeOnly:0 HLODRelevant:0 FolderPath:Lighting FolderGuid:963EC3EB4002CCE9759E2EBA541A873A
 |   |   |- Guid:E00B936E4BBBEAB6169A9897E62D3891 BaseClass:/Game/Blueprints/Objects/Muud.Muud_C NativeClass:/Script/Engine.Actor Name:Muud_C_UAID_8C8CAAAC26B83D4F01_1178665323 Label:Muud SpatiallyLoaded:1 Bounds:IsValid=true, Min=(X=-179.591 Y=-156.707 Z=-120.000), Max=(X=3419.591 Y=2676.707 Z=-20.000) RuntimeGrid:None EditorOnly:0 RuntimeOnly:0 HLODRelevant:0
 |   |   |- Guid:E1A4528642C65F72B32A6590D9909916 BaseClass:/Game/Blueprints/Objects/Grass.Grass_C NativeClass:/Script/Engine.Actor Name:NewBlueprint_C_UAID_8C8CAAAC26B8434F01_1283544413 Label:NewBlueprint10 SpatiallyLoaded:1 Bounds:IsValid=true, Min=(X=2746.119 Y=1107.487 Z=-89.124), Max=(X=3498.166 Y=1862.264 Z=64.760) RuntimeGrid:None EditorOnly:0 RuntimeOnly:0 HLODRelevant:0
 |   |   |- Guid:E66477F74743637EE32A319C0707277F BaseClass:/Game/Blueprints/Objects/Grass.Grass_C NativeClass:/Script/Engine.Actor Name:NewBlueprint_C_UAID_8C8CAAAC26B8434F01_1538055437 Label:NewBlueprint34 SpatiallyLoaded:1 Bounds:IsValid=true, Min=(X=-366.343 Y=414.524 Z=-89.124), Max=(X=382.631 Y=1170.768 Z=64.760) RuntimeGrid:None EditorOnly:0 RuntimeOnly:0 HLODRelevant:0
 |   |   |- Guid:E74E37784FD436F046F8BF85F35EFF62 BaseClass:/Game/Blueprints/Objects/Tree.Tree_C NativeClass:/Script/Engine.Actor Name:Tree_C_UAID_8C8CAAAC26B8464F01_1508731968 Label:Tree SpatiallyLoaded:1 Bounds:IsValid=true, Min=(X=248.943 Y=-90.277 Z=-24.835), Max=(X=951.803 Y=568.262 Z=737.811) RuntimeGrid:None EditorOnly:0 RuntimeOnly:0 HLODRelevant:0
 |   |   |- Guid:E7D77B1348529FD735CA68BC7DEDA853 BaseClass:/Game/Blueprints/Objects/Grass.Grass_C NativeClass:/Script/Engine.Actor Name:NewBlueprint_C_UAID_8C8CAAAC26B8434F01_1373284426 Label:NewBlueprint23 SpatiallyLoaded:1 Bounds:IsValid=true, Min=(X=2203.026 Y=1887.023 Z=-89.124), Max=(X=2802.183 Y=2520.952 Z=64.760) RuntimeGrid:None EditorOnly:0 RuntimeOnly:0 HLODRelevant:0
 |   |   |- Guid:F29265FE4819AA2344A279AC1F8C463D BaseClass:/Game/Blueprints/Objects/Grass.Grass_C NativeClass:/Script/Engine.Actor Name:NewBlueprint_C_UAID_8C8CAAAC26B8434F01_1295265416 Label:NewBlueprint13 SpatiallyLoaded:1 Bounds:IsValid=true, Min=(X=1954.379 Y=1660.337 Z=-89.124), Max=(X=2679.379 Y=2397.985 Z=64.760) RuntimeGrid:None EditorOnly:0 RuntimeOnly:0 HLODRelevant:0
 |   |   |- Guid:F3E4E9F04F5C1F2B538716A54AF2FEE1 BaseClass:/Game/Blueprints/Objects/Grass.Grass_C NativeClass:/Script/Engine.Actor Name:NewBlueprint_C_UAID_8C8CAAAC26B8434F01_1437554432 Label:NewBlueprint29 SpatiallyLoaded:1 Bounds:IsValid=true, Min=(X=1973.625 Y=170.869 Z=-89.124), Max=(X=2579.935 Y=809.690 Z=64.760) RuntimeGrid:None EditorOnly:0 RuntimeOnly:0 HLODRelevant:0
 |   |   |- Guid:F62682044DA0720F29CC45B39DD901C1 BaseClass:/Game/Blueprints/Objects/Grass.Grass_C NativeClass:/Script/Engine.Actor Name:NewBlueprint_C_UAID_8C8CAAAC26B8434F01_1340398424 Label:NewBlueprint21 SpatiallyLoaded:1 Bounds:IsValid=true, Min=(X=2773.657 Y=1634.524 Z=-89.124), Max=(X=3522.631 Y=2390.768 Z=64.760) RuntimeGrid:None EditorOnly:0 RuntimeOnly:0 HLODRelevant:0
 |   |   |- Guid:FD714F804C16457B71510FBB3F7B809B BaseClass:/Game/Blueprints/Objects/Grass.Grass_C NativeClass:/Script/Engine.Actor Name:NewBlueprint_C_UAID_8C8CAAAC26B8434F01_1403204428 Label:NewBlueprint25 SpatiallyLoaded:1 Bounds:IsValid=true, Min=(X=2458.353 Y=517.741 Z=-89.124), Max=(X=3019.978 Y=1036.014 Z=64.760) RuntimeGrid:None EditorOnly:0 RuntimeOnly:0 HLODRelevant:0
 |   |   |- Guid:FE70A03D4EA1588400C0178F76C2887F BaseClass:/Game/Blueprints/Objects/Tree.Tree_C NativeClass:/Script/Engine.Actor Name:Tree_C_UAID_8C8CAAAC26B8464F01_1878789978 Label:Tree6 SpatiallyLoaded:1 Bounds:IsValid=true, Min=(X=178.537 Y=1122.045 Z=-24.835), Max=(X=985.073 Y=1892.630 Z=737.811) RuntimeGrid:None EditorOnly:0 RuntimeOnly:0 HLODRelevant:0
 |   |- [+] Clusters:
 |   |   |- [+] [  0]
 |   |   |   |- Guid:DEC7CCA9453AD799AC67C893A5A78339 BaseClass: NativeClass:/Script/Engine.SkyAtmosphere Name:SkyAtmosphere_0 Label:SkyAtmosphere SpatiallyLoaded:0 Bounds:IsValid=true, Min=(X=0.000 Y=0.000 Z=1020.000), Max=(X=0.000 Y=0.000 Z=1020.000) RuntimeGrid:None EditorOnly:0 RuntimeOnly:0 HLODRelevant:0 FolderPath:Lighting FolderGuid:963EC3EB4002CCE9759E2EBA541A873A
 |   |   |- [+] [  1]
 |   |   |   |- Guid:76CC89D84EA43A9EBAE7DB9B3162B01D BaseClass: NativeClass:/Script/Engine.SkyLight Name:SkyLight_1 Label:SkyLight SpatiallyLoaded:0 Bounds:IsValid=true, Min=(X=0.000 Y=0.000 Z=690.000), Max=(X=0.000 Y=0.000 Z=690.000) RuntimeGrid:None EditorOnly:0 RuntimeOnly:0 HLODRelevant:0 FolderPath:Lighting FolderGuid:963EC3EB4002CCE9759E2EBA541A873A
 |   |   |- [+] [  2]
 |   |   |   |- Guid:E00B936E4BBBEAB6169A9897E62D3891 BaseClass:/Game/Blueprints/Objects/Muud.Muud_C NativeClass:/Script/Engine.Actor Name:Muud_C_UAID_8C8CAAAC26B83D4F01_1178665323 Label:Muud SpatiallyLoaded:1 Bounds:IsValid=true, Min=(X=-179.591 Y=-156.707 Z=-120.000), Max=(X=3419.591 Y=2676.707 Z=-20.000) RuntimeGrid:None EditorOnly:0 RuntimeOnly:0 HLODRelevant:0
 |   |   |- [+] [  3]
 |   |   |   |- Guid:E74E37784FD436F046F8BF85F35EFF62 BaseClass:/Game/Blueprints/Objects/Tree.Tree_C NativeClass:/Script/Engine.Actor Name:Tree_C_UAID_8C8CAAAC26B8464F01_1508731968 Label:Tree SpatiallyLoaded:1 Bounds:IsValid=true, Min=(X=248.943 Y=-90.277 Z=-24.835), Max=(X=951.803 Y=568.262 Z=737.811) RuntimeGrid:None EditorOnly:0 RuntimeOnly:0 HLODRelevant:0
 |   |   |- [+] [  4]
 |   |   |   |- Guid:99DF04F9443CD75029668AA062920BAF BaseClass:/Game/Blueprints/Objects/Grass.Grass_C NativeClass:/Script/Engine.Actor Name:NewBlueprint_C_UAID_8C8CAAAC26B8434F01_1558353439 Label:NewBlueprint36 SpatiallyLoaded:1 Bounds:IsValid=true, Min=(X=657.741 Y=1500.022 Z=-89.124), Max=(X=1176.014 Y=2061.647 Z=64.760) RuntimeGrid:None EditorOnly:0 RuntimeOnly:0 HLODRelevant:0
 |   |   |- [+] [  5]
 |   |   |   |- Guid:550CA9AA4526FEE3DEA1A1B73CBC4379 BaseClass:/Game/Blueprints/Objects/Tree.Tree_C NativeClass:/Script/Engine.Actor Name:Tree_C_UAID_8C8CAAAC26B8464F01_1904948985 Label:Tree15 SpatiallyLoaded:1 Bounds:IsValid=true, Min=(X=2329.731 Y=1889.517 Z=-24.835), Max=(X=3032.590 Y=2548.056 Z=737.811) RuntimeGrid:None EditorOnly:0 RuntimeOnly:0 HLODRelevant:0
 |   |   |- [+] [  6]
 |   |   |   |- Guid:A3E4197646CC4C771066F88647AF06F3 BaseClass:/Game/Blueprints/Objects/Tree.Tree_C NativeClass:/Script/Engine.Actor Name:Tree_C_UAID_8C8CAAAC26B8464F01_1831379975 Label:Tree7 SpatiallyLoaded:1 Bounds:IsValid=true, Min=(X=2896.984 Y=605.185 Z=-24.835), Max=(X=3834.948 Y=1526.926 Z=737.811) RuntimeGrid:None EditorOnly:0 RuntimeOnly:0 HLODRelevant:0
 |   |   |- [+] [  7]
 |   |   |   |- Guid:C45D96404F7E68BBD81C548B2C03736D BaseClass:/Game/Blueprints/Objects/Tree.Tree_C NativeClass:/Script/Engine.Actor Name:Tree_C_UAID_8C8CAAAC26B8464F01_1748155969 Label:Tree2 SpatiallyLoaded:1 Bounds:IsValid=true, Min=(X=620.947 Y=-58.297 Z=-24.835), Max=(X=1577.207 Y=903.425 Z=737.811) RuntimeGrid:None EditorOnly:0 RuntimeOnly:0 HLODRelevant:0
 |   |   |- [+] [  8]
 |   |   |   |- Guid:E7D77B1348529FD735CA68BC7DEDA853 BaseClass:/Game/Blueprints/Objects/Grass.Grass_C NativeClass:/Script/Engine.Actor Name:NewBlueprint_C_UAID_8C8CAAAC26B8434F01_1373284426 Label:NewBlueprint23 SpatiallyLoaded:1 Bounds:IsValid=true, Min=(X=2203.026 Y=1887.023 Z=-89.124), Max=(X=2802.183 Y=2520.952 Z=64.760) RuntimeGrid:None EditorOnly:0 RuntimeOnly:0 HLODRelevant:0
 |   |   |- [+] [  9]
 |   |   |   |- Guid:8951B368443693DC23FE30A5A02740CE BaseClass:/Game/Blueprints/Objects/Grass.Grass_C NativeClass:/Script/Engine.Actor Name:NewBlueprint_C_UAID_8C8CAAAC26B8434F01_1309150418 Label:NewBlueprint15 SpatiallyLoaded:1 Bounds:IsValid=true, Min=(X=1133.327 Y=1510.005 Z=-89.124), Max=(X=1858.327 Y=2247.653 Z=64.760) RuntimeGrid:None EditorOnly:0 RuntimeOnly:0 HLODRelevant:0
 |   |   |- [+] [ 10]
 |   |   |   |- Guid:73269685486DF78B06B22282B615DF71 BaseClass: NativeClass:/Script/Engine.PostProcessVolume Name:PostProcessVolume_0 Label:PostProcessVolume SpatiallyLoaded:0 Bounds:IsValid=true, Min=(X=0.000 Y=0.000 Z=400.000), Max=(X=200.000 Y=200.000 Z=600.000) RuntimeGrid:None EditorOnly:0 RuntimeOnly:0 HLODRelevant:0 FolderPath:Lighting FolderGuid:963EC3EB4002CCE9759E2EBA541A873A
 |   |   |- [+] [ 11]
 |   |   |   |- Guid:12948C824C3B0CDB5D02889D23741628 BaseClass:/Game/Blueprints/Objects/Grass.Grass_C NativeClass:/Script/Engine.Actor Name:NewBlueprint_C_UAID_8C8CAAAC26B8434F01_1437558434 Label:NewBlueprint31 SpatiallyLoaded:1 Bounds:IsValid=true, Min=(X=1253.625 Y=-109.131 Z=-89.124), Max=(X=1859.935 Y=529.690 Z=64.760) RuntimeGrid:None EditorOnly:0 RuntimeOnly:0 HLODRelevant:0
 |   |   |- [+] [ 12]
 |   |   |   |- Guid:2EC1CB0E46B4CA0D4CAC48A621B811AC BaseClass:/Game/Blueprints/Objects/Tree.Tree_C NativeClass:/Script/Engine.Actor Name:Tree_C_UAID_8C8CAAAC26B8464F01_2041747988 Label:Tree18 SpatiallyLoaded:1 Bounds:IsValid=true, Min=(X=2669.731 Y=1779.517 Z=-534.835), Max=(X=3372.590 Y=2438.056 Z=227.811) RuntimeGrid:None EditorOnly:0 RuntimeOnly:0 HLODRelevant:0
 |   |   |- [+] [ 13]
 |   |   |   |- Guid:89B6FE68487E0016F0945DB2A43BABDF BaseClass:/Game/Blueprints/TriggerWin.TriggerWin_C NativeClass:/Script/Engine.Actor Name:TriggerWin_C_UAID_F875A4315763304F01_2146477033 Label:TriggerWin SpatiallyLoaded:1 Bounds:IsValid=true, Min=(X=2564.000 Y=1544.000 Z=-46.000), Max=(X=2756.000 Y=1736.000 Z=146.000) RuntimeGrid:None EditorOnly:0 RuntimeOnly:0 HLODRelevant:0
 |   |   |- [+] [ 14]
 |   |   |   |- Guid:9368F1AB452089E4BA9247A85F303A26 BaseClass:/Game/Blueprints/Objects/Tree.Tree_C NativeClass:/Script/Engine.Actor Name:Tree_C_UAID_8C8CAAAC26B8464F01_2053573989 Label:Tree19 SpatiallyLoaded:1 Bounds:IsValid=true, Min=(X=1458.943 Y=1659.723 Z=-484.835), Max=(X=2161.803 Y=2318.262 Z=277.811) RuntimeGrid:None EditorOnly:0 RuntimeOnly:0 HLODRelevant:0
 |   |   |- [+] [ 15]
 |   |   |   |- Guid:6A1EA94944E1DB6E3398129FDF7D14A1 BaseClass:/Game/Blueprints/Objects/Tree.Tree_C NativeClass:/Script/Engine.Actor Name:Tree_C_UAID_8C8CAAAC26B8464F01_1757364970 Label:Tree3 SpatiallyLoaded:1 Bounds:IsValid=true, Min=(X=1199.380 Y=-153.730 Z=-24.835), Max=(X=2161.103 Y=802.530 Z=737.811) RuntimeGrid:None EditorOnly:0 RuntimeOnly:0 HLODRelevant:0
 |   |   |- [+] [ 16]
 |   |   |   |- Guid:4B5E113C4A456E42FC763E899B418588 BaseClass: NativeClass:/Script/Engine.PlayerStart Name:PlayerStart_0 Label:PlayerStart SpatiallyLoaded:0 Bounds:IsValid=true, Min=(X=860.000 Y=940.000 Z=0.013), Max=(X=940.000 Y=1020.000 Z=184.013) RuntimeGrid:None EditorOnly:0 RuntimeOnly:0 HLODRelevant:0
 |   |   |- [+] [ 17]
 |   |   |   |- Guid:F29265FE4819AA2344A279AC1F8C463D BaseClass:/Game/Blueprints/Objects/Grass.Grass_C NativeClass:/Script/Engine.Actor Name:NewBlueprint_C_UAID_8C8CAAAC26B8434F01_1295265416 Label:NewBlueprint13 SpatiallyLoaded:1 Bounds:IsValid=true, Min=(X=1954.379 Y=1660.337 Z=-89.124), Max=(X=2679.379 Y=2397.985 Z=64.760) RuntimeGrid:None EditorOnly:0 RuntimeOnly:0 HLODRelevant:0
 |   |   |- [+] [ 18]
 |   |   |   |- Guid:8EB280AC4021B2FB43AEF286AAD19D74 BaseClass:/Game/Blueprints/Objects/Grass.Grass_C NativeClass:/Script/Engine.Actor Name:NewBlueprint_C_UAID_8C8CAAAC26B8434F01_1533854436 Label:NewBlueprint33 SpatiallyLoaded:1 Bounds:IsValid=true, Min=(X=-236.343 Y=-5.476 Z=-89.124), Max=(X=512.631 Y=750.768 Z=64.760) RuntimeGrid:None EditorOnly:0 RuntimeOnly:0 HLODRelevant:0
 |   |   |- [+] [ 19]
 |   |   |   |- Guid:481F04044D6831A2E0F0F7A326DDA51F BaseClass:/Game/Blueprints/Objects/Tree.Tree_C NativeClass:/Script/Engine.Actor Name:Tree_C_UAID_8C8CAAAC26B8464F01_1888927982 Label:Tree12 SpatiallyLoaded:1 Bounds:IsValid=true, Min=(X=-310.251 Y=563.866 Z=-47.252), Max=(X=1132.333 Y=1998.257 Z=1096.717) RuntimeGrid:None EditorOnly:0 RuntimeOnly:0 HLODRelevant:0
 |   |   |- [+] [ 20]
 |   |   |   |- Guid:14C6C82E49427412F58079B86229D2E2 BaseClass:/Game/Blueprints/Objects/Grass.Grass_C NativeClass:/Script/Engine.Actor Name:NewBlueprint_C_UAID_8C8CAAAC26B8434F01_1431123431 Label:NewBlueprint28 SpatiallyLoaded:1 Bounds:IsValid=true, Min=(X=567.491 Y=-205.601 Z=-89.124), Max=(X=1166.648 Y=428.328 Z=64.760) RuntimeGrid:None EditorOnly:0 RuntimeOnly:0 HLODRelevant:0
 |   |   |- [+] [ 21]
 |   |   |   |- Guid:04705B314B1762CDC5C00B8245EBBE91 BaseClass:/Game/Blueprints/Objects/Tree.Tree_C NativeClass:/Script/Engine.Actor Name:Tree_C_UAID_8C8CAAAC26B8464F01_1878791979 Label:Tree8 SpatiallyLoaded:1 Bounds:IsValid=true, Min=(X=560.194 Y=1296.590 Z=-24.835), Max=(X=1521.917 Y=2252.850 Z=737.811) RuntimeGrid:None EditorOnly:0 RuntimeOnly:0 HLODRelevant:0
 |   |   |- [+] [ 22]
 |   |   |   |- Guid:88F8BE3842134E63E298BF9736AE21B7 BaseClass:/Game/Blueprints/Objects/Grass.Grass_C NativeClass:/Script/Engine.Actor Name:NewBlueprint_C_UAID_8C8CAAAC26B8434F01_1309147417 Label:NewBlueprint14 SpatiallyLoaded:1 Bounds:IsValid=true, Min=(X=282.840 Y=1055.502 Z=-89.124), Max=(X=1007.839 Y=1793.150 Z=64.760) RuntimeGrid:None EditorOnly:0 RuntimeOnly:0 HLODRelevant:0
 |   |   |- [+] [ 23]
 |   |   |   |- Guid:FE70A03D4EA1588400C0178F76C2887F BaseClass:/Game/Blueprints/Objects/Tree.Tree_C NativeClass:/Script/Engine.Actor Name:Tree_C_UAID_8C8CAAAC26B8464F01_1878789978 Label:Tree6 SpatiallyLoaded:1 Bounds:IsValid=true, Min=(X=178.537 Y=1122.045 Z=-24.835), Max=(X=985.073 Y=1892.630 Z=737.811) RuntimeGrid:None EditorOnly:0 RuntimeOnly:0 HLODRelevant:0
 |   |   |- [+] [ 24]
 |   |   |   |- Guid:0D8E232A42F97A7855E3728F2BDE0E0D BaseClass:/Game/Blueprints/Objects/Grass.Grass_C NativeClass:/Script/Engine.Actor Name:NewBlueprint_C_UAID_8C8CAAAC26B8434F01_1340396423 Label:NewBlueprint20 SpatiallyLoaded:1 Bounds:IsValid=true, Min=(X=2981.048 Y=1161.243 Z=-89.124), Max=(X=3733.095 Y=1916.021 Z=64.760) RuntimeGrid:None EditorOnly:0 RuntimeOnly:0 HLODRelevant:0
 |   |   |- [+] [ 25]
 |   |   |   |- Guid:E1A4528642C65F72B32A6590D9909916 BaseClass:/Game/Blueprints/Objects/Grass.Grass_C NativeClass:/Script/Engine.Actor Name:NewBlueprint_C_UAID_8C8CAAAC26B8434F01_1283544413 Label:NewBlueprint10 SpatiallyLoaded:1 Bounds:IsValid=true, Min=(X=2746.119 Y=1107.487 Z=-89.124), Max=(X=3498.166 Y=1862.264 Z=64.760) RuntimeGrid:None EditorOnly:0 RuntimeOnly:0 HLODRelevant:0
 |   |   |- [+] [ 26]
 |   |   |   |- Guid:B6A83AB042C9FDDEACD6F9B33B7AE0B7 BaseClass: NativeClass:/Script/Engine.ExponentialHeightFog Name:ExponentialHeightFog_0 Label:ExponentialHeightFog SpatiallyLoaded:0 Bounds:IsValid=true, Min=(X=-5600.000 Y=-50.000 Z=-6850.000), Max=(X=-5600.000 Y=-50.000 Z=-6850.000) RuntimeGrid:None EditorOnly:0 RuntimeOnly:0 HLODRelevant:0 FolderPath:Lighting FolderGuid:963EC3EB4002CCE9759E2EBA541A873A
 |   |   |- [+] [ 27]
 |   |   |   |- Guid:6B7D95DE47BEC323F5970186189B9A6A BaseClass:/Game/Blueprints/Objects/Grass.Grass_C NativeClass:/Script/Engine.Actor Name:NewBlueprint_C_UAID_8C8CAAAC26B8434F01_1340394422 Label:NewBlueprint19 SpatiallyLoaded:1 Bounds:IsValid=true, Min=(X=3266.119 Y=1387.487 Z=-89.124), Max=(X=4018.166 Y=2142.264 Z=64.760) RuntimeGrid:None EditorOnly:0 RuntimeOnly:0 HLODRelevant:0
 |   |   |- [+] [ 28]
 |   |   |   |- Guid:FD714F804C16457B71510FBB3F7B809B BaseClass:/Game/Blueprints/Objects/Grass.Grass_C NativeClass:/Script/Engine.Actor Name:NewBlueprint_C_UAID_8C8CAAAC26B8434F01_1403204428 Label:NewBlueprint25 SpatiallyLoaded:1 Bounds:IsValid=true, Min=(X=2458.353 Y=517.741 Z=-89.124), Max=(X=3019.978 Y=1036.014 Z=64.760) RuntimeGrid:None EditorOnly:0 RuntimeOnly:0 HLODRelevant:0
 |   |   |- [+] [ 29]
 |   |   |   |- Guid:D5F89A8E48134F3D55907EAF7425FA7E BaseClass:/Game/Blueprints/Objects/Tree.Tree_C NativeClass:/Script/Engine.Actor Name:Tree_C_UAID_8C8CAAAC26B8464F01_1888929983 Label:Tree13 SpatiallyLoaded:1 Bounds:IsValid=true, Min=(X=-277.541 Y=429.123 Z=-24.835), Max=(X=528.995 Y=1199.708 Z=737.811) RuntimeGrid:None EditorOnly:0 RuntimeOnly:0 HLODRelevant:0
 |   |   |- [+] [ 30]
 |   |   |   |- Guid:2CF7D02240F8505DEBFD9CB36820B048 BaseClass:/Game/Blueprints/Objects/Grass.Grass_C NativeClass:/Script/Engine.Actor Name:NewBlueprint_C_UAID_8C8CAAAC26B8434F01_1422310430 Label:NewBlueprint27 SpatiallyLoaded:1 Bounds:IsValid=true, Min=(X=277.741 Y=1400.022 Z=-89.124), Max=(X=796.014 Y=1961.647 Z=64.760) RuntimeGrid:None EditorOnly:0 RuntimeOnly:0 HLODRelevant:0
 |   |   |- [+] [ 31]
 |   |   |   |- Guid:0D6888CA42C6933D1D7E9993951DBDD3 BaseClass:/Game/Blueprints/Objects/Tree.Tree_C NativeClass:/Script/Engine.Actor Name:Tree_C_UAID_8C8CAAAC26B8464F01_1878793980 Label:Tree10 SpatiallyLoaded:1 Bounds:IsValid=true, Min=(X=853.231 Y=1118.599 Z=-47.252), Max=(X=2287.621 Y=2561.183 Z=1096.717) RuntimeGrid:None EditorOnly:0 RuntimeOnly:0 HLODRelevant:0
 |   |   |- [+] [ 32]
 |   |   |   |- Guid:0744E18D4EBE4F1C554F92BCC29C5291 BaseClass:/Game/Blueprints/Objects/Grass.Grass_C NativeClass:/Script/Engine.Actor Name:NewBlueprint_C_UAID_8C8CAAAC26B8434F01_1268364412 Label:NewBlueprint9 SpatiallyLoaded:1 Bounds:IsValid=true, Min=(X=1491.048 Y=331.243 Z=-89.124), Max=(X=2243.095 Y=1086.021 Z=64.760) RuntimeGrid:None EditorOnly:0 RuntimeOnly:0 HLODRelevant:0
 |   |   |- [+] [ 33]
 |   |   |   |- Guid:CC5AEB4D45DA7EC3E6EAA38DEC53F56B BaseClass:/Game/Blueprints/Objects/Grass.Grass_C NativeClass:/Script/Engine.Actor Name:NewBlueprint_C_UAID_8C8CAAAC26B8434F01_1373286427 Label:NewBlueprint24 SpatiallyLoaded:1 Bounds:IsValid=true, Min=(X=1746.439 Y=2044.067 Z=-89.124), Max=(X=2345.596 Y=2677.996 Z=64.760) RuntimeGrid:None EditorOnly:0 RuntimeOnly:0 HLODRelevant:0
 |   |   |- [+] [ 34]
 |   |   |   |- Guid:8117A5A547369D0591ED4C8B63C4270E BaseClass: NativeClass:/Script/Engine.WorldDataLayers Name:WorldDataLayers Label:WorldDataLayers SpatiallyLoaded:0 Bounds:IsValid=true, Min=(X=0.000 Y=0.000 Z=0.000), Max=(X=0.000 Y=0.000 Z=0.000) RuntimeGrid:None EditorOnly:0 RuntimeOnly:0 HLODRelevant:0
 |   |   |- [+] [ 35]
 |   |   |   |- Guid:A2ED37B64A7D9AF47EB58BAEC3D4EC49 BaseClass: NativeClass:/Script/Engine.VolumetricCloud Name:VolumetricCloud_0 Label:VolumetricCloud SpatiallyLoaded:0 Bounds:IsValid=true, Min=(X=0.000 Y=0.000 Z=820.000), Max=(X=0.000 Y=0.000 Z=820.000) RuntimeGrid:None EditorOnly:0 RuntimeOnly:0 HLODRelevant:0 FolderPath:Lighting FolderGuid:963EC3EB4002CCE9759E2EBA541A873A
 |   |   |- [+] [ 36]
 |   |   |   |- Guid:1075DBF741AFC66F2EB9BABD63C19145 BaseClass:/Game/Blueprints/Objects/Tree.Tree_C NativeClass:/Script/Engine.Actor Name:Tree_C_UAID_8C8CAAAC26B8464F01_1857094977 Label:Tree9 SpatiallyLoaded:1 Bounds:IsValid=true, Min=(X=2776.984 Y=1035.185 Z=-124.835), Max=(X=3714.948 Y=1956.926 Z=637.811) RuntimeGrid:None EditorOnly:0 RuntimeOnly:0 HLODRelevant:0
 |   |   |- [+] [ 37]
 |   |   |   |- Guid:F3E4E9F04F5C1F2B538716A54AF2FEE1 BaseClass:/Game/Blueprints/Objects/Grass.Grass_C NativeClass:/Script/Engine.Actor Name:NewBlueprint_C_UAID_8C8CAAAC26B8434F01_1437554432 Label:NewBlueprint29 SpatiallyLoaded:1 Bounds:IsValid=true, Min=(X=1973.625 Y=170.869 Z=-89.124), Max=(X=2579.935 Y=809.690 Z=64.760) RuntimeGrid:None EditorOnly:0 RuntimeOnly:0 HLODRelevant:0
 |   |   |- [+] [ 38]
 |   |   |   |- Guid:A703BAEA41357EA0102AB88DEADF2EDB BaseClass:/Game/Blueprints/Objects/Grass.Grass_C NativeClass:/Script/Engine.Actor Name:NewBlueprint_C_UAID_8C8CAAAC26B8464F01_1765861972 Label:NewBlueprint37 SpatiallyLoaded:1 Bounds:IsValid=true, Min=(X=2950.012 Y=692.369 Z=-89.124), Max=(X=3646.285 Y=1362.333 Z=64.760) RuntimeGrid:None EditorOnly:0 RuntimeOnly:0 HLODRelevant:0
 |   |   |- [+] [ 39]
 |   |   |   |- Guid:38C10DA645BF17000A33399FCDC085ED BaseClass:/Game/Blueprints/Objects/Tree.Tree_C NativeClass:/Script/Engine.Actor Name:Tree_C_UAID_8C8CAAAC26B8464F01_2032465987 Label:Tree17 SpatiallyLoaded:1 Bounds:IsValid=true, Min=(X=1841.005 Y=210.292 Z=-134.835), Max=(X=2647.541 Y=980.877 Z=627.811) RuntimeGrid:None EditorOnly:0 RuntimeOnly:0 HLODRelevant:0
 |   |   |- [+] [ 40]
 |   |   |   |- Guid:7E9EB5D4490848667F415B8F583BDC12 BaseClass:/Game/Blueprints/Objects/Grass.Grass_C NativeClass:/Script/Engine.Actor Name:NewBlueprint_C_UAID_8C8CAAAC26B8434F01_1529772435 Label:NewBlueprint32 SpatiallyLoaded:1 Bounds:IsValid=true, Min=(X=143.657 Y=-265.476 Z=-89.124), Max=(X=892.631 Y=490.768 Z=64.760) RuntimeGrid:None EditorOnly:0 RuntimeOnly:0 HLODRelevant:0
 |   |   |- [+] [ 41]
 |   |   |   |- Guid:4AD75F0349F4945E2427B3A8726D8542 BaseClass:/Game/Blueprints/Objects/Grass.Grass_C NativeClass:/Script/Engine.Actor Name:NewBlueprint_C_UAID_8C8CAAAC26B8434F01_1544585438 Label:NewBlueprint35 SpatiallyLoaded:1 Bounds:IsValid=true, Min=(X=-87.160 Y=725.502 Z=-89.124), Max=(X=637.839 Y=1463.150 Z=64.760) RuntimeGrid:None EditorOnly:0 RuntimeOnly:0 HLODRelevant:0
 |   |   |- [+] [ 42]
 |   |   |   |- Guid:2F89BFBC442F58AA0A3DED8CFAC4EB36 BaseClass:/Game/Blueprints/Objects/Tree.Tree_C NativeClass:/Script/Engine.Actor Name:Tree_C_UAID_8C8CAAAC26B8464F01_1910299986 Label:Tree16 SpatiallyLoaded:1 Bounds:IsValid=true, Min=(X=1851.778 Y=1761.685 Z=-24.835), Max=(X=2813.501 Y=2717.945 Z=737.811) RuntimeGrid:None EditorOnly:0 RuntimeOnly:0 HLODRelevant:0
 |   |   |- [+] [ 43]
 |   |   |   |- Guid:1A7AE7B047159A3D499829A86ACB03A8 BaseClass:/Game/Blueprints/Objects/Tree.Tree_C NativeClass:/Script/Engine.Actor Name:Tree_C_UAID_8C8CAAAC26B8464F01_1878795981 Label:Tree11 SpatiallyLoaded:1 Bounds:IsValid=true, Min=(X=1458.943 Y=1949.723 Z=-24.835), Max=(X=2161.803 Y=2608.262 Z=737.811) RuntimeGrid:None EditorOnly:0 RuntimeOnly:0 HLODRelevant:0
 |   |   |- [+] [ 44]
 |   |   |   |- Guid:552E385D4F9D04F1A518A8B6FCAD0ABE BaseClass:/Game/Blueprints/Objects/Tree.Tree_C NativeClass:/Script/Engine.Actor Name:Tree_C_UAID_8C8CAAAC26B8464F01_2075108991 Label:Tree21 SpatiallyLoaded:1 Bounds:IsValid=true, Min=(X=-277.541 Y=-120.877 Z=-104.835), Max=(X=528.995 Y=649.708 Z=657.811) RuntimeGrid:None EditorOnly:0 RuntimeOnly:0 HLODRelevant:0
 |   |   |- [+] [ 45]
 |   |   |   |- Guid:2C57DF1348EF65C77BFDBD9135839A09 BaseClass:/Game/Blueprints/Objects/Grass.Grass_C NativeClass:/Script/Engine.Actor Name:NewBlueprint_C_UAID_8C8CAAAC26B8434F01_1319294420 Label:NewBlueprint17 SpatiallyLoaded:1 Bounds:IsValid=true, Min=(X=1253.625 Y=250.869 Z=-89.124), Max=(X=1859.935 Y=889.690 Z=64.760) RuntimeGrid:None EditorOnly:0 RuntimeOnly:0 HLODRelevant:0
 |   |   |- [+] [ 46]
 |   |   |   |- Guid:BB7C83DE44974740320F4985F9EF8C68 BaseClass:/Game/Blueprints/Objects/Grass.Grass_C NativeClass:/Script/Engine.Actor Name:NewBlueprint_C_UAID_8C8CAAAC26B83D4F01_1498292338 Label:NewBlueprint7 SpatiallyLoaded:1 Bounds:IsValid=true, Min=(X=1383.625 Y=1510.869 Z=-89.124), Max=(X=1989.935 Y=2149.690 Z=64.760) RuntimeGrid:None EditorOnly:0 RuntimeOnly:0 HLODRelevant:0
 |   |   |- [+] [ 47]
 |   |   |   |- Guid:0713C7C34609505973796AABE83C52ED BaseClass:/Game/Blueprints/Objects/Grass.Grass_C NativeClass:/Script/Engine.Actor Name:NewBlueprint_C_UAID_8C8CAAAC26B8434F01_1437557433 Label:NewBlueprint30 SpatiallyLoaded:1 Bounds:IsValid=true, Min=(X=1496.289 Y=-24.064 Z=-114.152), Max=(X=2250.961 Y=734.503 Z=88.993) RuntimeGrid:None EditorOnly:0 RuntimeOnly:0 HLODRelevant:0
 |   |   |- [+] [ 48]
 |   |   |   |- Guid:F62682044DA0720F29CC45B39DD901C1 BaseClass:/Game/Blueprints/Objects/Grass.Grass_C NativeClass:/Script/Engine.Actor Name:NewBlueprint_C_UAID_8C8CAAAC26B8434F01_1340398424 Label:NewBlueprint21 SpatiallyLoaded:1 Bounds:IsValid=true, Min=(X=2773.657 Y=1634.524 Z=-89.124), Max=(X=3522.631 Y=2390.768 Z=64.760) RuntimeGrid:None EditorOnly:0 RuntimeOnly:0 HLODRelevant:0
 |   |   |- [+] [ 49]
 |   |   |   |- Guid:AC7A32914F38931FED7CD3AE0FC6F1F6 BaseClass:/Game/Blueprints/Objects/Grass.Grass_C NativeClass:/Script/Engine.Actor Name:NewBlueprint_C_UAID_8C8CAAAC26B8434F01_1283547414 Label:NewBlueprint11 SpatiallyLoaded:1 Bounds:IsValid=true, Min=(X=2490.012 Y=822.369 Z=-69.124), Max=(X=3186.285 Y=1492.333 Z=84.760) RuntimeGrid:None EditorOnly:0 RuntimeOnly:0 HLODRelevant:0
 |   |   |- [+] [ 50]
 |   |   |   |- Guid:4E5EB3B9430A41E002419A8D7D7ADF71 BaseClass:/Game/Blueprints/Objects/Tree.Tree_C NativeClass:/Script/Engine.Actor Name:Tree_C_UAID_8C8CAAAC26B8464F01_1770985973 Label:Tree5 SpatiallyLoaded:1 Bounds:IsValid=true, Min=(X=2171.005 Y=610.292 Z=-24.835), Max=(X=2977.541 Y=1380.877 Z=737.811) RuntimeGrid:None EditorOnly:0 RuntimeOnly:0 HLODRelevant:0
 |   |   |- [+] [ 51]
 |   |   |   |- Guid:5397459F40AF8E446087D099DB81CF71 BaseClass: NativeClass:/Script/Engine.DirectionalLight Name:DirectionalLight_0 Label:DirectionalLight SpatiallyLoaded:0 Bounds:IsValid=true, Min=(X=-4398046511104.000 Y=-4398046511104.000 Z=-4398046511104.000), Max=(X=4398046511104.000 Y=4398046511104.000 Z=4398046511104.000) RuntimeGrid:None EditorOnly:0 RuntimeOnly:0 HLODRelevant:0 FolderPath:Lighting FolderGuid:963EC3EB4002CCE9759E2EBA541A873A
 |   |   |- [+] [ 52]
 |   |   |   |- Guid:B28897884F9CE75856FEB6840C00CB5B BaseClass:/Game/Blueprints/Objects/Grass.Grass_C NativeClass:/Script/Engine.Actor Name:NewBlueprint_C_UAID_8C8CAAAC26B8434F01_1422307429 Label:NewBlueprint26 SpatiallyLoaded:1 Bounds:IsValid=true, Min=(X=-197.160 Y=1085.502 Z=-89.124), Max=(X=527.839 Y=1823.150 Z=64.760) RuntimeGrid:None EditorOnly:0 RuntimeOnly:0 HLODRelevant:0
 |   |   |- [+] [ 53]
 |   |   |   |- Guid:50A25A0E494215ECFD16619A3A2E35EC BaseClass:/Game/Blueprints/Objects/Grass.Grass_C NativeClass:/Script/Engine.Actor Name:NewBlueprint_C_UAID_8C8CAAAC26B8434F01_1261142411 Label:NewBlueprint8 SpatiallyLoaded:1 Bounds:IsValid=true, Min=(X=1973.625 Y=530.869 Z=-89.124), Max=(X=2579.935 Y=1169.690 Z=64.760) RuntimeGrid:None EditorOnly:0 RuntimeOnly:0 HLODRelevant:0
 |   |   |- [+] [ 54]
 |   |   |   |- Guid:E66477F74743637EE32A319C0707277F BaseClass:/Game/Blueprints/Objects/Grass.Grass_C NativeClass:/Script/Engine.Actor Name:NewBlueprint_C_UAID_8C8CAAAC26B8434F01_1538055437 Label:NewBlueprint34 SpatiallyLoaded:1 Bounds:IsValid=true, Min=(X=-366.343 Y=414.524 Z=-89.124), Max=(X=382.631 Y=1170.768 Z=64.760) RuntimeGrid:None EditorOnly:0 RuntimeOnly:0 HLODRelevant:0
 |   |   |- [+] [ 55]
 |   |   |   |- Guid:85F315544DC5F45CF28EF197A9C8D1AA BaseClass:/Game/Blueprints/Objects/Tree.Tree_C NativeClass:/Script/Engine.Actor Name:Tree_C_UAID_8C8CAAAC26B8464F01_1757367971 Label:Tree4 SpatiallyLoaded:1 Bounds:IsValid=true, Min=(X=1411.005 Y=100.292 Z=-484.835), Max=(X=2217.541 Y=870.877 Z=277.811) RuntimeGrid:None EditorOnly:0 RuntimeOnly:0 HLODRelevant:0
 |   |   |- [+] [ 56]
 |   |   |   |- Guid:85E440FD4FCA8902354A63BB5BEBC4CF BaseClass:/Game/Blueprints/Objects/Tree.Tree_C NativeClass:/Script/Engine.Actor Name:Tree_C_UAID_8C8CAAAC26B8464F01_2065721990 Label:Tree20 SpatiallyLoaded:1 Bounds:IsValid=true, Min=(X=-277.541 Y=-10.877 Z=-494.835), Max=(X=528.995 Y=759.708 Z=267.811) RuntimeGrid:None EditorOnly:0 RuntimeOnly:0 HLODRelevant:0
 |   |   |- [+] [ 57]
 |   |   |   |- Guid:CB0C3B6E4CADE1129BCE63895C126DF2 BaseClass:/Game/Blueprints/Objects/Grass.Grass_C NativeClass:/Script/Engine.Actor Name:NewBlueprint_C_UAID_8C8CAAAC26B8434F01_1340400425 Label:NewBlueprint22 SpatiallyLoaded:1 Bounds:IsValid=true, Min=(X=1653.327 Y=1520.005 Z=-89.124), Max=(X=2378.327 Y=2257.653 Z=64.760) RuntimeGrid:None EditorOnly:0 RuntimeOnly:0 HLODRelevant:0
 |   |   |- [+] [ 58]
 |   |   |   |- Guid:A0352ECF4D78408AF7AE9FAFDB70E8AE BaseClass:/Game/Blueprints/Objects/Grass.Grass_C NativeClass:/Script/Engine.Actor Name:NewBlueprint_C_UAID_8C8CAAAC26B8434F01_1309151419 Label:NewBlueprint16 SpatiallyLoaded:1 Bounds:IsValid=true, Min=(X=887.741 Y=1280.022 Z=-89.124), Max=(X=1406.014 Y=1841.647 Z=64.760) RuntimeGrid:None EditorOnly:0 RuntimeOnly:0 HLODRelevant:0
 |   |   |- [+] [ 59]
 |   |   |   |- Guid:29C4E7D64E52E0498743D4806803F778 BaseClass:/Game/Blueprints/Objects/Tree.Tree_C NativeClass:/Script/Engine.Actor Name:Tree_C_UAID_8C8CAAAC26B8464F01_1900536984 Label:Tree14 SpatiallyLoaded:1 Bounds:IsValid=true, Min=(X=2829.731 Y=1449.517 Z=-24.835), Max=(X=3532.590 Y=2108.056 Z=737.811) RuntimeGrid:None EditorOnly:0 RuntimeOnly:0 HLODRelevant:0
 |   |   |- [+] [ 60]
 |   |   |   |- Guid:42CDAA7F42B9840C1A14EB8AC442648C BaseClass:/Game/Blueprints/Objects/Grass.Grass_C NativeClass:/Script/Engine.Actor Name:NewBlueprint_C_UAID_8C8CAAAC26B8434F01_1319297421 Label:NewBlueprint18 SpatiallyLoaded:1 Bounds:IsValid=true, Min=(X=847.491 Y=114.399 Z=-89.124), Max=(X=1446.648 Y=748.328 Z=64.760) RuntimeGrid:None EditorOnly:0 RuntimeOnly:0 HLODRelevant:0
 |   |   |- [+] [ 61]
 |   |   |   |- Guid:4345FE274464F6D95B62089B1FEC0353 BaseClass:/Game/Blueprints/Objects/Grass.Grass_C NativeClass:/Script/Engine.Actor Name:NewBlueprint_C_UAID_8C8CAAAC26B8434F01_1295263415 Label:NewBlueprint12 SpatiallyLoaded:1 Bounds:IsValid=true, Min=(X=2453.625 Y=1700.869 Z=-89.124), Max=(X=3059.935 Y=2339.690 Z=64.760) RuntimeGrid:None EditorOnly:0 RuntimeOnly:0 HLODRelevant:0
 |   |   |- [+] [ 62]
 |   |   |   |- Guid:8758AD064970DDBADAD39EA98DDF7525 BaseClass: NativeClass:/Script/Engine.StaticMeshActor Name:StaticMeshActor_UAID_8C8CAAAC26B8474F01_1831395168 Label:Cube SpatiallyLoaded:1 Bounds:IsValid=true, Min=(X=-422.994 Y=1467.526 Z=-1777.500), Max=(X=3322.994 Y=2912.474 Z=497.500) RuntimeGrid:None EditorOnly:0 RuntimeOnly:0 HLODRelevant:1
 |   |   |- [+] [ 63]
 |   |   |   |- Guid:90DA9DBC4F42BAEC92150D98E8CBC32A BaseClass: NativeClass:/Script/Engine.StaticMeshActor Name:StaticMeshActor_UAID_8C8CAAAC26B8484F01_1182633345 Label:Cube2 SpatiallyLoaded:1 Bounds:IsValid=true, Min=(X=167.006 Y=-122.474 Z=-1777.500), Max=(X=3912.994 Y=1322.474 Z=497.500) RuntimeGrid:None EditorOnly:0 RuntimeOnly:0 HLODRelevant:1
 |   |   |- [+] [ 64]
 |   |   |   |- Guid:326E9B3E433144FA6CB68C85CA19C20D BaseClass: NativeClass:/Script/Engine.StaticMeshActor Name:StaticMeshActor_UAID_8C8CAAAC26B8484F01_1189393346 Label:Cube3 SpatiallyLoaded:1 Bounds:IsValid=true, Min=(X=-602.474 Y=-1272.994 Z=-1777.500), Max=(X=842.474 Y=2472.994 Z=497.500) RuntimeGrid:None EditorOnly:0 RuntimeOnly:0 HLODRelevant:1
 |   |   |- [+] [ 65]
 |   |   |   |- Guid:2E5E0EA748050C3015E2B7B2B4BDED50 BaseClass: NativeClass:/Script/Engine.StaticMeshActor Name:StaticMeshActor_UAID_8C8CAAAC26B8484F01_1204364347 Label:Cube4 SpatiallyLoaded:1 Bounds:IsValid=true, Min=(X=2677.526 Y=-322.994 Z=-1777.500), Max=(X=4122.474 Y=3422.994 Z=497.500) RuntimeGrid:None EditorOnly:0 RuntimeOnly:0 HLODRelevant:1
 |- ContainerInstances:
 |- [+] MainContainer:
 |   |-        ID: 0x0000000000000000
 |   |-    Bounds: IsValid=false, Min=(X=0.000 Y=0.000 Z=0.000), Max=(X=0.000 Y=0.000 Z=0.000)
 |   |- Transform: 0.000000,0.000000,0.000000|0.000000,0.000000,-0.000000|1.000000,1.000000,1.000000
 |   |- Container: /Game/Scenes/Lvl1
----------------------------------------------------------------------------------------------------------------
Lvl1 - Persistent Level
----------------------------------------------------------------------------------------------------------------
Always loaded Actor Count: 73 

----------------------------------------------------------------------------------------------------------------
Lvl1 - Runtime Spatial Hash - Streaming Grid - MainGrid
----------------------------------------------------------------------------------------------------------------
            Origin: X=0.000 Y=0.000 Z=0.000
         Cell Size: 12800
      World Bounds: IsValid=false, Min=(X=0.000 Y=0.000 Z=0.000), Max=(X=0.000 Y=0.000 Z=0.000)
     Loading Range: 25600.00
Block Slow Loading: No
 ClientOnlyVisible: No

[+] Grid Levels: 1
 |- Level  0: Cell Count    0 | Cell Size   12800 | Actor Count    0 (0.0%)

[+] Content of Grid Level 0

